Using pre-set license
Built from '2022.3/staging' branch; Version is '2022.3.45f1 (a13dfa44d684) revision 10567162'; Using compiler version '192829333'; Build Type 'Release'
OS: 'Windows 11  (10.0.22631) 64bit Enterprise' Language: 'fr' Physical Memory: 16016 MB
BatchMode: 1, IsHumanControllingUs: 0, StartBugReporterOnCrash: 0, Is64bit: 1, IsPro: 1

COMMAND LINE ARGUMENTS:
C:\Program Files\Unity\Hub\Editor\2022.3.45f1\Editor\Unity.exe
-adb2
-batchMode
-noUpm
-name
AssetImportWorker1
-projectPath
C:/Users/UTCPRET/Desktop/projet-ai38/ProjetAI38
-logFile
Logs/AssetImportWorker1.log
-srvPort
61002
Successfully changed project path to: C:/Users/UTCPRET/Desktop/projet-ai38/ProjetAI38
C:/Users/UTCPRET/Desktop/projet-ai38/ProjetAI38
[UnityMemory] Configuration Parameters - Can be set up in boot.config
    "memorysetup-bucket-allocator-granularity=16"
    "memorysetup-bucket-allocator-bucket-count=8"
    "memorysetup-bucket-allocator-block-size=33554432"
    "memorysetup-bucket-allocator-block-count=8"
    "memorysetup-main-allocator-block-size=16777216"
    "memorysetup-thread-allocator-block-size=16777216"
    "memorysetup-gfx-main-allocator-block-size=16777216"
    "memorysetup-gfx-thread-allocator-block-size=16777216"
    "memorysetup-cache-allocator-block-size=4194304"
    "memorysetup-typetree-allocator-block-size=2097152"
    "memorysetup-profiler-bucket-allocator-granularity=16"
    "memorysetup-profiler-bucket-allocator-bucket-count=8"
    "memorysetup-profiler-bucket-allocator-block-size=33554432"
    "memorysetup-profiler-bucket-allocator-block-count=8"
    "memorysetup-profiler-allocator-block-size=16777216"
    "memorysetup-profiler-editor-allocator-block-size=1048576"
    "memorysetup-temp-allocator-size-main=16777216"
    "memorysetup-job-temp-allocator-block-size=2097152"
    "memorysetup-job-temp-allocator-block-size-background=1048576"
    "memorysetup-job-temp-allocator-reduction-small-platforms=262144"
    "memorysetup-allocator-temp-initial-block-size-main=262144"
    "memorysetup-allocator-temp-initial-block-size-worker=262144"
    "memorysetup-temp-allocator-size-background-worker=32768"
    "memorysetup-temp-allocator-size-job-worker=262144"
    "memorysetup-temp-allocator-size-preload-manager=33554432"
    "memorysetup-temp-allocator-size-nav-mesh-worker=65536"
    "memorysetup-temp-allocator-size-audio-worker=65536"
    "memorysetup-temp-allocator-size-cloud-worker=32768"
    "memorysetup-temp-allocator-size-gi-baking-worker=262144"
    "memorysetup-temp-allocator-size-gfx=262144"
Player connection [18772]  Target information:

Player connection [18772]  * "[IP] 172.29.41.14 [Port] 0 [Flags] 2 [Guid] 689112112 [EditorId] 689112112 [Version] 1048832 [Id] WindowsEditor(7,PRFEPORTETU03) [Debug] 1 [PackageName] WindowsEditor [ProjectName] Editor" 

Player connection [18772]  * "[IP] 192.168.56.1 [Port] 0 [Flags] 2 [Guid] 689112112 [EditorId] 689112112 [Version] 1048832 [Id] WindowsEditor(7,PRFEPORTETU03) [Debug] 1 [PackageName] WindowsEditor [ProjectName] Editor" 

Player connection [18772] Host joined multi-casting on [225.0.0.222:54997]...
Player connection [18772] Host joined alternative multi-casting on [225.0.0.222:34997]...
[PhysX] Initialized MultithreadedTaskDispatcher with 8 workers.
Refreshing native plugins compatible for Editor in 42.48 ms, found 12 plugins.
Preloading 1 native plugins for Editor in 1.24 ms.
Initialize engine version: 2022.3.45f1 (a13dfa44d684)
[Subsystems] Discovering subsystems at path C:/Program Files/Unity/Hub/Editor/2022.3.45f1/Editor/Data/Resources/UnitySubsystems
[Subsystems] Discovering subsystems at path C:/Users/UTCPRET/Desktop/projet-ai38/ProjetAI38/Assets
GfxDevice: creating device client; threaded=0; jobified=0
Direct3D:
    Version:  Direct3D 11.0 [level 11.1]
    Renderer: Intel(R) UHD Graphics (ID=0x46b3)
    Vendor:   Intel
    VRAM:     8008 MB
    Driver:   31.0.101.3358
Initialize mono
Mono path[0] = 'C:/Program Files/Unity/Hub/Editor/2022.3.45f1/Editor/Data/Managed'
Mono path[1] = 'C:/Program Files/Unity/Hub/Editor/2022.3.45f1/Editor/Data/MonoBleedingEdge/lib/mono/unityjit-win32'
Mono config path = 'C:/Program Files/Unity/Hub/Editor/2022.3.45f1/Editor/Data/MonoBleedingEdge/etc'
Using monoOptions --debugger-agent=transport=dt_socket,embedding=1,server=y,suspend=n,address=127.0.0.1:56632
Begin MonoManager ReloadAssembly
Registering precompiled unity dll's ...
Register platform support module: C:/Program Files/Unity/Hub/Editor/2022.3.45f1/Editor/Data/PlaybackEngines/WebGLSupport/UnityEditor.WebGL.Extensions.dll
Register platform support module: C:/Program Files/Unity/Hub/Editor/2022.3.45f1/Editor/Data/PlaybackEngines/WindowsStandaloneSupport/UnityEditor.WindowsStandalone.Extensions.dll
Registered in 0.033961 seconds.
- Loaded All Assemblies, in  0.713 seconds
Native extension for WindowsStandalone target not found
Native extension for WebGL target not found
Mono: successfully reloaded assembly
- Finished resetting the current domain, in  0.839 seconds
Domain Reload Profiling: 1548ms
	BeginReloadAssembly (167ms)
		ExecutionOrderSort (0ms)
		DisableScriptedObjects (0ms)
		BackupInstance (0ms)
		ReleaseScriptingObjects (0ms)
		CreateAndSetChildDomain (1ms)
	RebuildCommonClasses (62ms)
	RebuildNativeTypeToScriptingClass (21ms)
	initialDomainReloadingComplete (135ms)
	LoadAllAssembliesAndSetupDomain (322ms)
		LoadAssemblies (167ms)
		RebuildTransferFunctionScriptingTraits (0ms)
		AnalyzeDomain (316ms)
			TypeCache.Refresh (311ms)
				TypeCache.ScanAssembly (277ms)
			ScanForSourceGeneratedMonoScriptInfo (1ms)
			ResolveRequiredComponents (3ms)
	FinalizeReload (841ms)
		ReleaseScriptCaches (0ms)
		RebuildScriptCaches (0ms)
		SetupLoadedEditorAssemblies (691ms)
			LogAssemblyErrors (0ms)
			InitializePlatformSupportModulesInManaged (47ms)
			SetLoadedEditorAssemblies (16ms)
			RefreshPlugins (0ms)
			BeforeProcessingInitializeOnLoad (9ms)
			ProcessInitializeOnLoadAttributes (439ms)
			ProcessInitializeOnLoadMethodAttributes (179ms)
			AfterProcessingInitializeOnLoad (0ms)
			EditorAssembliesLoaded (0ms)
		ExecutionOrderSort2 (0ms)
		AwakeInstancesAfterBackupRestoration (0ms)
========================================================================
Worker process is ready to serve import requests
Caller must complete domain reload
Begin MonoManager ReloadAssembly
Symbol file data-0000017E040088E0 doesn't match image C:\Users\UTCPRET\Desktop\projet-ai38\ProjetAI38\Library\ScriptAssemblies\Unity.XR.OpenXR.Features.MetaQuestSupport.Editor.dll
Symbol file LoadedFromMemory is not a mono symbol file
Symbol file data-0000017E0400D2F0 doesn't match image C:\Users\UTCPRET\Desktop\projet-ai38\ProjetAI38\Library\ScriptAssemblies\Unity.XR.Management.dll
Symbol file LoadedFromMemory is not a mono symbol file
Symbol file data-0000017DE12D9010 doesn't match image C:\Users\UTCPRET\Desktop\projet-ai38\ProjetAI38\Library\ScriptAssemblies\Unity.XR.Interaction.Toolkit.Editor.dll
Symbol file LoadedFromMemory is not a mono symbol file
Symbol file data-0000017DE16E1010 doesn't match image C:\Users\UTCPRET\Desktop\projet-ai38\ProjetAI38\Library\ScriptAssemblies\Unity.RenderPipelines.Core.Runtime.dll
Symbol file LoadedFromMemory is not a mono symbol file
Symbol file data-0000017DE12F4420 doesn't match image C:\Users\UTCPRET\Desktop\projet-ai38\ProjetAI38\Library\ScriptAssemblies\Unity.Burst.Editor.dll
Symbol file LoadedFromMemory is not a mono symbol file
Symbol file data-0000017DE0EBF290 doesn't match image C:\Users\UTCPRET\Desktop\projet-ai38\ProjetAI38\Library\ScriptAssemblies\Unity.Rider.Editor.dll
Symbol file LoadedFromMemory is not a mono symbol file
Symbol file data-0000017DE0EBF290 doesn't match image C:\Users\UTCPRET\Desktop\projet-ai38\ProjetAI38\Library\ScriptAssemblies\Unity.XR.OpenXR.Features.ConformanceAutomation.dll
Symbol file LoadedFromMemory is not a mono symbol file
Symbol file data-0000017DE0EBF290 doesn't match image C:\Users\UTCPRET\Desktop\projet-ai38\ProjetAI38\Library\ScriptAssemblies\Unity.XR.OpenXR.Features.OculusQuestSupport.Editor.dll
Symbol file LoadedFromMemory is not a mono symbol file
Symbol file data-0000017DE0EBF290 doesn't match image C:\Users\UTCPRET\Desktop\projet-ai38\ProjetAI38\Library\ScriptAssemblies\Unity.RenderPipelines.Universal.Config.Runtime.dll
Symbol file LoadedFromMemory is not a mono symbol file
Symbol file data-0000017DE16E1010 doesn't match image C:\Users\UTCPRET\Desktop\projet-ai38\ProjetAI38\Library\ScriptAssemblies\Unity.RenderPipelines.Core.Editor.dll
Symbol file LoadedFromMemory is not a mono symbol file
Symbol file data-0000017E030ED020 doesn't match image C:\Users\UTCPRET\Desktop\projet-ai38\ProjetAI38\Library\ScriptAssemblies\UnityEditor.TestRunner.dll
Symbol file LoadedFromMemory is not a mono symbol file
Symbol file data-0000017E030ED020 doesn't match image C:\Users\UTCPRET\Desktop\projet-ai38\ProjetAI38\Library\ScriptAssemblies\Unity.VisualScripting.Flow.dll
Symbol file LoadedFromMemory is not a mono symbol file
Symbol file data-0000017DE130EC40 doesn't match image C:\Users\UTCPRET\Desktop\projet-ai38\ProjetAI38\Library\ScriptAssemblies\Unity.Mathematics.Editor.dll
Symbol file LoadedFromMemory is not a mono symbol file
Symbol file data-0000017DE1312850 doesn't match image C:\Users\UTCPRET\Desktop\projet-ai38\ProjetAI38\Library\ScriptAssemblies\Unity.XR.OpenXR.Features.MockRuntime.dll
Symbol file LoadedFromMemory is not a mono symbol file
Symbol file data-0000017DE1312850 doesn't match image C:\Users\UTCPRET\Desktop\projet-ai38\ProjetAI38\Library\ScriptAssemblies\Unity.XR.CoreUtils.dll
Symbol file LoadedFromMemory is not a mono symbol file
Symbol file data-0000017DE1315860 doesn't match image C:\Users\UTCPRET\Desktop\projet-ai38\ProjetAI38\Library\ScriptAssemblies\Unity.TestTools.CodeCoverage.Editor.OpenCover.Mono.Reflection.dll
Symbol file LoadedFromMemory is not a mono symbol file
Symbol file data-0000017DE1315860 doesn't match image C:\Users\UTCPRET\Desktop\projet-ai38\ProjetAI38\Library\ScriptAssemblies\Unity.XR.OpenXR.dll
Symbol file LoadedFromMemory is not a mono symbol file
Symbol file data-0000017DE1319D20 doesn't match image C:\Users\UTCPRET\Desktop\projet-ai38\ProjetAI38\Library\ScriptAssemblies\Unity.XR.OpenXR.Features.MetaQuestSupport.dll
Symbol file LoadedFromMemory is not a mono symbol file
Symbol file data-0000017E03120630 doesn't match image C:\Users\UTCPRET\Desktop\projet-ai38\ProjetAI38\Library\ScriptAssemblies\Unity.Performance.Profile-Analyzer.Editor.dll
Symbol file LoadedFromMemory is not a mono symbol file
Symbol file data-0000017DE131DD30 doesn't match image C:\Users\UTCPRET\Desktop\projet-ai38\ProjetAI38\Library\ScriptAssemblies\Unity.RenderPipelines.Core.ShaderLibrary.dll
Symbol file LoadedFromMemory is not a mono symbol file
Symbol file data-0000017E0375A420 doesn't match image C:\Users\UTCPRET\Desktop\projet-ai38\ProjetAI38\Library\ScriptAssemblies\Unity.TestTools.CodeCoverage.Editor.dll
Symbol file LoadedFromMemory is not a mono symbol file
Symbol file data-0000017E0375A420 doesn't match image C:\Users\UTCPRET\Desktop\projet-ai38\ProjetAI38\Library\ScriptAssemblies\Unity.XR.Management.Editor.dll
Symbol file LoadedFromMemory is not a mono symbol file
Symbol file data-0000017E0313A450 doesn't match image C:\Users\UTCPRET\Desktop\projet-ai38\ProjetAI38\Library\ScriptAssemblies\Unity.XR.Interaction.Toolkit.Samples.StarterAssets.Editor.dll
Symbol file LoadedFromMemory is not a mono symbol file
Symbol file data-0000017E03764830 doesn't match image C:\Users\UTCPRET\Desktop\projet-ai38\ProjetAI38\Library\ScriptAssemblies\Unity.Settings.Editor.dll
Symbol file LoadedFromMemory is not a mono symbol file
Symbol file data-0000017E0313A450 doesn't match image C:\Users\UTCPRET\Desktop\projet-ai38\ProjetAI38\Library\ScriptAssemblies\PPv2URPConverters.dll
Symbol file LoadedFromMemory is not a mono symbol file
Symbol file data-0000017E03B73040 doesn't match image C:\Users\UTCPRET\Desktop\projet-ai38\ProjetAI38\Library\ScriptAssemblies\Unity.XR.CoreUtils.Editor.dll
Symbol file LoadedFromMemory is not a mono symbol file
Symbol file data-0000017E03B73040 doesn't match image C:\Users\UTCPRET\Desktop\projet-ai38\ProjetAI38\Library\ScriptAssemblies\Unity.Tutorials.Core.Editor.dll
Symbol file LoadedFromMemory is not a mono symbol file
Symbol file data-0000017E0377F010 doesn't match image C:\Users\UTCPRET\Desktop\projet-ai38\ProjetAI38\Library\ScriptAssemblies\Unity.TextMeshPro.dll
Symbol file LoadedFromMemory is not a mono symbol file
Symbol file data-0000017E03B73040 doesn't match image C:\Users\UTCPRET\Desktop\projet-ai38\ProjetAI38\Library\ScriptAssemblies\Unity.Burst.CodeGen.dll
Symbol file LoadedFromMemory is not a mono symbol file
Symbol file data-0000017E03B7CBB0 doesn't match image C:\Users\UTCPRET\Desktop\projet-ai38\ProjetAI38\Library\ScriptAssemblies\Unity.XR.OpenXR.Features.OculusQuestSupport.dll
Symbol file LoadedFromMemory is not a mono symbol file
Symbol file data-0000017E03B835C0 doesn't match image C:\Users\UTCPRET\Desktop\projet-ai38\ProjetAI38\Library\ScriptAssemblies\Unity.XR.Oculus.Editor.dll
Symbol file LoadedFromMemory is not a mono symbol file
Symbol file data-0000017E03B8F3D0 doesn't match image C:\Users\UTCPRET\Desktop\projet-ai38\ProjetAI38\Library\ScriptAssemblies\Unity.VSCode.Editor.dll
Symbol file LoadedFromMemory is not a mono symbol file
Symbol file data-0000017E0377F010 doesn't match image C:\Users\UTCPRET\Desktop\projet-ai38\ProjetAI38\Library\ScriptAssemblies\Unity.XR.Interaction.Toolkit.dll
Symbol file LoadedFromMemory is not a mono symbol file
Symbol file data-0000017E0377F010 doesn't match image C:\Users\UTCPRET\Desktop\projet-ai38\ProjetAI38\Library\ScriptAssemblies\Unity.RenderPipelines.Universal.Editor.dll
Symbol file LoadedFromMemory is not a mono symbol file
Symbol file data-0000017DE1A98840 doesn't match image C:\Users\UTCPRET\Desktop\projet-ai38\ProjetAI38\Library\ScriptAssemblies\Unity.XR.OpenXR.Features.RuntimeDebugger.dll
Symbol file LoadedFromMemory is not a mono symbol file
Symbol file data-0000017DE1A98840 doesn't match image C:\Users\UTCPRET\Desktop\projet-ai38\ProjetAI38\Library\ScriptAssemblies\Unity.RenderPipelines.ShaderGraph.ShaderGraphLibrary.dll
Symbol file LoadedFromMemory is not a mono symbol file
Symbol file data-0000017DE1A9D250 doesn't match image C:\Users\UTCPRET\Desktop\projet-ai38\ProjetAI38\Library\ScriptAssemblies\Unity.InternalAPIEditorBridge.007.dll
Symbol file LoadedFromMemory is not a mono symbol file
Symbol file data-0000017DE1A9D250 doesn't match image C:\Users\UTCPRET\Desktop\projet-ai38\ProjetAI38\Library\ScriptAssemblies\Unity.EditorCoroutines.Editor.dll
Symbol file LoadedFromMemory is not a mono symbol file
Symbol file data-0000017DE1A9D250 doesn't match image C:\Users\UTCPRET\Desktop\projet-ai38\ProjetAI38\Library\ScriptAssemblies\Unity.InternalAPIEngineBridge.007.dll
Symbol file LoadedFromMemory is not a mono symbol file
Symbol file data-0000017E03A59020 doesn't match image C:\Users\UTCPRET\Desktop\projet-ai38\ProjetAI38\Library\ScriptAssemblies\Unity.RenderPipelines.Universal.Runtime.dll
Symbol file LoadedFromMemory is not a mono symbol file
Symbol file data-0000017DE1B86640 doesn't match image C:\Users\UTCPRET\Desktop\projet-ai38\ProjetAI38\Library\ScriptAssemblies\UnityEngine.XR.LegacyInputHelpers.dll
Symbol file LoadedFromMemory is not a mono symbol file
Symbol file data-0000017E03AAEC30 doesn't match image C:\Users\UTCPRET\Desktop\projet-ai38\ProjetAI38\Library\ScriptAssemblies\Unity.Burst.dll
Symbol file LoadedFromMemory is not a mono symbol file
Symbol file data-0000017E03642020 doesn't match image C:\Users\UTCPRET\Desktop\projet-ai38\ProjetAI38\Library\ScriptAssemblies\Unity.PlasticSCM.Editor.dll
Symbol file LoadedFromMemory is not a mono symbol file
Symbol file data-0000017E03642020 doesn't match image C:\Users\UTCPRET\Desktop\projet-ai38\ProjetAI38\Library\ScriptAssemblies\Unity.Timeline.Editor.dll
Symbol file LoadedFromMemory is not a mono symbol file
Symbol file data-0000017E035E6820 doesn't match image C:\Users\UTCPRET\Desktop\projet-ai38\ProjetAI38\Library\ScriptAssemblies\Unity.VisualScripting.Shared.Editor.dll
Symbol file LoadedFromMemory is not a mono symbol file
Symbol file data-0000017E03642020 doesn't match image C:\Users\UTCPRET\Desktop\projet-ai38\ProjetAI38\Library\ScriptAssemblies\Unity.ShaderGraph.Editor.dll
Symbol file LoadedFromMemory is not a mono symbol file
Symbol file data-0000017E035E6820 doesn't match image C:\Users\UTCPRET\Desktop\projet-ai38\ProjetAI38\Library\ScriptAssemblies\Unity.Tutorials.Core.dll
Symbol file LoadedFromMemory is not a mono symbol file
Symbol file data-0000017E035E6820 doesn't match image C:\Users\UTCPRET\Desktop\projet-ai38\ProjetAI38\Library\ScriptAssemblies\Unity.CollabProxy.Editor.dll
Symbol file LoadedFromMemory is not a mono symbol file
Symbol file data-0000017E035E6820 doesn't match image C:\Users\UTCPRET\Desktop\projet-ai38\ProjetAI38\Library\ScriptAssemblies\UnityEditor.SpatialTracking.dll
Symbol file LoadedFromMemory is not a mono symbol file
Symbol file data-0000017E0330D450 doesn't match image C:\Users\UTCPRET\Desktop\projet-ai38\ProjetAI38\Library\ScriptAssemblies\Unity.VisualStudio.Editor.dll
Symbol file LoadedFromMemory is not a mono symbol file
Symbol file data-0000017DE191FE30 doesn't match image C:\Users\UTCPRET\Desktop\projet-ai38\ProjetAI38\Library\ScriptAssemblies\UnityEditor.UI.dll
Symbol file LoadedFromMemory is not a mono symbol file
Symbol file data-0000017E03642020 doesn't match image C:\Users\UTCPRET\Desktop\projet-ai38\ProjetAI38\Library\ScriptAssemblies\Unity.VisualScripting.Core.dll
Symbol file LoadedFromMemory is not a mono symbol file
Symbol file data-0000017DE1A9D250 doesn't match image C:\Users\UTCPRET\Desktop\projet-ai38\ProjetAI38\Library\ScriptAssemblies\UnityEngine.SpatialTracking.dll
Symbol file LoadedFromMemory is not a mono symbol file
Symbol file data-0000017E03642020 doesn't match image C:\Users\UTCPRET\Desktop\projet-ai38\ProjetAI38\Library\ScriptAssemblies\Unity.VisualScripting.Core.Editor.dll
Symbol file LoadedFromMemory is not a mono symbol file
Symbol file data-0000017E03AC6A40 doesn't match image C:\Users\UTCPRET\Desktop\projet-ai38\ProjetAI38\Library\ScriptAssemblies\UnityEngine.UI.dll
Symbol file LoadedFromMemory is not a mono symbol file
Symbol file data-0000017DE1A9D250 doesn't match image C:\Users\UTCPRET\Desktop\projet-ai38\ProjetAI38\Library\ScriptAssemblies\UnityEditor.XR.LegacyInputHelpers.dll
Symbol file LoadedFromMemory is not a mono symbol file
Symbol file data-0000017E03AC6A40 doesn't match image C:\Users\UTCPRET\Desktop\projet-ai38\ProjetAI38\Library\ScriptAssemblies\Unity.VisualScripting.Flow.Editor.dll
Symbol file LoadedFromMemory is not a mono symbol file
Symbol file data-0000017DE1A9D250 doesn't match image C:\Users\UTCPRET\Desktop\projet-ai38\ProjetAI38\Library\ScriptAssemblies\Unity.RenderPipeline.Universal.ShaderLibrary.dll
Symbol file LoadedFromMemory is not a mono symbol file
Symbol file data-0000017E0330D450 doesn't match image C:\Users\UTCPRET\Desktop\projet-ai38\ProjetAI38\Library\ScriptAssemblies\Unity.Timeline.dll
Symbol file LoadedFromMemory is not a mono symbol file
Symbol file data-0000017DE11AE6F0 doesn't match image C:\Users\UTCPRET\Desktop\projet-ai38\ProjetAI38\Library\ScriptAssemblies\Unity.InputSystem.dll
Symbol file LoadedFromMemory is not a mono symbol file
Symbol file data-0000017DE1A9D250 doesn't match image C:\Users\UTCPRET\Desktop\projet-ai38\ProjetAI38\Library\ScriptAssemblies\Unity.InputSystem.ForUI.dll
Symbol file LoadedFromMemory is not a mono symbol file
Symbol file data-0000017E0330D450 doesn't match image C:\Users\UTCPRET\Desktop\projet-ai38\ProjetAI38\Library\ScriptAssemblies\Unity.XR.Oculus.dll
Symbol file LoadedFromMemory is not a mono symbol file
Symbol file data-0000017DE1A9D250 doesn't match image C:\Users\UTCPRET\Desktop\projet-ai38\ProjetAI38\Library\ScriptAssemblies\Unity.VisualScripting.SettingsProvider.Editor.dll
Symbol file LoadedFromMemory is not a mono symbol file
Symbol file data-0000017E03AC6A40 doesn't match image C:\Users\UTCPRET\Desktop\projet-ai38\ProjetAI38\Library\ScriptAssemblies\Unity.XR.OpenXR.Editor.dll
Symbol file LoadedFromMemory is not a mono symbol file
Symbol file data-0000017E03ACD450 doesn't match image C:\Users\UTCPRET\Desktop\projet-ai38\ProjetAI38\Library\ScriptAssemblies\Unity.TestTools.CodeCoverage.Editor.OpenCover.Model.dll
Symbol file LoadedFromMemory is not a mono symbol file
Symbol file data-0000017E03AD2220 doesn't match image C:\Users\UTCPRET\Desktop\projet-ai38\ProjetAI38\Library\ScriptAssemblies\UnityEngine.TestRunner.dll
Symbol file LoadedFromMemory is not a mono symbol file
Symbol file data-0000017E036C8650 doesn't match image C:\Users\UTCPRET\Desktop\projet-ai38\ProjetAI38\Library\ScriptAssemblies\Unity.VisualScripting.State.Editor.dll
Symbol file LoadedFromMemory is not a mono symbol file
Symbol file data-0000017DE11C6F00 doesn't match image C:\Users\UTCPRET\Desktop\projet-ai38\ProjetAI38\Library\ScriptAssemblies\Unity.Mathematics.dll
Symbol file LoadedFromMemory is not a mono symbol file
Symbol file data-0000017E036C8650 doesn't match image C:\Users\UTCPRET\Desktop\projet-ai38\ProjetAI38\Library\ScriptAssemblies\Unity.RenderPipelines.Universal.Shaders.dll
Symbol file LoadedFromMemory is not a mono symbol file
Symbol file data-0000017E03AD2220 doesn't match image C:\Users\UTCPRET\Desktop\projet-ai38\ProjetAI38\Library\ScriptAssemblies\Unity.TextMeshPro.Editor.dll
Symbol file LoadedFromMemory is not a mono symbol file
Symbol file data-0000017E03AD2220 doesn't match image C:\Users\UTCPRET\Desktop\projet-ai38\ProjetAI38\Library\ScriptAssemblies\Unity.Searcher.Editor.dll
Symbol file LoadedFromMemory is not a mono symbol file
Symbol file data-0000017DE120F920 doesn't match image C:\Users\UTCPRET\Desktop\projet-ai38\ProjetAI38\Library\ScriptAssemblies\Unity.XR.OpenXR.Features.RuntimeDebugger.Editor.dll
Symbol file LoadedFromMemory is not a mono symbol file
Symbol file data-0000017DE1217730 doesn't match image C:\Users\UTCPRET\Desktop\projet-ai38\ProjetAI38\Library\ScriptAssemblies\Unity.VisualScripting.State.dll
Symbol file LoadedFromMemory is not a mono symbol file
Symbol file data-0000017DE1222B40 doesn't match image C:\Users\UTCPRET\Desktop\projet-ai38\ProjetAI38\Library\ScriptAssemblies\Unity.XR.Interaction.Toolkit.Samples.StarterAssets.dll
Symbol file LoadedFromMemory is not a mono symbol file
Symbol file data-0000017DE1222B40 doesn't match image C:\Users\UTCPRET\Desktop\projet-ai38\ProjetAI38\Library\ScriptAssemblies\Unity.ShaderGraph.Utilities.dll
Symbol file LoadedFromMemory is not a mono symbol file
Symbol file data-0000017DE12ABE10 doesn't match image C:\Users\UTCPRET\Desktop\projet-ai38\ProjetAI38\Library\ScriptAssemblies\Unity.InputSystem.TestFramework.dll
Symbol file LoadedFromMemory is not a mono symbol file
- Loaded All Assemblies, in  1.459 seconds
Native extension for WindowsStandalone target not found
Native extension for WebGL target not found
Package Manager log level set to [2]
[Package Manager] Server::EnsureServerProcessIsRunning -- launch failed, reason: Unity was launched with the -noUpm command-line argument
[Package Manager] UpmClient::Send -- Unable to send message (not connected to UPM process).
[Package Manager] Cannot connect to Unity Package Manager local server
[Package Manager] Server::EnsureServerProcessIsRunning -- launch failed, reason: Unity was launched with the -noUpm command-line argument
[Package Manager] UpmClient::Send -- Unable to send message (not connected to UPM process).
[Package Manager] Cannot connect to Unity Package Manager local server
System.Reflection.TargetInvocationException: Exception has been thrown by the target of an invocation. ---> System.NullReferenceException: Object reference not set to an instance of an object
  at Unity.XR.Oculus.OculusLoader.AssetPathToAbsolutePath (System.String assetPath) [0x00043] in <193f2dce100f44e996057942cfa9d13a>:0 
  at Unity.XR.Oculus.OculusLoader.EditorLoadOVRPlugin () [0x0008c] in <193f2dce100f44e996057942cfa9d13a>:0 
  at (wrapper managed-to-native) System.Reflection.RuntimeMethodInfo.InternalInvoke(System.Reflection.RuntimeMethodInfo,object,object[],System.Exception&)
  at System.Reflection.RuntimeMethodInfo.Invoke (System.Object obj, System.Reflection.BindingFlags invokeAttr, System.Reflection.Binder binder, System.Object[] parameters, System.Globalization.CultureInfo culture) [0x0006a] in <8ce0bd04a7a04b4b9395538239d3fdd8>:0 
   --- End of inner exception stack trace ---
  at System.Reflection.RuntimeMethodInfo.Invoke (System.Object obj, System.Reflection.BindingFlags invokeAttr, System.Reflection.Binder binder, System.Object[] parameters, System.Globalization.CultureInfo culture) [0x00083] in <8ce0bd04a7a04b4b9395538239d3fdd8>:0 
  at System.Reflection.MethodBase.Invoke (System.Object obj, System.Object[] parameters) [0x00000] in <8ce0bd04a7a04b4b9395538239d3fdd8>:0 
  at UnityEditor.EditorAssemblies.ProcessInitializeOnLoadMethodAttributes () [0x000a5] in <0ab653b677424c84aa7f1e3350b765bc>:0 
UnityEngine.StackTraceUtility:ExtractStackTrace ()
UnityEngine.DebugLogHandler:LogFormat (UnityEngine.LogType,UnityEngine.Object,string,object[])
UnityEngine.Logger:Log (UnityEngine.LogType,object)
UnityEngine.Debug:LogError (object)
UnityEditor.EditorAssemblies:ProcessInitializeOnLoadMethodAttributes ()

Mono: successfully reloaded assembly
[Package Manager] Server::EnsureServerProcessIsRunning -- launch failed, reason: Unity was launched with the -noUpm command-line argument
[Package Manager] UpmClient::Send -- Unable to send message (not connected to UPM process).
[Package Manager] Cannot connect to Unity Package Manager local server
[Package Manager] Server::EnsureServerProcessIsRunning -- launch failed, reason: Unity was launched with the -noUpm command-line argument
[Package Manager] UpmClient::Send -- Unable to send message (not connected to UPM process).
[Package Manager] Cannot connect to Unity Package Manager local server
- Finished resetting the current domain, in  2.072 seconds
Domain Reload Profiling: 3525ms
	BeginReloadAssembly (262ms)
		ExecutionOrderSort (0ms)
		DisableScriptedObjects (17ms)
		BackupInstance (0ms)
		ReleaseScriptingObjects (0ms)
		CreateAndSetChildDomain (33ms)
	RebuildCommonClasses (43ms)
	RebuildNativeTypeToScriptingClass (12ms)
	initialDomainReloadingComplete (96ms)
	LoadAllAssembliesAndSetupDomain (1039ms)
		LoadAssemblies (688ms)
		RebuildTransferFunctionScriptingTraits (0ms)
		AnalyzeDomain (473ms)
			TypeCache.Refresh (386ms)
				TypeCache.ScanAssembly (359ms)
			ScanForSourceGeneratedMonoScriptInfo (68ms)
			ResolveRequiredComponents (17ms)
	FinalizeReload (2073ms)
		ReleaseScriptCaches (0ms)
		RebuildScriptCaches (0ms)
		SetupLoadedEditorAssemblies (1760ms)
			LogAssemblyErrors (0ms)
			InitializePlatformSupportModulesInManaged (19ms)
			SetLoadedEditorAssemblies (16ms)
			RefreshPlugins (0ms)
			BeforeProcessingInitializeOnLoad (309ms)
			ProcessInitializeOnLoadAttributes (1259ms)
			ProcessInitializeOnLoadMethodAttributes (148ms)
			AfterProcessingInitializeOnLoad (8ms)
			EditorAssembliesLoaded (0ms)
		ExecutionOrderSort2 (0ms)
		AwakeInstancesAfterBackupRestoration (10ms)
Launched and connected shader compiler UnityShaderCompiler.exe after 0.13 seconds
Refreshing native plugins compatible for Editor in 27.22 ms, found 12 plugins.
Preloading 1 native plugins for Editor in 0.12 ms.
Unloading 8311 Unused Serialized files (Serialized files now loaded: 0)
Unloading 232 unused Assets / (14.1 MB). Loaded Objects now: 8657.
Memory consumption went from 366.5 MB to 352.4 MB.
Total: 15.552300 ms (FindLiveObjects: 0.993200 ms CreateObjectMapping: 0.631400 ms MarkObjects: 7.414500 ms  DeleteObjects: 6.509800 ms)

AssetImportParameters requested are different than current active one (requested -> active):
  custom:container-demuxer-ogg: 62fdf1f143b41e24485cea50d1cbac27 -> 
  custom:framework-win-MediaFoundation: 216162199b28c13a410421893ffa2e32 -> 
  custom:container-muxer-webm: aa71ff27fc2769a1b78a27578f13a17b -> 
  custom:video-decoder-webm-vp8: 9c59270c3fd7afecdb556c50c9e8de78 -> 
  custom:SearchIndexIgnoredProperties: e643bd26f0fe6173181afceb89e7c659 -> 
  custom:AudioImporter_EditorPlatform: d09bf68614088b80899f8185d706f6e7 -> 
  custom:audio-decoder-ogg-vorbis: bf7c407c2cedff20999df2af8eb42d56 -> 
  custom:audio-encoder-webm-vorbis: bf7c407c2cedff20999df2af8eb42d56 -> 
  custom:video-codec-MediaFoundation-h265: 746d11721c4dcdbdad8f713fa42b33f4 -> 
  custom:video-decoder-ogg-theora: a1e56fd34408186e4bbccfd4996cb3dc -> 
  custom:CustomObjectIndexerAttribute: 72b91833f83ae208fae7752999fa3104 -> 
  custom:container-demuxer-webm: 4f35f7cbe854078d1ac9338744f61a02 -> 
  custom:video-encoder-webm-vp8: eb34c28f22e8b96e1ab97ce403110664 -> 
========================================================================
Received Import Request.
  Time since last request: 164494.645846 seconds.
  path: Assets/Scenes/MainScene.unity
  artifactKey: Guid(7719d2173fe4ad34b87b8bd4be8cfdd2) Importer(815301076,1909f56bfc062723c751e8b465ee728b)
Start importing Assets/Scenes/MainScene.unity using Guid(7719d2173fe4ad34b87b8bd4be8cfdd2) Importer(815301076,1909f56bfc062723c751e8b465ee728b) [PhysX] Initialized MultithreadedTaskDispatcher with 8 workers.
 -> (artifact id: '18da312819b33507b5d4980c42dff6f3') in 0.004883 seconds
Number of updated asset objects reloaded before import = 0
Number of asset objects unloaded after import = 0
========================================================================
Received Prepare
Caller must complete domain reload
Begin MonoManager ReloadAssembly
Symbol file data-0000017E129B3230 doesn't match image C:\Users\UTCPRET\Desktop\projet-ai38\ProjetAI38\Library\ScriptAssemblies\Unity.XR.OpenXR.Features.MetaQuestSupport.Editor.dll
Symbol file LoadedFromMemory is not a mono symbol file
Symbol file data-0000017E10C7A020 doesn't match image C:\Users\UTCPRET\Desktop\projet-ai38\ProjetAI38\Library\ScriptAssemblies\Unity.XR.Management.dll
Symbol file LoadedFromMemory is not a mono symbol file
Symbol file data-0000017E04979250 doesn't match image C:\Users\UTCPRET\Desktop\projet-ai38\ProjetAI38\Library\ScriptAssemblies\Unity.XR.Interaction.Toolkit.Editor.dll
Symbol file LoadedFromMemory is not a mono symbol file
Symbol file data-0000017E36CBC6A0 doesn't match image C:\Users\UTCPRET\Desktop\projet-ai38\ProjetAI38\Library\ScriptAssemblies\Unity.RenderPipelines.Core.Runtime.dll
Symbol file LoadedFromMemory is not a mono symbol file
Symbol file data-0000017E10B68010 doesn't match image C:\Users\UTCPRET\Desktop\projet-ai38\ProjetAI38\Library\ScriptAssemblies\Unity.Burst.Editor.dll
Symbol file LoadedFromMemory is not a mono symbol file
Symbol file data-0000017E051A0170 doesn't match image C:\Users\UTCPRET\Desktop\projet-ai38\ProjetAI38\Library\ScriptAssemblies\Unity.Rider.Editor.dll
Symbol file LoadedFromMemory is not a mono symbol file
Symbol file data-0000017E054E40F0 doesn't match image C:\Users\UTCPRET\Desktop\projet-ai38\ProjetAI38\Library\ScriptAssemblies\Unity.XR.OpenXR.Features.ConformanceAutomation.dll
Symbol file LoadedFromMemory is not a mono symbol file
Symbol file data-0000017E051A0170 doesn't match image C:\Users\UTCPRET\Desktop\projet-ai38\ProjetAI38\Library\ScriptAssemblies\Unity.XR.OpenXR.Features.OculusQuestSupport.Editor.dll
Symbol file LoadedFromMemory is not a mono symbol file
Symbol file data-0000017E054E40F0 doesn't match image C:\Users\UTCPRET\Desktop\projet-ai38\ProjetAI38\Library\ScriptAssemblies\Unity.RenderPipelines.Universal.Config.Runtime.dll
Symbol file LoadedFromMemory is not a mono symbol file
Symbol file data-0000017E36CBC6A0 doesn't match image C:\Users\UTCPRET\Desktop\projet-ai38\ProjetAI38\Library\ScriptAssemblies\Unity.RenderPipelines.Core.Editor.dll
Symbol file LoadedFromMemory is not a mono symbol file
Symbol file data-0000017E04979250 doesn't match image C:\Users\UTCPRET\Desktop\projet-ai38\ProjetAI38\Library\ScriptAssemblies\UnityEditor.TestRunner.dll
Symbol file LoadedFromMemory is not a mono symbol file
Symbol file data-0000017E05499DE0 doesn't match image C:\Users\UTCPRET\Desktop\projet-ai38\ProjetAI38\Library\ScriptAssemblies\Unity.VisualScripting.Flow.dll
Symbol file LoadedFromMemory is not a mono symbol file
Symbol file data-0000017DE115C720 doesn't match image C:\Users\UTCPRET\Desktop\projet-ai38\ProjetAI38\Library\ScriptAssemblies\Unity.Mathematics.Editor.dll
Symbol file LoadedFromMemory is not a mono symbol file
Symbol file data-0000017E051A0170 doesn't match image C:\Users\UTCPRET\Desktop\projet-ai38\ProjetAI38\Library\ScriptAssemblies\Unity.XR.OpenXR.Features.MockRuntime.dll
Symbol file LoadedFromMemory is not a mono symbol file
Symbol file data-0000017E0388F020 doesn't match image C:\Users\UTCPRET\Desktop\projet-ai38\ProjetAI38\Library\ScriptAssemblies\Unity.XR.CoreUtils.dll
Symbol file LoadedFromMemory is not a mono symbol file
Symbol file data-0000017DE115C720 doesn't match image C:\Users\UTCPRET\Desktop\projet-ai38\ProjetAI38\Library\ScriptAssemblies\Unity.TestTools.CodeCoverage.Editor.OpenCover.Mono.Reflection.dll
Symbol file LoadedFromMemory is not a mono symbol file
Symbol file data-0000017E04C78010 doesn't match image C:\Users\UTCPRET\Desktop\projet-ai38\ProjetAI38\Library\ScriptAssemblies\Unity.XR.OpenXR.dll
Symbol file LoadedFromMemory is not a mono symbol file
Symbol file data-0000017E12740420 doesn't match image C:\Users\UTCPRET\Desktop\projet-ai38\ProjetAI38\Library\ScriptAssemblies\Unity.XR.OpenXR.Features.MetaQuestSupport.dll
Symbol file LoadedFromMemory is not a mono symbol file
Symbol file data-0000017E0522E010 doesn't match image C:\Users\UTCPRET\Desktop\projet-ai38\ProjetAI38\Library\ScriptAssemblies\Unity.Performance.Profile-Analyzer.Editor.dll
Symbol file LoadedFromMemory is not a mono symbol file
Symbol file data-0000017E12740420 doesn't match image C:\Users\UTCPRET\Desktop\projet-ai38\ProjetAI38\Library\ScriptAssemblies\Unity.RenderPipelines.Core.ShaderLibrary.dll
Symbol file LoadedFromMemory is not a mono symbol file
Symbol file data-0000017E0388F020 doesn't match image C:\Users\UTCPRET\Desktop\projet-ai38\ProjetAI38\Library\ScriptAssemblies\Unity.TestTools.CodeCoverage.Editor.dll
Symbol file LoadedFromMemory is not a mono symbol file
Symbol file data-0000017E0388F020 doesn't match image C:\Users\UTCPRET\Desktop\projet-ai38\ProjetAI38\Library\ScriptAssemblies\Unity.XR.Management.Editor.dll
Symbol file LoadedFromMemory is not a mono symbol file
Symbol file data-0000017E12740420 doesn't match image C:\Users\UTCPRET\Desktop\projet-ai38\ProjetAI38\Library\ScriptAssemblies\Unity.XR.Interaction.Toolkit.Samples.StarterAssets.Editor.dll
Symbol file LoadedFromMemory is not a mono symbol file
Symbol file data-0000017E10A84020 doesn't match image C:\Users\UTCPRET\Desktop\projet-ai38\ProjetAI38\Library\ScriptAssemblies\Unity.Settings.Editor.dll
Symbol file LoadedFromMemory is not a mono symbol file
Symbol file data-0000017E12740420 doesn't match image C:\Users\UTCPRET\Desktop\projet-ai38\ProjetAI38\Library\ScriptAssemblies\PPv2URPConverters.dll
Symbol file LoadedFromMemory is not a mono symbol file
Symbol file data-0000017E10A84020 doesn't match image C:\Users\UTCPRET\Desktop\projet-ai38\ProjetAI38\Library\ScriptAssemblies\Unity.XR.CoreUtils.Editor.dll
Symbol file LoadedFromMemory is not a mono symbol file
Symbol file data-0000017E0522E010 doesn't match image C:\Users\UTCPRET\Desktop\projet-ai38\ProjetAI38\Library\ScriptAssemblies\Unity.Tutorials.Core.Editor.dll
Symbol file LoadedFromMemory is not a mono symbol file
Symbol file data-0000017E05499DE0 doesn't match image C:\Users\UTCPRET\Desktop\projet-ai38\ProjetAI38\Library\ScriptAssemblies\Unity.TextMeshPro.dll
Symbol file LoadedFromMemory is not a mono symbol file
Symbol file data-0000017E1280B010 doesn't match image C:\Users\UTCPRET\Desktop\projet-ai38\ProjetAI38\Library\ScriptAssemblies\Unity.Burst.CodeGen.dll
Symbol file LoadedFromMemory is not a mono symbol file
Symbol file data-0000017E051A0170 doesn't match image C:\Users\UTCPRET\Desktop\projet-ai38\ProjetAI38\Library\ScriptAssemblies\Unity.XR.OpenXR.Features.OculusQuestSupport.dll
Symbol file LoadedFromMemory is not a mono symbol file
Symbol file data-0000017E12811A20 doesn't match image C:\Users\UTCPRET\Desktop\projet-ai38\ProjetAI38\Library\ScriptAssemblies\Unity.XR.Oculus.Editor.dll
Symbol file LoadedFromMemory is not a mono symbol file
Symbol file data-0000017E12811A20 doesn't match image C:\Users\UTCPRET\Desktop\projet-ai38\ProjetAI38\Library\ScriptAssemblies\Unity.VSCode.Editor.dll
Symbol file LoadedFromMemory is not a mono symbol file
Symbol file data-0000017DE1544FB0 doesn't match image C:\Users\UTCPRET\Desktop\projet-ai38\ProjetAI38\Library\ScriptAssemblies\Unity.XR.Interaction.Toolkit.dll
Symbol file LoadedFromMemory is not a mono symbol file
Symbol file data-0000017E10AF4070 doesn't match image C:\Users\UTCPRET\Desktop\projet-ai38\ProjetAI38\Library\ScriptAssemblies\Unity.RenderPipelines.Universal.Editor.dll
Symbol file LoadedFromMemory is not a mono symbol file
Symbol file data-0000017E04C83E20 doesn't match image C:\Users\UTCPRET\Desktop\projet-ai38\ProjetAI38\Library\ScriptAssemblies\Unity.XR.OpenXR.Features.RuntimeDebugger.dll
Symbol file LoadedFromMemory is not a mono symbol file
Symbol file data-0000017E04C83E20 doesn't match image C:\Users\UTCPRET\Desktop\projet-ai38\ProjetAI38\Library\ScriptAssemblies\Unity.RenderPipelines.ShaderGraph.ShaderGraphLibrary.dll
Symbol file LoadedFromMemory is not a mono symbol file
Symbol file data-0000017E12811A20 doesn't match image C:\Users\UTCPRET\Desktop\projet-ai38\ProjetAI38\Library\ScriptAssemblies\Unity.InternalAPIEditorBridge.007.dll
Symbol file LoadedFromMemory is not a mono symbol file
Symbol file data-0000017DE115C720 doesn't match image C:\Users\UTCPRET\Desktop\projet-ai38\ProjetAI38\Library\ScriptAssemblies\Unity.EditorCoroutines.Editor.dll
Symbol file LoadedFromMemory is not a mono symbol file
Symbol file data-0000017DE115C720 doesn't match image C:\Users\UTCPRET\Desktop\projet-ai38\ProjetAI38\Library\ScriptAssemblies\Unity.InternalAPIEngineBridge.007.dll
Symbol file LoadedFromMemory is not a mono symbol file
Symbol file data-0000017E030ED020 doesn't match image C:\Users\UTCPRET\Desktop\projet-ai38\ProjetAI38\Library\ScriptAssemblies\Unity.RenderPipelines.Universal.Runtime.dll
Symbol file LoadedFromMemory is not a mono symbol file
Symbol file data-0000017DE1BD8F70 doesn't match image C:\Users\UTCPRET\Desktop\projet-ai38\ProjetAI38\Library\ScriptAssemblies\UnityEngine.XR.LegacyInputHelpers.dll
Symbol file LoadedFromMemory is not a mono symbol file
Symbol file data-0000017E05499DE0 doesn't match image C:\Users\UTCPRET\Desktop\projet-ai38\ProjetAI38\Library\ScriptAssemblies\Unity.Burst.dll
Symbol file LoadedFromMemory is not a mono symbol file
Symbol file data-0000017E12207010 doesn't match image C:\Users\UTCPRET\Desktop\projet-ai38\ProjetAI38\Library\ScriptAssemblies\Unity.PlasticSCM.Editor.dll
Symbol file LoadedFromMemory is not a mono symbol file
Symbol file data-0000017E030ED020 doesn't match image C:\Users\UTCPRET\Desktop\projet-ai38\ProjetAI38\Library\ScriptAssemblies\Unity.Timeline.Editor.dll
Symbol file LoadedFromMemory is not a mono symbol file
Symbol file data-0000017DE115C720 doesn't match image C:\Users\UTCPRET\Desktop\projet-ai38\ProjetAI38\Library\ScriptAssemblies\Unity.VisualScripting.Shared.Editor.dll
Symbol file LoadedFromMemory is not a mono symbol file
Symbol file data-0000017E0377F010 doesn't match image C:\Users\UTCPRET\Desktop\projet-ai38\ProjetAI38\Library\ScriptAssemblies\Unity.ShaderGraph.Editor.dll
Symbol file LoadedFromMemory is not a mono symbol file
Symbol file data-0000017DE115C720 doesn't match image C:\Users\UTCPRET\Desktop\projet-ai38\ProjetAI38\Library\ScriptAssemblies\Unity.Tutorials.Core.dll
Symbol file LoadedFromMemory is not a mono symbol file
Symbol file data-0000017DE115C720 doesn't match image C:\Users\UTCPRET\Desktop\projet-ai38\ProjetAI38\Library\ScriptAssemblies\Unity.CollabProxy.Editor.dll
Symbol file LoadedFromMemory is not a mono symbol file
Symbol file data-0000017DE115C720 doesn't match image C:\Users\UTCPRET\Desktop\projet-ai38\ProjetAI38\Library\ScriptAssemblies\UnityEditor.SpatialTracking.dll
Symbol file LoadedFromMemory is not a mono symbol file
Symbol file data-0000017E36C881A0 doesn't match image C:\Users\UTCPRET\Desktop\projet-ai38\ProjetAI38\Library\ScriptAssemblies\Unity.VisualStudio.Editor.dll
Symbol file LoadedFromMemory is not a mono symbol file
Symbol file data-0000017DE191FE30 doesn't match image C:\Users\UTCPRET\Desktop\projet-ai38\ProjetAI38\Library\ScriptAssemblies\UnityEditor.UI.dll
Symbol file LoadedFromMemory is not a mono symbol file
Symbol file data-0000017E12207010 doesn't match image C:\Users\UTCPRET\Desktop\projet-ai38\ProjetAI38\Library\ScriptAssemblies\Unity.VisualScripting.Core.dll
Symbol file LoadedFromMemory is not a mono symbol file
Symbol file data-0000017DE115C720 doesn't match image C:\Users\UTCPRET\Desktop\projet-ai38\ProjetAI38\Library\ScriptAssemblies\UnityEngine.SpatialTracking.dll
Symbol file LoadedFromMemory is not a mono symbol file
Symbol file data-0000017DE1544FB0 doesn't match image C:\Users\UTCPRET\Desktop\projet-ai38\ProjetAI38\Library\ScriptAssemblies\Unity.VisualScripting.Core.Editor.dll
Symbol file LoadedFromMemory is not a mono symbol file
Symbol file data-0000017E1119E020 doesn't match image C:\Users\UTCPRET\Desktop\projet-ai38\ProjetAI38\Library\ScriptAssemblies\UnityEngine.UI.dll
Symbol file LoadedFromMemory is not a mono symbol file
Symbol file data-0000017DE115C720 doesn't match image C:\Users\UTCPRET\Desktop\projet-ai38\ProjetAI38\Library\ScriptAssemblies\UnityEditor.XR.LegacyInputHelpers.dll
Symbol file LoadedFromMemory is not a mono symbol file
Symbol file data-0000017E0522E010 doesn't match image C:\Users\UTCPRET\Desktop\projet-ai38\ProjetAI38\Library\ScriptAssemblies\Unity.VisualScripting.Flow.Editor.dll
Symbol file LoadedFromMemory is not a mono symbol file
Symbol file data-0000017DE115C720 doesn't match image C:\Users\UTCPRET\Desktop\projet-ai38\ProjetAI38\Library\ScriptAssemblies\Unity.RenderPipeline.Universal.ShaderLibrary.dll
Symbol file LoadedFromMemory is not a mono symbol file
Symbol file data-0000017DE1845010 doesn't match image C:\Users\UTCPRET\Desktop\projet-ai38\ProjetAI38\Library\ScriptAssemblies\Unity.Timeline.dll
Symbol file LoadedFromMemory is not a mono symbol file
Symbol file data-0000017DE120F920 doesn't match image C:\Users\UTCPRET\Desktop\projet-ai38\ProjetAI38\Library\ScriptAssemblies\Unity.InputSystem.dll
Symbol file LoadedFromMemory is not a mono symbol file
Symbol file data-0000017DE115C720 doesn't match image C:\Users\UTCPRET\Desktop\projet-ai38\ProjetAI38\Library\ScriptAssemblies\Unity.InputSystem.ForUI.dll
Symbol file LoadedFromMemory is not a mono symbol file
Symbol file data-0000017DE15993C0 doesn't match image C:\Users\UTCPRET\Desktop\projet-ai38\ProjetAI38\Library\ScriptAssemblies\Unity.XR.Oculus.dll
Symbol file LoadedFromMemory is not a mono symbol file
Symbol file data-0000017DE115C720 doesn't match image C:\Users\UTCPRET\Desktop\projet-ai38\ProjetAI38\Library\ScriptAssemblies\Unity.VisualScripting.SettingsProvider.Editor.dll
Symbol file LoadedFromMemory is not a mono symbol file
Symbol file data-0000017DE15993C0 doesn't match image C:\Users\UTCPRET\Desktop\projet-ai38\ProjetAI38\Library\ScriptAssemblies\Unity.XR.OpenXR.Editor.dll
Symbol file LoadedFromMemory is not a mono symbol file
Symbol file data-0000017DE15993C0 doesn't match image C:\Users\UTCPRET\Desktop\projet-ai38\ProjetAI38\Library\ScriptAssemblies\Unity.TestTools.CodeCoverage.Editor.OpenCover.Model.dll
Symbol file LoadedFromMemory is not a mono symbol file
Symbol file data-0000017E1144A010 doesn't match image C:\Users\UTCPRET\Desktop\projet-ai38\ProjetAI38\Library\ScriptAssemblies\UnityEngine.TestRunner.dll
Symbol file LoadedFromMemory is not a mono symbol file
Symbol file data-0000017DE15993C0 doesn't match image C:\Users\UTCPRET\Desktop\projet-ai38\ProjetAI38\Library\ScriptAssemblies\Unity.VisualScripting.State.Editor.dll
Symbol file LoadedFromMemory is not a mono symbol file
Symbol file data-0000017E030ED020 doesn't match image C:\Users\UTCPRET\Desktop\projet-ai38\ProjetAI38\Library\ScriptAssemblies\Unity.Mathematics.dll
Symbol file LoadedFromMemory is not a mono symbol file
Symbol file data-0000017DE1BD8F70 doesn't match image C:\Users\UTCPRET\Desktop\projet-ai38\ProjetAI38\Library\ScriptAssemblies\Unity.RenderPipelines.Universal.Shaders.dll
Symbol file LoadedFromMemory is not a mono symbol file
Symbol file data-0000017E1144A010 doesn't match image C:\Users\UTCPRET\Desktop\projet-ai38\ProjetAI38\Library\ScriptAssemblies\Unity.TextMeshPro.Editor.dll
Symbol file LoadedFromMemory is not a mono symbol file
Symbol file data-0000017E03B8CBC0 doesn't match image C:\Users\UTCPRET\Desktop\projet-ai38\ProjetAI38\Library\ScriptAssemblies\Unity.Searcher.Editor.dll
Symbol file LoadedFromMemory is not a mono symbol file
Symbol file data-0000017DE1BD8F70 doesn't match image C:\Users\UTCPRET\Desktop\projet-ai38\ProjetAI38\Library\ScriptAssemblies\Unity.XR.OpenXR.Features.RuntimeDebugger.Editor.dll
Symbol file LoadedFromMemory is not a mono symbol file
Symbol file data-0000017DE15993C0 doesn't match image C:\Users\UTCPRET\Desktop\projet-ai38\ProjetAI38\Library\ScriptAssemblies\Unity.VisualScripting.State.dll
Symbol file LoadedFromMemory is not a mono symbol file
Symbol file data-0000017E1144A010 doesn't match image C:\Users\UTCPRET\Desktop\projet-ai38\ProjetAI38\Library\ScriptAssemblies\Unity.XR.Interaction.Toolkit.Samples.StarterAssets.dll
Symbol file LoadedFromMemory is not a mono symbol file
Symbol file data-0000017DE1BD8F70 doesn't match image C:\Users\UTCPRET\Desktop\projet-ai38\ProjetAI38\Library\ScriptAssemblies\Unity.ShaderGraph.Utilities.dll
Symbol file LoadedFromMemory is not a mono symbol file
Symbol file data-0000017E1191F8D0 doesn't match image C:\Users\UTCPRET\Desktop\projet-ai38\ProjetAI38\Library\ScriptAssemblies\Unity.InputSystem.TestFramework.dll
Symbol file LoadedFromMemory is not a mono symbol file
- Loaded All Assemblies, in  1.166 seconds
Native extension for WindowsStandalone target not found
Native extension for WebGL target not found
[Package Manager] Server::EnsureServerProcessIsRunning -- launch failed, reason: Unity was launched with the -noUpm command-line argument
[Package Manager] UpmClient::Send -- Unable to send message (not connected to UPM process).
[Package Manager] Cannot connect to Unity Package Manager local server
[Package Manager] Server::EnsureServerProcessIsRunning -- launch failed, reason: Unity was launched with the -noUpm command-line argument
[Package Manager] UpmClient::Send -- Unable to send message (not connected to UPM process).
[Package Manager] Cannot connect to Unity Package Manager local server
System.NullReferenceException: Object reference not set to an instance of an object
  at UnityEngine.XR.Interaction.Toolkit.Samples.StarterAssets.RenderPipelineValidation..cctor () [0x0000a] in <a0b28ad9e5054838834bd5cdaf87bd32>:0 
UnityEngine.StackTraceUtility:ExtractStackTrace ()
UnityEngine.DebugLogHandler:LogFormat (UnityEngine.LogType,UnityEngine.Object,string,object[])
UnityEngine.Logger:Log (UnityEngine.LogType,object)
UnityEngine.Debug:LogError (object)
UnityEditor.EditorAssemblies:ProcessInitializeOnLoadAttributes (System.Type[])

System.Reflection.TargetInvocationException: Exception has been thrown by the target of an invocation. ---> System.NullReferenceException: Object reference not set to an instance of an object
  at Unity.XR.Oculus.OculusLoader.AssetPathToAbsolutePath (System.String assetPath) [0x00043] in <193f2dce100f44e996057942cfa9d13a>:0 
  at Unity.XR.Oculus.OculusLoader.EditorLoadOVRPlugin () [0x0008c] in <193f2dce100f44e996057942cfa9d13a>:0 
  at (wrapper managed-to-native) System.Reflection.RuntimeMethodInfo.InternalInvoke(System.Reflection.RuntimeMethodInfo,object,object[],System.Exception&)
  at System.Reflection.RuntimeMethodInfo.Invoke (System.Object obj, System.Reflection.BindingFlags invokeAttr, System.Reflection.Binder binder, System.Object[] parameters, System.Globalization.CultureInfo culture) [0x0006a] in <8ce0bd04a7a04b4b9395538239d3fdd8>:0 
   --- End of inner exception stack trace ---
  at System.Reflection.RuntimeMethodInfo.Invoke (System.Object obj, System.Reflection.BindingFlags invokeAttr, System.Reflection.Binder binder, System.Object[] parameters, System.Globalization.CultureInfo culture) [0x00083] in <8ce0bd04a7a04b4b9395538239d3fdd8>:0 
  at System.Reflection.MethodBase.Invoke (System.Object obj, System.Object[] parameters) [0x00000] in <8ce0bd04a7a04b4b9395538239d3fdd8>:0 
  at UnityEditor.EditorAssemblies.ProcessInitializeOnLoadMethodAttributes () [0x000a5] in <0ab653b677424c84aa7f1e3350b765bc>:0 
UnityEngine.StackTraceUtility:ExtractStackTrace ()
UnityEngine.DebugLogHandler:LogFormat (UnityEngine.LogType,UnityEngine.Object,string,object[])
UnityEngine.Logger:Log (UnityEngine.LogType,object)
UnityEngine.Debug:LogError (object)
UnityEditor.EditorAssemblies:ProcessInitializeOnLoadMethodAttributes ()

Mono: successfully reloaded assembly
[Package Manager] Server::EnsureServerProcessIsRunning -- launch failed, reason: Unity was launched with the -noUpm command-line argument
[Package Manager] UpmClient::Send -- Unable to send message (not connected to UPM process).
[Package Manager] Cannot connect to Unity Package Manager local server
- Finished resetting the current domain, in 16.907 seconds
Domain Reload Profiling: 18066ms
	BeginReloadAssembly (276ms)
		ExecutionOrderSort (0ms)
		DisableScriptedObjects (5ms)
		BackupInstance (0ms)
		ReleaseScriptingObjects (0ms)
		CreateAndSetChildDomain (79ms)
	RebuildCommonClasses (56ms)
	RebuildNativeTypeToScriptingClass (14ms)
	initialDomainReloadingComplete (56ms)
	LoadAllAssembliesAndSetupDomain (756ms)
		LoadAssemblies (736ms)
		RebuildTransferFunctionScriptingTraits (0ms)
		AnalyzeDomain (151ms)
			TypeCache.Refresh (31ms)
				TypeCache.ScanAssembly (2ms)
			ScanForSourceGeneratedMonoScriptInfo (94ms)
			ResolveRequiredComponents (22ms)
	FinalizeReload (16909ms)
		ReleaseScriptCaches (0ms)
		RebuildScriptCaches (0ms)
		SetupLoadedEditorAssemblies (2303ms)
			LogAssemblyErrors (0ms)
			InitializePlatformSupportModulesInManaged (18ms)
			SetLoadedEditorAssemblies (13ms)
			RefreshPlugins (0ms)
			BeforeProcessingInitializeOnLoad (284ms)
			ProcessInitializeOnLoadAttributes (1674ms)
			ProcessInitializeOnLoadMethodAttributes (294ms)
			AfterProcessingInitializeOnLoad (19ms)
			EditorAssembliesLoaded (1ms)
		ExecutionOrderSort2 (0ms)
		AwakeInstancesAfterBackupRestoration (112ms)
Refreshing native plugins compatible for Editor in 54.70 ms, found 12 plugins.
Preloading 1 native plugins for Editor in 0.13 ms.
Unloading 7985 Unused Serialized files (Serialized files now loaded: 0)
Unloading 222 unused Assets / (14.5 MB). Loaded Objects now: 8662.
Memory consumption went from 327.6 MB to 313.1 MB.
Total: 21.778700 ms (FindLiveObjects: 1.652200 ms CreateObjectMapping: 1.907300 ms MarkObjects: 7.345800 ms  DeleteObjects: 10.870800 ms)

Prepare: number of updated asset objects reloaded= 0
AssetImportParameters requested are different than current active one (requested -> active):
  custom:container-demuxer-ogg: 62fdf1f143b41e24485cea50d1cbac27 -> 
  custom:framework-win-MediaFoundation: 216162199b28c13a410421893ffa2e32 -> 
  custom:container-muxer-webm: aa71ff27fc2769a1b78a27578f13a17b -> 
  custom:video-decoder-webm-vp8: 9c59270c3fd7afecdb556c50c9e8de78 -> 
  custom:SearchIndexIgnoredProperties: e643bd26f0fe6173181afceb89e7c659 -> 
  custom:AudioImporter_EditorPlatform: d09bf68614088b80899f8185d706f6e7 -> 
  custom:audio-decoder-ogg-vorbis: bf7c407c2cedff20999df2af8eb42d56 -> 
  custom:audio-encoder-webm-vorbis: bf7c407c2cedff20999df2af8eb42d56 -> 
  custom:scripting/precompiled-assembly-types:Assembly-CSharp: 25f7df66518271c1cdbbde4f2f41c53a -> d09710ba470ec379559321cbb31dc46a
  custom:video-codec-MediaFoundation-h265: 746d11721c4dcdbdad8f713fa42b33f4 -> 
  custom:video-decoder-ogg-theora: a1e56fd34408186e4bbccfd4996cb3dc -> 
  custom:CustomObjectIndexerAttribute: 72b91833f83ae208fae7752999fa3104 -> 
  custom:container-demuxer-webm: 4f35f7cbe854078d1ac9338744f61a02 -> 
  custom:video-encoder-webm-vp8: eb34c28f22e8b96e1ab97ce403110664 -> 
  custom:scripting/monoscript/fileName/GrabInteractable.cs: 9b729d7fe8b6f469f04cd9e7025dd827 -> 
========================================================================
Received Import Request.
  Time since last request: 2739.897808 seconds.
  path: Packages/com.unity.render-pipelines.high-definition/Editor/SceneTemplates/IndoorsDXR/DXRSettingsProfile.asset
  artifactKey: Guid(ccdaf44d23fad9b4e864f8ed9cc711f9) Importer(815301076,1909f56bfc062723c751e8b465ee728b)
Start importing Packages/com.unity.render-pipelines.high-definition/Editor/SceneTemplates/IndoorsDXR/DXRSettingsProfile.asset using Guid(ccdaf44d23fad9b4e864f8ed9cc711f9) Importer(815301076,1909f56bfc062723c751e8b465ee728b) [PhysX] Initialized MultithreadedTaskDispatcher with 8 workers.
 -> (artifact id: '98c50031c02c089a5a84b639a2a1b739') in 0.033109 seconds
Number of updated asset objects reloaded before import = 0
Number of asset objects unloaded after import = 3
========================================================================
Received Import Request.
  Time since last request: 0.000034 seconds.
  path: Packages/com.unity.shadergraph/Editor/Resources/Styles/HelpBoxRow.uss
  artifactKey: Guid(c0c3b27af341d91469183b16b7d6638b) Importer(815301076,1909f56bfc062723c751e8b465ee728b)
Start importing Packages/com.unity.shadergraph/Editor/Resources/Styles/HelpBoxRow.uss using Guid(c0c3b27af341d91469183b16b7d6638b) Importer(815301076,1909f56bfc062723c751e8b465ee728b) [PhysX] Initialized MultithreadedTaskDispatcher with 8 workers.
 -> (artifact id: '2da0f56b7075c598310d57e11f556e3d') in 0.016491 seconds
Number of updated asset objects reloaded before import = 0
Number of asset objects unloaded after import = 1
========================================================================
Received Prepare
Caller must complete domain reload
Begin MonoManager ReloadAssembly
Symbol file data-0000017E1083A060 doesn't match image C:\Users\UTCPRET\Desktop\projet-ai38\ProjetAI38\Library\ScriptAssemblies\Unity.RenderPipelines.Core.Runtime.dll
Symbol file LoadedFromMemory is not a mono symbol file
Symbol file data-0000017E10B68010 doesn't match image C:\Users\UTCPRET\Desktop\projet-ai38\ProjetAI38\Library\ScriptAssemblies\Unity.Burst.Editor.dll
Symbol file LoadedFromMemory is not a mono symbol file
Symbol file data-0000017E10F95B80 doesn't match image C:\Users\UTCPRET\Desktop\projet-ai38\ProjetAI38\Library\ScriptAssemblies\Unity.Rider.Editor.dll
Symbol file LoadedFromMemory is not a mono symbol file
Symbol file data-0000017E13240030 doesn't match image C:\Users\UTCPRET\Desktop\projet-ai38\ProjetAI38\Library\ScriptAssemblies\Unity.RenderPipelines.Universal.Config.Runtime.dll
Symbol file LoadedFromMemory is not a mono symbol file
Symbol file data-0000017E1083A060 doesn't match image C:\Users\UTCPRET\Desktop\projet-ai38\ProjetAI38\Library\ScriptAssemblies\Unity.RenderPipelines.Core.Editor.dll
Symbol file LoadedFromMemory is not a mono symbol file
Symbol file data-0000017E12725010 doesn't match image C:\Users\UTCPRET\Desktop\projet-ai38\ProjetAI38\Library\ScriptAssemblies\UnityEditor.TestRunner.dll
Symbol file LoadedFromMemory is not a mono symbol file
Symbol file data-0000017E114E2010 doesn't match image C:\Users\UTCPRET\Desktop\projet-ai38\ProjetAI38\Library\ScriptAssemblies\Unity.VisualScripting.Flow.dll
Symbol file LoadedFromMemory is not a mono symbol file
Symbol file data-0000017DE115C720 doesn't match image C:\Users\UTCPRET\Desktop\projet-ai38\ProjetAI38\Library\ScriptAssemblies\Unity.Mathematics.Editor.dll
Symbol file LoadedFromMemory is not a mono symbol file
Symbol file data-0000017E03167470 doesn't match image C:\Users\UTCPRET\Desktop\projet-ai38\ProjetAI38\Library\ScriptAssemblies\Unity.XR.CoreUtils.dll
Symbol file LoadedFromMemory is not a mono symbol file
Symbol file data-0000017DE135ECD0 doesn't match image C:\Users\UTCPRET\Desktop\projet-ai38\ProjetAI38\Library\ScriptAssemblies\Unity.TestTools.CodeCoverage.Editor.OpenCover.Mono.Reflection.dll
Symbol file LoadedFromMemory is not a mono symbol file
Symbol file data-0000017E12725010 doesn't match image C:\Users\UTCPRET\Desktop\projet-ai38\ProjetAI38\Library\ScriptAssemblies\Unity.Performance.Profile-Analyzer.Editor.dll
Symbol file LoadedFromMemory is not a mono symbol file
Symbol file data-0000017E10875FA0 doesn't match image C:\Users\UTCPRET\Desktop\projet-ai38\ProjetAI38\Library\ScriptAssemblies\Unity.RenderPipelines.Core.ShaderLibrary.dll
Symbol file LoadedFromMemory is not a mono symbol file
Symbol file data-0000017E03167470 doesn't match image C:\Users\UTCPRET\Desktop\projet-ai38\ProjetAI38\Library\ScriptAssemblies\Unity.TestTools.CodeCoverage.Editor.dll
Symbol file LoadedFromMemory is not a mono symbol file
Symbol file data-0000017E11002010 doesn't match image C:\Users\UTCPRET\Desktop\projet-ai38\ProjetAI38\Library\ScriptAssemblies\Unity.Settings.Editor.dll
Symbol file LoadedFromMemory is not a mono symbol file
Symbol file data-0000017E10875FA0 doesn't match image C:\Users\UTCPRET\Desktop\projet-ai38\ProjetAI38\Library\ScriptAssemblies\PPv2URPConverters.dll
Symbol file LoadedFromMemory is not a mono symbol file
Symbol file data-0000017E10094740 doesn't match image C:\Users\UTCPRET\Desktop\projet-ai38\ProjetAI38\Library\ScriptAssemblies\Unity.XR.CoreUtils.Editor.dll
Symbol file LoadedFromMemory is not a mono symbol file
Symbol file data-0000017E1112A020 doesn't match image C:\Users\UTCPRET\Desktop\projet-ai38\ProjetAI38\Library\ScriptAssemblies\Unity.Tutorials.Core.Editor.dll
Symbol file LoadedFromMemory is not a mono symbol file
Symbol file data-0000017E05499DE0 doesn't match image C:\Users\UTCPRET\Desktop\projet-ai38\ProjetAI38\Library\ScriptAssemblies\Unity.TextMeshPro.dll
Symbol file LoadedFromMemory is not a mono symbol file
Symbol file data-0000017E11002010 doesn't match image C:\Users\UTCPRET\Desktop\projet-ai38\ProjetAI38\Library\ScriptAssemblies\Unity.Burst.CodeGen.dll
Symbol file LoadedFromMemory is not a mono symbol file
Symbol file data-0000017DE176C020 doesn't match image C:\Users\UTCPRET\Desktop\projet-ai38\ProjetAI38\Library\ScriptAssemblies\Unity.VSCode.Editor.dll
Symbol file LoadedFromMemory is not a mono symbol file
Symbol file data-0000017E03DC2A20 doesn't match image C:\Users\UTCPRET\Desktop\projet-ai38\ProjetAI38\Library\ScriptAssemblies\Unity.RenderPipelines.ShaderGraph.ShaderGraphLibrary.dll
Symbol file LoadedFromMemory is not a mono symbol file
Symbol file data-0000017E051AA480 doesn't match image C:\Users\UTCPRET\Desktop\projet-ai38\ProjetAI38\Library\ScriptAssemblies\Unity.InternalAPIEditorBridge.007.dll
Symbol file LoadedFromMemory is not a mono symbol file
Symbol file data-0000017DE159FEF0 doesn't match image C:\Users\UTCPRET\Desktop\projet-ai38\ProjetAI38\Library\ScriptAssemblies\Unity.EditorCoroutines.Editor.dll
Symbol file LoadedFromMemory is not a mono symbol file
Symbol file data-0000017DE159FEF0 doesn't match image C:\Users\UTCPRET\Desktop\projet-ai38\ProjetAI38\Library\ScriptAssemblies\Unity.InternalAPIEngineBridge.007.dll
Symbol file LoadedFromMemory is not a mono symbol file
Symbol file data-0000017E030ED020 doesn't match image C:\Users\UTCPRET\Desktop\projet-ai38\ProjetAI38\Library\ScriptAssemblies\Unity.RenderPipelines.Universal.Runtime.dll
Symbol file LoadedFromMemory is not a mono symbol file
Symbol file data-0000017DE176C020 doesn't match image C:\Users\UTCPRET\Desktop\projet-ai38\ProjetAI38\Library\ScriptAssemblies\UnityEngine.XR.LegacyInputHelpers.dll
Symbol file LoadedFromMemory is not a mono symbol file
Symbol file data-0000017E05499DE0 doesn't match image C:\Users\UTCPRET\Desktop\projet-ai38\ProjetAI38\Library\ScriptAssemblies\Unity.Burst.dll
Symbol file LoadedFromMemory is not a mono symbol file
Symbol file data-0000017E032DE010 doesn't match image C:\Users\UTCPRET\Desktop\projet-ai38\ProjetAI38\Library\ScriptAssemblies\Unity.PlasticSCM.Editor.dll
Symbol file LoadedFromMemory is not a mono symbol file
Symbol file data-0000017E030ED020 doesn't match image C:\Users\UTCPRET\Desktop\projet-ai38\ProjetAI38\Library\ScriptAssemblies\Unity.Timeline.Editor.dll
Symbol file LoadedFromMemory is not a mono symbol file
Symbol file data-0000017E051AA480 doesn't match image C:\Users\UTCPRET\Desktop\projet-ai38\ProjetAI38\Library\ScriptAssemblies\Unity.VisualScripting.Shared.Editor.dll
Symbol file LoadedFromMemory is not a mono symbol file
Symbol file data-0000017E0377F010 doesn't match image C:\Users\UTCPRET\Desktop\projet-ai38\ProjetAI38\Library\ScriptAssemblies\Unity.ShaderGraph.Editor.dll
Symbol file LoadedFromMemory is not a mono symbol file
Symbol file data-0000017DE159FEF0 doesn't match image C:\Users\UTCPRET\Desktop\projet-ai38\ProjetAI38\Library\ScriptAssemblies\Unity.Tutorials.Core.dll
Symbol file LoadedFromMemory is not a mono symbol file
Symbol file data-0000017DE159FEF0 doesn't match image C:\Users\UTCPRET\Desktop\projet-ai38\ProjetAI38\Library\ScriptAssemblies\Unity.CollabProxy.Editor.dll
Symbol file LoadedFromMemory is not a mono symbol file
Symbol file data-0000017DE159FEF0 doesn't match image C:\Users\UTCPRET\Desktop\projet-ai38\ProjetAI38\Library\ScriptAssemblies\UnityEditor.SpatialTracking.dll
Symbol file LoadedFromMemory is not a mono symbol file
Symbol file data-0000017E10A24020 doesn't match image C:\Users\UTCPRET\Desktop\projet-ai38\ProjetAI38\Library\ScriptAssemblies\Unity.VisualStudio.Editor.dll
Symbol file LoadedFromMemory is not a mono symbol file
Symbol file data-0000017DE176C020 doesn't match image C:\Users\UTCPRET\Desktop\projet-ai38\ProjetAI38\Library\ScriptAssemblies\UnityEditor.UI.dll
Symbol file LoadedFromMemory is not a mono symbol file
Symbol file data-0000017E032DE010 doesn't match image C:\Users\UTCPRET\Desktop\projet-ai38\ProjetAI38\Library\ScriptAssemblies\Unity.VisualScripting.Core.dll
Symbol file LoadedFromMemory is not a mono symbol file
Symbol file data-0000017DE159FEF0 doesn't match image C:\Users\UTCPRET\Desktop\projet-ai38\ProjetAI38\Library\ScriptAssemblies\UnityEngine.SpatialTracking.dll
Symbol file LoadedFromMemory is not a mono symbol file
Symbol file data-0000017E10EFE010 doesn't match image C:\Users\UTCPRET\Desktop\projet-ai38\ProjetAI38\Library\ScriptAssemblies\Unity.VisualScripting.Core.Editor.dll
Symbol file LoadedFromMemory is not a mono symbol file
Symbol file data-0000017DE1D3A010 doesn't match image C:\Users\UTCPRET\Desktop\projet-ai38\ProjetAI38\Library\ScriptAssemblies\UnityEngine.UI.dll
Symbol file LoadedFromMemory is not a mono symbol file
Symbol file data-0000017E051AA480 doesn't match image C:\Users\UTCPRET\Desktop\projet-ai38\ProjetAI38\Library\ScriptAssemblies\UnityEditor.XR.LegacyInputHelpers.dll
Symbol file LoadedFromMemory is not a mono symbol file
Symbol file data-0000017E1112A020 doesn't match image C:\Users\UTCPRET\Desktop\projet-ai38\ProjetAI38\Library\ScriptAssemblies\Unity.VisualScripting.Flow.Editor.dll
Symbol file LoadedFromMemory is not a mono symbol file
Symbol file data-0000017DE1772830 doesn't match image C:\Users\UTCPRET\Desktop\projet-ai38\ProjetAI38\Library\ScriptAssemblies\Unity.RenderPipeline.Universal.ShaderLibrary.dll
Symbol file LoadedFromMemory is not a mono symbol file
Symbol file data-0000017DE1098040 doesn't match image C:\Users\UTCPRET\Desktop\projet-ai38\ProjetAI38\Library\ScriptAssemblies\Unity.Timeline.dll
Symbol file LoadedFromMemory is not a mono symbol file
Symbol file data-0000017E0354E010 doesn't match image C:\Users\UTCPRET\Desktop\projet-ai38\ProjetAI38\Library\ScriptAssemblies\Unity.InputSystem.dll
Symbol file LoadedFromMemory is not a mono symbol file
Symbol file data-0000017E03DC2A20 doesn't match image C:\Users\UTCPRET\Desktop\projet-ai38\ProjetAI38\Library\ScriptAssemblies\Unity.InputSystem.ForUI.dll
Symbol file LoadedFromMemory is not a mono symbol file
Symbol file data-0000017E051AA480 doesn't match image C:\Users\UTCPRET\Desktop\projet-ai38\ProjetAI38\Library\ScriptAssemblies\Unity.VisualScripting.SettingsProvider.Editor.dll
Symbol file LoadedFromMemory is not a mono symbol file
Symbol file data-0000017E123E8A30 doesn't match image C:\Users\UTCPRET\Desktop\projet-ai38\ProjetAI38\Library\ScriptAssemblies\Unity.TestTools.CodeCoverage.Editor.OpenCover.Model.dll
Symbol file LoadedFromMemory is not a mono symbol file
Symbol file data-0000017E105E0010 doesn't match image C:\Users\UTCPRET\Desktop\projet-ai38\ProjetAI38\Library\ScriptAssemblies\UnityEngine.TestRunner.dll
Symbol file LoadedFromMemory is not a mono symbol file
Symbol file data-0000017E03937020 doesn't match image C:\Users\UTCPRET\Desktop\projet-ai38\ProjetAI38\Library\ScriptAssemblies\Unity.VisualScripting.State.Editor.dll
Symbol file LoadedFromMemory is not a mono symbol file
Symbol file data-0000017DE16E1010 doesn't match image C:\Users\UTCPRET\Desktop\projet-ai38\ProjetAI38\Library\ScriptAssemblies\Unity.Mathematics.dll
Symbol file LoadedFromMemory is not a mono symbol file
Symbol file data-0000017DE159FEF0 doesn't match image C:\Users\UTCPRET\Desktop\projet-ai38\ProjetAI38\Library\ScriptAssemblies\Unity.RenderPipelines.Universal.Shaders.dll
Symbol file LoadedFromMemory is not a mono symbol file
Symbol file data-0000017DE12ABE10 doesn't match image C:\Users\UTCPRET\Desktop\projet-ai38\ProjetAI38\Library\ScriptAssemblies\Unity.TextMeshPro.Editor.dll
Symbol file LoadedFromMemory is not a mono symbol file
Symbol file data-0000017E0FB90A70 doesn't match image C:\Users\UTCPRET\Desktop\projet-ai38\ProjetAI38\Library\ScriptAssemblies\Unity.Searcher.Editor.dll
Symbol file LoadedFromMemory is not a mono symbol file
Symbol file data-0000017E10C7A020 doesn't match image C:\Users\UTCPRET\Desktop\projet-ai38\ProjetAI38\Library\ScriptAssemblies\Unity.VisualScripting.State.dll
Symbol file LoadedFromMemory is not a mono symbol file
Symbol file data-0000017E054E4040 doesn't match image C:\Users\UTCPRET\Desktop\projet-ai38\ProjetAI38\Library\ScriptAssemblies\Unity.ShaderGraph.Utilities.dll
Symbol file LoadedFromMemory is not a mono symbol file
Symbol file data-0000017E10C7A020 doesn't match image C:\Users\UTCPRET\Desktop\projet-ai38\ProjetAI38\Library\ScriptAssemblies\Unity.InputSystem.TestFramework.dll
Symbol file LoadedFromMemory is not a mono symbol file
- Loaded All Assemblies, in  3.401 seconds
Native extension for WindowsStandalone target not found
Native extension for WebGL target not found
[Package Manager] Server::EnsureServerProcessIsRunning -- launch failed, reason: Unity was launched with the -noUpm command-line argument
[Package Manager] UpmClient::Send -- Unable to send message (not connected to UPM process).
[Package Manager] Cannot connect to Unity Package Manager local server
[Package Manager] Server::EnsureServerProcessIsRunning -- launch failed, reason: Unity was launched with the -noUpm command-line argument
[Package Manager] UpmClient::Send -- Unable to send message (not connected to UPM process).
[Package Manager] Cannot connect to Unity Package Manager local server
System.NullReferenceException: Object reference not set to an instance of an object
  at UnityEngine.XR.Interaction.Toolkit.Samples.StarterAssets.RenderPipelineValidation..cctor () [0x0000d] in C:\Users\UTCPRET\Desktop\projet-ai38\ProjetAI38\Assets\Samples\XR Interaction Toolkit\3.0.3\Starter Assets\Scripts\MaterialPipelineHandler.cs:16 
UnityEngine.StackTraceUtility:ExtractStackTrace ()
UnityEngine.DebugLogHandler:LogFormat (UnityEngine.LogType,UnityEngine.Object,string,object[])
UnityEngine.Logger:Log (UnityEngine.LogType,object)
UnityEngine.Debug:LogError (object)
UnityEditor.EditorAssemblies:ProcessInitializeOnLoadAttributes (System.Type[])

System.Reflection.TargetInvocationException: Exception has been thrown by the target of an invocation. ---> System.NullReferenceException: Object reference not set to an instance of an object
  at Unity.XR.Oculus.OculusLoader.AssetPathToAbsolutePath (System.String assetPath) [0x0003d] in .\Library\PackageCache\com.unity.xr.oculus@4.2.0\Runtime\OculusLoader.cs:298 
  at Unity.XR.Oculus.OculusLoader.EditorLoadOVRPlugin () [0x0008c] in .\Library\PackageCache\com.unity.xr.oculus@4.2.0\Runtime\OculusLoader.cs:283 
  at (wrapper managed-to-native) System.Reflection.RuntimeMethodInfo.InternalInvoke(System.Reflection.RuntimeMethodInfo,object,object[],System.Exception&)
  at System.Reflection.RuntimeMethodInfo.Invoke (System.Object obj, System.Reflection.BindingFlags invokeAttr, System.Reflection.Binder binder, System.Object[] parameters, System.Globalization.CultureInfo culture) [0x0006a] in <8ce0bd04a7a04b4b9395538239d3fdd8>:0 
   --- End of inner exception stack trace ---
  at System.Reflection.RuntimeMethodInfo.Invoke (System.Object obj, System.Reflection.BindingFlags invokeAttr, System.Reflection.Binder binder, System.Object[] parameters, System.Globalization.CultureInfo culture) [0x00083] in <8ce0bd04a7a04b4b9395538239d3fdd8>:0 
  at System.Reflection.MethodBase.Invoke (System.Object obj, System.Object[] parameters) [0x00000] in <8ce0bd04a7a04b4b9395538239d3fdd8>:0 
  at UnityEditor.EditorAssemblies.ProcessInitializeOnLoadMethodAttributes () [0x000a5] in <0ab653b677424c84aa7f1e3350b765bc>:0 
UnityEngine.StackTraceUtility:ExtractStackTrace ()
UnityEngine.DebugLogHandler:LogFormat (UnityEngine.LogType,UnityEngine.Object,string,object[])
UnityEngine.Logger:Log (UnityEngine.LogType,object)
UnityEngine.Debug:LogError (object)
UnityEditor.EditorAssemblies:ProcessInitializeOnLoadMethodAttributes ()

Mono: successfully reloaded assembly
[Package Manager] Server::EnsureServerProcessIsRunning -- launch failed, reason: Unity was launched with the -noUpm command-line argument
[Package Manager] UpmClient::Send -- Unable to send message (not connected to UPM process).
[Package Manager] Cannot connect to Unity Package Manager local server
- Finished resetting the current domain, in 10.892 seconds
Domain Reload Profiling: 14290ms
	BeginReloadAssembly (192ms)
		ExecutionOrderSort (0ms)
		DisableScriptedObjects (4ms)
		BackupInstance (0ms)
		ReleaseScriptingObjects (0ms)
		CreateAndSetChildDomain (50ms)
	RebuildCommonClasses (30ms)
	RebuildNativeTypeToScriptingClass (8ms)
	initialDomainReloadingComplete (43ms)
	LoadAllAssembliesAndSetupDomain (3124ms)
		LoadAssemblies (3092ms)
		RebuildTransferFunctionScriptingTraits (0ms)
		AnalyzeDomain (125ms)
			TypeCache.Refresh (49ms)
				TypeCache.ScanAssembly (26ms)
			ScanForSourceGeneratedMonoScriptInfo (58ms)
			ResolveRequiredComponents (16ms)
	FinalizeReload (10893ms)
		ReleaseScriptCaches (0ms)
		RebuildScriptCaches (0ms)
		SetupLoadedEditorAssemblies (1170ms)
			LogAssemblyErrors (0ms)
			InitializePlatformSupportModulesInManaged (11ms)
			SetLoadedEditorAssemblies (5ms)
			RefreshPlugins (0ms)
			BeforeProcessingInitializeOnLoad (158ms)
			ProcessInitializeOnLoadAttributes (866ms)
			ProcessInitializeOnLoadMethodAttributes (122ms)
			AfterProcessingInitializeOnLoad (9ms)
			EditorAssembliesLoaded (0ms)
		ExecutionOrderSort2 (0ms)
		AwakeInstancesAfterBackupRestoration (82ms)
Refreshing native plugins compatible for Editor in 31.37 ms, found 12 plugins.
Preloading 1 native plugins for Editor in 0.11 ms.
Unloading 7985 Unused Serialized files (Serialized files now loaded: 0)
Unloading 222 unused Assets / (14.4 MB). Loaded Objects now: 8667.
Memory consumption went from 327.5 MB to 313.1 MB.
Total: 18.394100 ms (FindLiveObjects: 0.829700 ms CreateObjectMapping: 0.666600 ms MarkObjects: 6.911500 ms  DeleteObjects: 9.983700 ms)

Prepare: number of updated asset objects reloaded= 12
AssetImportParameters requested are different than current active one (requested -> active):
  custom:container-demuxer-ogg: 62fdf1f143b41e24485cea50d1cbac27 -> 
  custom:scripting/monoscript/fileName/XRLoaderInfo.cs: 818894a2d66a1c67db7c4797664322f2 -> 86fa513bfc04d58509db292069910bf2
  custom:framework-win-MediaFoundation: 216162199b28c13a410421893ffa2e32 -> 
  custom:scripting/monoscript/fileName/XRSettingsManager.cs: 43c3d777d0c8ebd09beeda0c7fff1e95 -> 701988ef3c16e84d3bc781477493ab34
  custom:scripting/monoscript/fileName/XRGeneralBuildProcessor.cs: 0efaf30eeb6ecccfafe5b7912a15e1e1 -> d52e14652f14fd6e56a66a859653fea9
  custom:scripting/monoscript/fileName/XRGeneralSettings.cs: d08d3d9bd0dc40127f8f3154525c3cb3 -> 01e68fef49e5cbf622bb7b4ffc622d89
  custom:scripting/monoscript/fileName/XRManagerEditor.cs: 7d85fed4b8ad462e9dbb09e8d2f0aac4 -> 6847a9ea85cd2d801d895b625e9590ff
  custom:scripting/monoscript/fileName/ManifestElement.cs: e66d1acaa2995bff2851f10ea3cd7296 -> c30b57498d373b7476c4d7dfdaee189c
  custom:scripting/monoscript/fileName/XRConfigurationData.cs: 713f6b36380d0712ad8a9b08f19954ed -> 2cf07b13d54bfee2898ed6dc38612fbb
  custom:scripting/monoscript/fileName/XRLegacyUninstaller.cs: 5eab1913f4344c5c616ea18e03ba346f -> b85851af39f83959c5c298effbf32139
  custom:scripting/monoscript/fileName/XRCustomLoaderUIManager.cs: 177a81916dab61baa07e1ecf7d381d35 -> 4be5a8f671a1d808dd1496961b79b86b
  custom:container-muxer-webm: aa71ff27fc2769a1b78a27578f13a17b -> 
  custom:video-decoder-webm-vp8: 9c59270c3fd7afecdb556c50c9e8de78 -> 
  custom:SearchIndexIgnoredProperties: e643bd26f0fe6173181afceb89e7c659 -> 
  custom:AudioImporter_EditorPlatform: d09bf68614088b80899f8185d706f6e7 -> 
  custom:scripting/monoscript/fileName/AndroidManifestProcessor.cs: 7d2fa412ede7b0804737b410f6dcc6b5 -> d8dd4961c18e43fcd707eb950405363a
  custom:scripting/monoscript/fileName/AndroidManifestBuildEventReceiver.cs: ff26efb13f2d08f48a2b114836506036 -> 641c0bff5eb90d0569a809ea302132ee
  custom:audio-decoder-ogg-vorbis: bf7c407c2cedff20999df2af8eb42d56 -> 
  custom:scripting/monoscript/fileName/IAndroidManifestRequirementProvider.cs: 4326cc96ab66e5fef3e5446bce878400 -> 42bf6f4b06629c812bd73f8ff461fec4
  custom:scripting/monoscript/fileName/EditorUtilities.cs: 01864f070e14f3584960ef5627cf9e55 -> 219d482e32bf0c01357e773617418955
  custom:scripting/monoscript/fileName/XRPackageInitialization.cs: 4687a00f1392b5bb00ca59be52d7c900 -> 1f095dd277a284b59543541a608de1da
  custom:scripting/monoscript/fileName/XRConstants.cs: 1730138bf046fc0a6b2954c86c6d0041 -> 1558884a4b0ea94b4910dd640a0e6741
  custom:audio-encoder-webm-vorbis: bf7c407c2cedff20999df2af8eb42d56 -> 
  custom:scripting/monoscript/fileName/XRPackageInitializationSettings.cs: 8fd1fa271763012401d1991ada19c70e -> 2f743437d3b09c9a4a5a33e9be971b1a
  custom:scripting/precompiled-assembly-types:Assembly-CSharp: 25f7df66518271c1cdbbde4f2f41c53a -> d09710ba470ec379559321cbb31dc46a
  custom:video-codec-MediaFoundation-h265: 746d11721c4dcdbdad8f713fa42b33f4 -> 
  custom:scripting/precompiled-assembly-types:Unity.XR.Management.Editor: 57976a817f1286614f467afed0dd856e -> fe28088511f2b9a408ee32089af33792
  custom:video-decoder-ogg-theora: a1e56fd34408186e4bbccfd4996cb3dc -> 
  custom:scripting/monoscript/fileName/XRGeneralSettingsPerBuildTarget.cs: 16ff37e57a568e497be4f0712a9a33c4 -> 6970e5bff368910038049eb1434facbf
  custom:scripting/monoscript/fileName/IXRLoaderPreInit.cs: 60a65812967a6a994d323fb4a3bc40d7 -> 4dbca4fbe4a89e2a18943694f414e3a9
  custom:scripting/monoscript/fileName/XRBuildProcessorHelper.cs: 8f6297df34271fdb1ce2d9607ec6261d -> 90647cc400823b41df847a6cbfc29026
  custom:scripting/monoscript/fileName/TypeLoaderExtensions.cs: 3d9383ab701f2e57f1a038529027b2d7 -> ee5d3b5e5d81c98c5d3594e8b9153df0
  custom:CustomObjectIndexerAttribute: 72b91833f83ae208fae7752999fa3104 -> 
  custom:scripting/monoscript/fileName/XRConfigurationProvider.cs: b6037a01878f8a392f51d1eb57a74c21 -> fa91ddd62be7b4c45bfd03890af30249
  custom:scripting/monoscript/fileName/XREditorWorkQueue.cs: dab5497c8483e158d471edc9c890b6df -> 8e928039a032f154dc8a86537aaac69a
  custom:scripting/monoscript/fileName/ManifestRequirement.cs: 55446fc1aea792d5bd58cd53891bbf28 -> d0237042ed94ccc3267a409cde8490a6
  custom:container-demuxer-webm: 4f35f7cbe854078d1ac9338744f61a02 -> 
  custom:scripting/monoscript/fileName/PackageNotificationUtils.cs: b122d810307522aba068b1ac06f7cf0f -> e493f521fc1755dec19875ae28a4f621
  custom:scripting/monoscript/fileName/XRPackageMetadataStore.cs: d9d78f910195bd2f088340a24a66c769 -> e06e5e9ffca9529e9db63900dd9caf32
  custom:scripting/monoscript/fileName/XRLoaderInfoManager.cs: 372bb785917be4037ad09602c4baf05a -> 28efaa63edac30b89ccc35ca2bf149fa
  custom:scripting/monoscript/fileName/XRManagerSettings.cs: 2ba91bbcf8d586faaa2b8e5422b0984f -> 39a1227fa3c478af29a735ec246b6baf
  custom:scripting/monoscript/fileName/XRGeneralSettingsUpgrade.cs: 98c0aaec402c0674f97631d2b5f2a00f -> cc8d2e81204b3fd0e662cd38ef4a2d49
  custom:scripting/monoscript/fileName/XRCustomLoaderUI.cs: 68887eacb86f7c8c452f082dde8bf048 -> a1b6225426bb5004db8b9d7388fe5771
  custom:scripting/monoscript/fileName/XRLoaderHelper.cs: e785a36687843ea6d40b3bb49d46a2ce -> ae85c4c4a11fcc1ed3393963333e400c
  custom:scripting/monoscript/fileName/XRLoader.cs: 8f1bb337f7721c83af550d3df06246de -> d82cec0b87bab7dffe74fb3651887ce3
  custom:scripting/monoscript/fileName/XRSupportedBuildTargetAttribute.cs: d075f5cdbd7f3fba5045a0f25f0a7974 -> f87a91ba911f6030453bea8d921b45d2
  custom:scripting/monoscript/fileName/BuildHelpers.cs: 60689066956cb69bbd1112f8f936b371 -> 52ee9552b5cbbfe4eb60d480e36ffff5
  custom:scripting/monoscript/fileName/XRLoaderOrderUI.cs: 65b20182e989272b7e0439cd47eae80e -> 7bb0491ac9109774b097f2da80cd0c03
  custom:video-encoder-webm-vp8: eb34c28f22e8b96e1ab97ce403110664 -> 
  custom:scripting/monoscript/fileName/GrabInteractable.cs: 9b729d7fe8b6f469f04cd9e7025dd827 -> 
  custom:scripting/monoscript/fileName/KnownPackages.cs: 2411540a6b80bde165035b9ffbb722ba -> 5131bbb130bb4652742f626552744ac4
  custom:scripting/monoscript/fileName/XRManagementAnalytics.cs: bf117eef22dee001b4c5f21604af7845 -> 546181baf4c03dbbd57015a6731508f8
  custom:scripting/monoscript/fileName/XRPackage.cs: a7ee512db104827eeeec71c027c7f720 -> f2edbbf87f9b798abaf2a9f285d155f5
  custom:scripting/monoscript/fileName/AndroidManifestDocument.cs: 2f13ecbd7e29d26d02f780cb4fbd0a55 -> 47b2d5387fe80e2b28f68297243f4883
  custom:scripting/monoscript/fileName/XRPackageMetadata.cs: 4f8a12748efcdfd2878565fdb174a717 -> 16731333f575d8bc31df496aced36ebf
