Using pre-set license
Built from '2022.3/staging' branch; Version is '2022.3.45f1 (a13dfa44d684) revision 10567162'; Using compiler version '192829333'; Build Type 'Release'
OS: 'Windows 11  (10.0.22631) 64bit Enterprise' Language: 'fr' Physical Memory: 16016 MB
BatchMode: 1, IsHumanControllingUs: 0, StartBugReporterOnCrash: 0, Is64bit: 1, IsPro: 1

COMMAND LINE ARGUMENTS:
C:\Program Files\Unity\Hub\Editor\2022.3.45f1\Editor\Unity.exe
-adb2
-batchMode
-noUpm
-name
AssetImportWorker0
-projectPath
C:/Users/UTCPRET/Desktop/projet-ai38/ProjetAI38
-logFile
Logs/AssetImportWorker0.log
-srvPort
61002
Successfully changed project path to: C:/Users/UTCPRET/Desktop/projet-ai38/ProjetAI38
C:/Users/UTCPRET/Desktop/projet-ai38/ProjetAI38
[UnityMemory] Configuration Parameters - Can be set up in boot.config
    "memorysetup-bucket-allocator-granularity=16"
    "memorysetup-bucket-allocator-bucket-count=8"
    "memorysetup-bucket-allocator-block-size=33554432"
    "memorysetup-bucket-allocator-block-count=8"
    "memorysetup-main-allocator-block-size=16777216"
    "memorysetup-thread-allocator-block-size=16777216"
    "memorysetup-gfx-main-allocator-block-size=16777216"
    "memorysetup-gfx-thread-allocator-block-size=16777216"
    "memorysetup-cache-allocator-block-size=4194304"
    "memorysetup-typetree-allocator-block-size=2097152"
    "memorysetup-profiler-bucket-allocator-granularity=16"
    "memorysetup-profiler-bucket-allocator-bucket-count=8"
    "memorysetup-profiler-bucket-allocator-block-size=33554432"
    "memorysetup-profiler-bucket-allocator-block-count=8"
    "memorysetup-profiler-allocator-block-size=16777216"
    "memorysetup-profiler-editor-allocator-block-size=1048576"
    "memorysetup-temp-allocator-size-main=16777216"
    "memorysetup-job-temp-allocator-block-size=2097152"
    "memorysetup-job-temp-allocator-block-size-background=1048576"
    "memorysetup-job-temp-allocator-reduction-small-platforms=262144"
    "memorysetup-allocator-temp-initial-block-size-main=262144"
    "memorysetup-allocator-temp-initial-block-size-worker=262144"
    "memorysetup-temp-allocator-size-background-worker=32768"
    "memorysetup-temp-allocator-size-job-worker=262144"
    "memorysetup-temp-allocator-size-preload-manager=33554432"
    "memorysetup-temp-allocator-size-nav-mesh-worker=65536"
    "memorysetup-temp-allocator-size-audio-worker=65536"
    "memorysetup-temp-allocator-size-cloud-worker=32768"
    "memorysetup-temp-allocator-size-gi-baking-worker=262144"
    "memorysetup-temp-allocator-size-gfx=262144"
Player connection [18072]  Target information:

Player connection [18072]  * "[IP] 172.29.41.14 [Port] 0 [Flags] 2 [Guid] 521935710 [EditorId] 521935710 [Version] 1048832 [Id] WindowsEditor(7,PRFEPORTETU03) [Debug] 1 [PackageName] WindowsEditor [ProjectName] Editor" 

Player connection [18072]  * "[IP] 192.168.56.1 [Port] 0 [Flags] 2 [Guid] 521935710 [EditorId] 521935710 [Version] 1048832 [Id] WindowsEditor(7,PRFEPORTETU03) [Debug] 1 [PackageName] WindowsEditor [ProjectName] Editor" 

Player connection [18072] Host joined multi-casting on [225.0.0.222:54997]...
Player connection [18072] Host joined alternative multi-casting on [225.0.0.222:34997]...
[PhysX] Initialized MultithreadedTaskDispatcher with 8 workers.
Refreshing native plugins compatible for Editor in 179.56 ms, found 12 plugins.
Preloading 1 native plugins for Editor in 0.65 ms.
Initialize engine version: 2022.3.45f1 (a13dfa44d684)
[Subsystems] Discovering subsystems at path C:/Program Files/Unity/Hub/Editor/2022.3.45f1/Editor/Data/Resources/UnitySubsystems
[Subsystems] Discovering subsystems at path C:/Users/UTCPRET/Desktop/projet-ai38/ProjetAI38/Assets
GfxDevice: creating device client; threaded=0; jobified=0
Direct3D:
    Version:  Direct3D 11.0 [level 11.1]
    Renderer: Intel(R) UHD Graphics (ID=0x46b3)
    Vendor:   Intel
    VRAM:     8008 MB
    Driver:   31.0.101.3358
Initialize mono
Mono path[0] = 'C:/Program Files/Unity/Hub/Editor/2022.3.45f1/Editor/Data/Managed'
Mono path[1] = 'C:/Program Files/Unity/Hub/Editor/2022.3.45f1/Editor/Data/MonoBleedingEdge/lib/mono/unityjit-win32'
Mono config path = 'C:/Program Files/Unity/Hub/Editor/2022.3.45f1/Editor/Data/MonoBleedingEdge/etc'
Using monoOptions --debugger-agent=transport=dt_socket,embedding=1,server=y,suspend=n,address=127.0.0.1:56804
Begin MonoManager ReloadAssembly
Registering precompiled unity dll's ...
Register platform support module: C:/Program Files/Unity/Hub/Editor/2022.3.45f1/Editor/Data/PlaybackEngines/WebGLSupport/UnityEditor.WebGL.Extensions.dll
Register platform support module: C:/Program Files/Unity/Hub/Editor/2022.3.45f1/Editor/Data/PlaybackEngines/WindowsStandaloneSupport/UnityEditor.WindowsStandalone.Extensions.dll
Registered in 0.026363 seconds.
- Loaded All Assemblies, in  0.743 seconds
Native extension for WindowsStandalone target not found
Native extension for WebGL target not found
Mono: successfully reloaded assembly
- Finished resetting the current domain, in  0.834 seconds
Domain Reload Profiling: 1572ms
	BeginReloadAssembly (166ms)
		ExecutionOrderSort (0ms)
		DisableScriptedObjects (0ms)
		BackupInstance (0ms)
		ReleaseScriptingObjects (0ms)
		CreateAndSetChildDomain (1ms)
	RebuildCommonClasses (68ms)
	RebuildNativeTypeToScriptingClass (24ms)
	initialDomainReloadingComplete (122ms)
	LoadAllAssembliesAndSetupDomain (357ms)
		LoadAssemblies (165ms)
		RebuildTransferFunctionScriptingTraits (0ms)
		AnalyzeDomain (351ms)
			TypeCache.Refresh (348ms)
				TypeCache.ScanAssembly (313ms)
			ScanForSourceGeneratedMonoScriptInfo (1ms)
			ResolveRequiredComponents (1ms)
	FinalizeReload (835ms)
		ReleaseScriptCaches (0ms)
		RebuildScriptCaches (0ms)
		SetupLoadedEditorAssemblies (671ms)
			LogAssemblyErrors (0ms)
			InitializePlatformSupportModulesInManaged (43ms)
			SetLoadedEditorAssemblies (18ms)
			RefreshPlugins (0ms)
			BeforeProcessingInitializeOnLoad (9ms)
			ProcessInitializeOnLoadAttributes (440ms)
			ProcessInitializeOnLoadMethodAttributes (162ms)
			AfterProcessingInitializeOnLoad (0ms)
			EditorAssembliesLoaded (0ms)
		ExecutionOrderSort2 (0ms)
		AwakeInstancesAfterBackupRestoration (0ms)
========================================================================
Worker process is ready to serve import requests
Caller must complete domain reload
Begin MonoManager ReloadAssembly
Symbol file data-000001911EBA9D50 doesn't match image C:\Users\UTCPRET\Desktop\projet-ai38\ProjetAI38\Library\ScriptAssemblies\Unity.XR.OpenXR.Features.MetaQuestSupport.Editor.dll
Symbol file LoadedFromMemory is not a mono symbol file
Symbol file data-000001911EBAE760 doesn't match image C:\Users\UTCPRET\Desktop\projet-ai38\ProjetAI38\Library\ScriptAssemblies\Unity.XR.Management.dll
Symbol file LoadedFromMemory is not a mono symbol file
Symbol file data-00000190FBAB6020 doesn't match image C:\Users\UTCPRET\Desktop\projet-ai38\ProjetAI38\Library\ScriptAssemblies\Unity.XR.Interaction.Toolkit.Editor.dll
Symbol file LoadedFromMemory is not a mono symbol file
Symbol file data-00000190FB0D0080 doesn't match image C:\Users\UTCPRET\Desktop\projet-ai38\ProjetAI38\Library\ScriptAssemblies\Unity.RenderPipelines.Core.Runtime.dll
Symbol file LoadedFromMemory is not a mono symbol file
Symbol file data-00000190FB0D0080 doesn't match image C:\Users\UTCPRET\Desktop\projet-ai38\ProjetAI38\Library\ScriptAssemblies\Unity.Burst.Editor.dll
Symbol file LoadedFromMemory is not a mono symbol file
Symbol file data-00000190FB0D0080 doesn't match image C:\Users\UTCPRET\Desktop\projet-ai38\ProjetAI38\Library\ScriptAssemblies\Unity.Rider.Editor.dll
Symbol file LoadedFromMemory is not a mono symbol file
Symbol file data-000001911DACB420 doesn't match image C:\Users\UTCPRET\Desktop\projet-ai38\ProjetAI38\Library\ScriptAssemblies\Unity.XR.OpenXR.Features.ConformanceAutomation.dll
Symbol file LoadedFromMemory is not a mono symbol file
Symbol file data-000001911EBB3F70 doesn't match image C:\Users\UTCPRET\Desktop\projet-ai38\ProjetAI38\Library\ScriptAssemblies\Unity.XR.OpenXR.Features.OculusQuestSupport.Editor.dll
Symbol file LoadedFromMemory is not a mono symbol file
Symbol file data-000001911DACB420 doesn't match image C:\Users\UTCPRET\Desktop\projet-ai38\ProjetAI38\Library\ScriptAssemblies\Unity.RenderPipelines.Universal.Config.Runtime.dll
Symbol file LoadedFromMemory is not a mono symbol file
Symbol file data-00000190FB0D0080 doesn't match image C:\Users\UTCPRET\Desktop\projet-ai38\ProjetAI38\Library\ScriptAssemblies\Unity.RenderPipelines.Core.Editor.dll
Symbol file LoadedFromMemory is not a mono symbol file
Symbol file data-000001911DD67820 doesn't match image C:\Users\UTCPRET\Desktop\projet-ai38\ProjetAI38\Library\ScriptAssemblies\UnityEditor.TestRunner.dll
Symbol file LoadedFromMemory is not a mono symbol file
Symbol file data-00000190FB99D010 doesn't match image C:\Users\UTCPRET\Desktop\projet-ai38\ProjetAI38\Library\ScriptAssemblies\Unity.VisualScripting.Flow.dll
Symbol file LoadedFromMemory is not a mono symbol file
Symbol file data-000001911EBB3F70 doesn't match image C:\Users\UTCPRET\Desktop\projet-ai38\ProjetAI38\Library\ScriptAssemblies\Unity.Mathematics.Editor.dll
Symbol file LoadedFromMemory is not a mono symbol file
Symbol file data-000001911EBB3F70 doesn't match image C:\Users\UTCPRET\Desktop\projet-ai38\ProjetAI38\Library\ScriptAssemblies\Unity.XR.OpenXR.Features.MockRuntime.dll
Symbol file LoadedFromMemory is not a mono symbol file
Symbol file data-00000190FB107690 doesn't match image C:\Users\UTCPRET\Desktop\projet-ai38\ProjetAI38\Library\ScriptAssemblies\Unity.XR.CoreUtils.dll
Symbol file LoadedFromMemory is not a mono symbol file
Symbol file data-000001911EBB3F70 doesn't match image C:\Users\UTCPRET\Desktop\projet-ai38\ProjetAI38\Library\ScriptAssemblies\Unity.TestTools.CodeCoverage.Editor.OpenCover.Mono.Reflection.dll
Symbol file LoadedFromMemory is not a mono symbol file
Symbol file data-00000190FB107690 doesn't match image C:\Users\UTCPRET\Desktop\projet-ai38\ProjetAI38\Library\ScriptAssemblies\Unity.XR.OpenXR.dll
Symbol file LoadedFromMemory is not a mono symbol file
Symbol file data-000001911EBB3F70 doesn't match image C:\Users\UTCPRET\Desktop\projet-ai38\ProjetAI38\Library\ScriptAssemblies\Unity.XR.OpenXR.Features.MetaQuestSupport.dll
Symbol file LoadedFromMemory is not a mono symbol file
Symbol file data-00000190FB9D0620 doesn't match image C:\Users\UTCPRET\Desktop\projet-ai38\ProjetAI38\Library\ScriptAssemblies\Unity.Performance.Profile-Analyzer.Editor.dll
Symbol file LoadedFromMemory is not a mono symbol file
Symbol file data-000001911EBB3F70 doesn't match image C:\Users\UTCPRET\Desktop\projet-ai38\ProjetAI38\Library\ScriptAssemblies\Unity.RenderPipelines.Core.ShaderLibrary.dll
Symbol file LoadedFromMemory is not a mono symbol file
Symbol file data-00000190FB107690 doesn't match image C:\Users\UTCPRET\Desktop\projet-ai38\ProjetAI38\Library\ScriptAssemblies\Unity.TestTools.CodeCoverage.Editor.dll
Symbol file LoadedFromMemory is not a mono symbol file
Symbol file data-00000190FB107690 doesn't match image C:\Users\UTCPRET\Desktop\projet-ai38\ProjetAI38\Library\ScriptAssemblies\Unity.XR.Management.Editor.dll
Symbol file LoadedFromMemory is not a mono symbol file
Symbol file data-000001911EBB3F70 doesn't match image C:\Users\UTCPRET\Desktop\projet-ai38\ProjetAI38\Library\ScriptAssemblies\Unity.XR.Interaction.Toolkit.Samples.StarterAssets.Editor.dll
Symbol file LoadedFromMemory is not a mono symbol file
Symbol file data-000001911DD7D830 doesn't match image C:\Users\UTCPRET\Desktop\projet-ai38\ProjetAI38\Library\ScriptAssemblies\Unity.Settings.Editor.dll
Symbol file LoadedFromMemory is not a mono symbol file
Symbol file data-000001911EBB3F70 doesn't match image C:\Users\UTCPRET\Desktop\projet-ai38\ProjetAI38\Library\ScriptAssemblies\PPv2URPConverters.dll
Symbol file LoadedFromMemory is not a mono symbol file
Symbol file data-000001911DD81840 doesn't match image C:\Users\UTCPRET\Desktop\projet-ai38\ProjetAI38\Library\ScriptAssemblies\Unity.XR.CoreUtils.Editor.dll
Symbol file LoadedFromMemory is not a mono symbol file
Symbol file data-00000190FB45E010 doesn't match image C:\Users\UTCPRET\Desktop\projet-ai38\ProjetAI38\Library\ScriptAssemblies\Unity.Tutorials.Core.Editor.dll
Symbol file LoadedFromMemory is not a mono symbol file
Symbol file data-00000190FB45E010 doesn't match image C:\Users\UTCPRET\Desktop\projet-ai38\ProjetAI38\Library\ScriptAssemblies\Unity.TextMeshPro.dll
Symbol file LoadedFromMemory is not a mono symbol file
Symbol file data-00000190FB9E5430 doesn't match image C:\Users\UTCPRET\Desktop\projet-ai38\ProjetAI38\Library\ScriptAssemblies\Unity.Burst.CodeGen.dll
Symbol file LoadedFromMemory is not a mono symbol file
Symbol file data-000001911D9DB9C0 doesn't match image C:\Users\UTCPRET\Desktop\projet-ai38\ProjetAI38\Library\ScriptAssemblies\Unity.XR.OpenXR.Features.OculusQuestSupport.dll
Symbol file LoadedFromMemory is not a mono symbol file
Symbol file data-000001911D9EEA90 doesn't match image C:\Users\UTCPRET\Desktop\projet-ai38\ProjetAI38\Library\ScriptAssemblies\Unity.XR.Oculus.Editor.dll
Symbol file LoadedFromMemory is not a mono symbol file
Symbol file data-000001911D9EEA90 doesn't match image C:\Users\UTCPRET\Desktop\projet-ai38\ProjetAI38\Library\ScriptAssemblies\Unity.VSCode.Editor.dll
Symbol file LoadedFromMemory is not a mono symbol file
Symbol file data-00000190FBC68020 doesn't match image C:\Users\UTCPRET\Desktop\projet-ai38\ProjetAI38\Library\ScriptAssemblies\Unity.XR.Interaction.Toolkit.dll
Symbol file LoadedFromMemory is not a mono symbol file
Symbol file data-000001911DF19220 doesn't match image C:\Users\UTCPRET\Desktop\projet-ai38\ProjetAI38\Library\ScriptAssemblies\Unity.RenderPipelines.Universal.Editor.dll
Symbol file LoadedFromMemory is not a mono symbol file
Symbol file data-000001911D9EEA90 doesn't match image C:\Users\UTCPRET\Desktop\projet-ai38\ProjetAI38\Library\ScriptAssemblies\Unity.XR.OpenXR.Features.RuntimeDebugger.dll
Symbol file LoadedFromMemory is not a mono symbol file
Symbol file data-000001911D9DB9C0 doesn't match image C:\Users\UTCPRET\Desktop\projet-ai38\ProjetAI38\Library\ScriptAssemblies\Unity.RenderPipelines.ShaderGraph.ShaderGraphLibrary.dll
Symbol file LoadedFromMemory is not a mono symbol file
Symbol file data-00000190FB60EEB0 doesn't match image C:\Users\UTCPRET\Desktop\projet-ai38\ProjetAI38\Library\ScriptAssemblies\Unity.InternalAPIEditorBridge.007.dll
Symbol file LoadedFromMemory is not a mono symbol file
Symbol file data-000001911D9F34A0 doesn't match image C:\Users\UTCPRET\Desktop\projet-ai38\ProjetAI38\Library\ScriptAssemblies\Unity.EditorCoroutines.Editor.dll
Symbol file LoadedFromMemory is not a mono symbol file
Symbol file data-000001911D9DB9C0 doesn't match image C:\Users\UTCPRET\Desktop\projet-ai38\ProjetAI38\Library\ScriptAssemblies\Unity.InternalAPIEngineBridge.007.dll
Symbol file LoadedFromMemory is not a mono symbol file
Symbol file data-000001911D590890 doesn't match image C:\Users\UTCPRET\Desktop\projet-ai38\ProjetAI38\Library\ScriptAssemblies\Unity.RenderPipelines.Universal.Runtime.dll
Symbol file LoadedFromMemory is not a mono symbol file
Symbol file data-00000190FB614CC0 doesn't match image C:\Users\UTCPRET\Desktop\projet-ai38\ProjetAI38\Library\ScriptAssemblies\UnityEngine.XR.LegacyInputHelpers.dll
Symbol file LoadedFromMemory is not a mono symbol file
Symbol file data-000001911DF19220 doesn't match image C:\Users\UTCPRET\Desktop\projet-ai38\ProjetAI38\Library\ScriptAssemblies\Unity.Burst.dll
Symbol file LoadedFromMemory is not a mono symbol file
Symbol file data-000001911D5E64A0 doesn't match image C:\Users\UTCPRET\Desktop\projet-ai38\ProjetAI38\Library\ScriptAssemblies\Unity.PlasticSCM.Editor.dll
Symbol file LoadedFromMemory is not a mono symbol file
Symbol file data-000001911E01EE30 doesn't match image C:\Users\UTCPRET\Desktop\projet-ai38\ProjetAI38\Library\ScriptAssemblies\Unity.Timeline.Editor.dll
Symbol file LoadedFromMemory is not a mono symbol file
Symbol file data-00000190FB614CC0 doesn't match image C:\Users\UTCPRET\Desktop\projet-ai38\ProjetAI38\Library\ScriptAssemblies\Unity.VisualScripting.Shared.Editor.dll
Symbol file LoadedFromMemory is not a mono symbol file
Symbol file data-00000190FBB2B220 doesn't match image C:\Users\UTCPRET\Desktop\projet-ai38\ProjetAI38\Library\ScriptAssemblies\Unity.ShaderGraph.Editor.dll
Symbol file LoadedFromMemory is not a mono symbol file
Symbol file data-000001911D9DB9C0 doesn't match image C:\Users\UTCPRET\Desktop\projet-ai38\ProjetAI38\Library\ScriptAssemblies\Unity.Tutorials.Core.dll
Symbol file LoadedFromMemory is not a mono symbol file
Symbol file data-000001911D9DB9C0 doesn't match image C:\Users\UTCPRET\Desktop\projet-ai38\ProjetAI38\Library\ScriptAssemblies\Unity.CollabProxy.Editor.dll
Symbol file LoadedFromMemory is not a mono symbol file
Symbol file data-000001911D9F34A0 doesn't match image C:\Users\UTCPRET\Desktop\projet-ai38\ProjetAI38\Library\ScriptAssemblies\UnityEditor.SpatialTracking.dll
Symbol file LoadedFromMemory is not a mono symbol file
Symbol file data-000001911DF19220 doesn't match image C:\Users\UTCPRET\Desktop\projet-ai38\ProjetAI38\Library\ScriptAssemblies\Unity.VisualStudio.Editor.dll
Symbol file LoadedFromMemory is not a mono symbol file
Symbol file data-000001911DF31030 doesn't match image C:\Users\UTCPRET\Desktop\projet-ai38\ProjetAI38\Library\ScriptAssemblies\UnityEditor.UI.dll
Symbol file LoadedFromMemory is not a mono symbol file
Symbol file data-000001911D5E64A0 doesn't match image C:\Users\UTCPRET\Desktop\projet-ai38\ProjetAI38\Library\ScriptAssemblies\Unity.VisualScripting.Core.dll
Symbol file LoadedFromMemory is not a mono symbol file
Symbol file data-00000190FBCE9190 doesn't match image C:\Users\UTCPRET\Desktop\projet-ai38\ProjetAI38\Library\ScriptAssemblies\UnityEngine.SpatialTracking.dll
Symbol file LoadedFromMemory is not a mono symbol file
Symbol file data-00000190FBBC5830 doesn't match image C:\Users\UTCPRET\Desktop\projet-ai38\ProjetAI38\Library\ScriptAssemblies\Unity.VisualScripting.Core.Editor.dll
Symbol file LoadedFromMemory is not a mono symbol file
Symbol file data-000001911DF31030 doesn't match image C:\Users\UTCPRET\Desktop\projet-ai38\ProjetAI38\Library\ScriptAssemblies\UnityEngine.UI.dll
Symbol file LoadedFromMemory is not a mono symbol file
Symbol file data-00000190FB48B830 doesn't match image C:\Users\UTCPRET\Desktop\projet-ai38\ProjetAI38\Library\ScriptAssemblies\UnityEditor.XR.LegacyInputHelpers.dll
Symbol file LoadedFromMemory is not a mono symbol file
Symbol file data-000001911DF31030 doesn't match image C:\Users\UTCPRET\Desktop\projet-ai38\ProjetAI38\Library\ScriptAssemblies\Unity.VisualScripting.Flow.Editor.dll
Symbol file LoadedFromMemory is not a mono symbol file
Symbol file data-000001911D9F34A0 doesn't match image C:\Users\UTCPRET\Desktop\projet-ai38\ProjetAI38\Library\ScriptAssemblies\Unity.RenderPipeline.Universal.ShaderLibrary.dll
Symbol file LoadedFromMemory is not a mono symbol file
Symbol file data-00000190FBC19C40 doesn't match image C:\Users\UTCPRET\Desktop\projet-ai38\ProjetAI38\Library\ScriptAssemblies\Unity.Timeline.dll
Symbol file LoadedFromMemory is not a mono symbol file
Symbol file data-00000190FB2AC230 doesn't match image C:\Users\UTCPRET\Desktop\projet-ai38\ProjetAI38\Library\ScriptAssemblies\Unity.InputSystem.dll
Symbol file LoadedFromMemory is not a mono symbol file
Symbol file data-00000190FBCE9190 doesn't match image C:\Users\UTCPRET\Desktop\projet-ai38\ProjetAI38\Library\ScriptAssemblies\Unity.InputSystem.ForUI.dll
Symbol file LoadedFromMemory is not a mono symbol file
Symbol file data-00000190FB48B830 doesn't match image C:\Users\UTCPRET\Desktop\projet-ai38\ProjetAI38\Library\ScriptAssemblies\Unity.XR.Oculus.dll
Symbol file LoadedFromMemory is not a mono symbol file
Symbol file data-00000190FB48B830 doesn't match image C:\Users\UTCPRET\Desktop\projet-ai38\ProjetAI38\Library\ScriptAssemblies\Unity.VisualScripting.SettingsProvider.Editor.dll
Symbol file LoadedFromMemory is not a mono symbol file
Symbol file data-00000190FBC3B260 doesn't match image C:\Users\UTCPRET\Desktop\projet-ai38\ProjetAI38\Library\ScriptAssemblies\Unity.XR.OpenXR.Editor.dll
Symbol file LoadedFromMemory is not a mono symbol file
Symbol file data-00000190FBC3B260 doesn't match image C:\Users\UTCPRET\Desktop\projet-ai38\ProjetAI38\Library\ScriptAssemblies\Unity.TestTools.CodeCoverage.Editor.OpenCover.Model.dll
Symbol file LoadedFromMemory is not a mono symbol file
Symbol file data-000001911E03FC40 doesn't match image C:\Users\UTCPRET\Desktop\projet-ai38\ProjetAI38\Library\ScriptAssemblies\UnityEngine.TestRunner.dll
Symbol file LoadedFromMemory is not a mono symbol file
Symbol file data-00000190FBC40030 doesn't match image C:\Users\UTCPRET\Desktop\projet-ai38\ProjetAI38\Library\ScriptAssemblies\Unity.VisualScripting.State.Editor.dll
Symbol file LoadedFromMemory is not a mono symbol file
Symbol file data-00000190FB361A40 doesn't match image C:\Users\UTCPRET\Desktop\projet-ai38\ProjetAI38\Library\ScriptAssemblies\Unity.Mathematics.dll
Symbol file LoadedFromMemory is not a mono symbol file
Symbol file data-00000190FBC40030 doesn't match image C:\Users\UTCPRET\Desktop\projet-ai38\ProjetAI38\Library\ScriptAssemblies\Unity.RenderPipelines.Universal.Shaders.dll
Symbol file LoadedFromMemory is not a mono symbol file
Symbol file data-00000190FB39A450 doesn't match image C:\Users\UTCPRET\Desktop\projet-ai38\ProjetAI38\Library\ScriptAssemblies\Unity.TextMeshPro.Editor.dll
Symbol file LoadedFromMemory is not a mono symbol file
Symbol file data-000001911E058450 doesn't match image C:\Users\UTCPRET\Desktop\projet-ai38\ProjetAI38\Library\ScriptAssemblies\Unity.Searcher.Editor.dll
Symbol file LoadedFromMemory is not a mono symbol file
Symbol file data-000001911E065C60 doesn't match image C:\Users\UTCPRET\Desktop\projet-ai38\ProjetAI38\Library\ScriptAssemblies\Unity.XR.OpenXR.Features.RuntimeDebugger.Editor.dll
Symbol file LoadedFromMemory is not a mono symbol file
Symbol file data-00000190FB3A9F40 doesn't match image C:\Users\UTCPRET\Desktop\projet-ai38\ProjetAI38\Library\ScriptAssemblies\Unity.VisualScripting.State.dll
Symbol file LoadedFromMemory is not a mono symbol file
Symbol file data-00000190FB3B5350 doesn't match image C:\Users\UTCPRET\Desktop\projet-ai38\ProjetAI38\Library\ScriptAssemblies\Unity.XR.Interaction.Toolkit.Samples.StarterAssets.dll
Symbol file LoadedFromMemory is not a mono symbol file
Symbol file data-000001911E065C60 doesn't match image C:\Users\UTCPRET\Desktop\projet-ai38\ProjetAI38\Library\ScriptAssemblies\Unity.ShaderGraph.Utilities.dll
Symbol file LoadedFromMemory is not a mono symbol file
Symbol file data-00000190FB3E1780 doesn't match image C:\Users\UTCPRET\Desktop\projet-ai38\ProjetAI38\Library\ScriptAssemblies\Unity.InputSystem.TestFramework.dll
Symbol file LoadedFromMemory is not a mono symbol file
- Loaded All Assemblies, in  1.449 seconds
Native extension for WindowsStandalone target not found
Native extension for WebGL target not found
Package Manager log level set to [2]
[Package Manager] Server::EnsureServerProcessIsRunning -- launch failed, reason: Unity was launched with the -noUpm command-line argument
[Package Manager] UpmClient::Send -- Unable to send message (not connected to UPM process).
[Package Manager] Cannot connect to Unity Package Manager local server
[Package Manager] Server::EnsureServerProcessIsRunning -- launch failed, reason: Unity was launched with the -noUpm command-line argument
[Package Manager] UpmClient::Send -- Unable to send message (not connected to UPM process).
[Package Manager] Cannot connect to Unity Package Manager local server
System.Reflection.TargetInvocationException: Exception has been thrown by the target of an invocation. ---> System.NullReferenceException: Object reference not set to an instance of an object
  at Unity.XR.Oculus.OculusLoader.AssetPathToAbsolutePath (System.String assetPath) [0x00043] in <193f2dce100f44e996057942cfa9d13a>:0 
  at Unity.XR.Oculus.OculusLoader.EditorLoadOVRPlugin () [0x0008c] in <193f2dce100f44e996057942cfa9d13a>:0 
  at (wrapper managed-to-native) System.Reflection.RuntimeMethodInfo.InternalInvoke(System.Reflection.RuntimeMethodInfo,object,object[],System.Exception&)
  at System.Reflection.RuntimeMethodInfo.Invoke (System.Object obj, System.Reflection.BindingFlags invokeAttr, System.Reflection.Binder binder, System.Object[] parameters, System.Globalization.CultureInfo culture) [0x0006a] in <8ce0bd04a7a04b4b9395538239d3fdd8>:0 
   --- End of inner exception stack trace ---
  at System.Reflection.RuntimeMethodInfo.Invoke (System.Object obj, System.Reflection.BindingFlags invokeAttr, System.Reflection.Binder binder, System.Object[] parameters, System.Globalization.CultureInfo culture) [0x00083] in <8ce0bd04a7a04b4b9395538239d3fdd8>:0 
  at System.Reflection.MethodBase.Invoke (System.Object obj, System.Object[] parameters) [0x00000] in <8ce0bd04a7a04b4b9395538239d3fdd8>:0 
  at UnityEditor.EditorAssemblies.ProcessInitializeOnLoadMethodAttributes () [0x000a5] in <0ab653b677424c84aa7f1e3350b765bc>:0 
UnityEngine.StackTraceUtility:ExtractStackTrace ()
UnityEngine.DebugLogHandler:LogFormat (UnityEngine.LogType,UnityEngine.Object,string,object[])
UnityEngine.Logger:Log (UnityEngine.LogType,object)
UnityEngine.Debug:LogError (object)
UnityEditor.EditorAssemblies:ProcessInitializeOnLoadMethodAttributes ()

Mono: successfully reloaded assembly
[Package Manager] Server::EnsureServerProcessIsRunning -- launch failed, reason: Unity was launched with the -noUpm command-line argument
[Package Manager] UpmClient::Send -- Unable to send message (not connected to UPM process).
[Package Manager] Cannot connect to Unity Package Manager local server
[Package Manager] Server::EnsureServerProcessIsRunning -- launch failed, reason: Unity was launched with the -noUpm command-line argument
[Package Manager] UpmClient::Send -- Unable to send message (not connected to UPM process).
[Package Manager] Cannot connect to Unity Package Manager local server
- Finished resetting the current domain, in  2.088 seconds
Domain Reload Profiling: 3530ms
	BeginReloadAssembly (280ms)
		ExecutionOrderSort (0ms)
		DisableScriptedObjects (21ms)
		BackupInstance (0ms)
		ReleaseScriptingObjects (0ms)
		CreateAndSetChildDomain (35ms)
	RebuildCommonClasses (37ms)
	RebuildNativeTypeToScriptingClass (16ms)
	initialDomainReloadingComplete (98ms)
	LoadAllAssembliesAndSetupDomain (1010ms)
		LoadAssemblies (686ms)
		RebuildTransferFunctionScriptingTraits (0ms)
		AnalyzeDomain (458ms)
			TypeCache.Refresh (393ms)
				TypeCache.ScanAssembly (361ms)
			ScanForSourceGeneratedMonoScriptInfo (47ms)
			ResolveRequiredComponents (16ms)
	FinalizeReload (2089ms)
		ReleaseScriptCaches (0ms)
		RebuildScriptCaches (0ms)
		SetupLoadedEditorAssemblies (1798ms)
			LogAssemblyErrors (0ms)
			InitializePlatformSupportModulesInManaged (12ms)
			SetLoadedEditorAssemblies (10ms)
			RefreshPlugins (0ms)
			BeforeProcessingInitializeOnLoad (321ms)
			ProcessInitializeOnLoadAttributes (1294ms)
			ProcessInitializeOnLoadMethodAttributes (154ms)
			AfterProcessingInitializeOnLoad (7ms)
			EditorAssembliesLoaded (0ms)
		ExecutionOrderSort2 (0ms)
		AwakeInstancesAfterBackupRestoration (10ms)
Launched and connected shader compiler UnityShaderCompiler.exe after 0.13 seconds
Refreshing native plugins compatible for Editor in 30.73 ms, found 12 plugins.
Preloading 1 native plugins for Editor in 0.10 ms.
Unloading 8311 Unused Serialized files (Serialized files now loaded: 0)
Unloading 232 unused Assets / (14.3 MB). Loaded Objects now: 8657.
Memory consumption went from 366.6 MB to 352.4 MB.
Total: 13.032600 ms (FindLiveObjects: 0.667400 ms CreateObjectMapping: 0.464800 ms MarkObjects: 5.842800 ms  DeleteObjects: 6.054600 ms)

AssetImportParameters requested are different than current active one (requested -> active):
  custom:container-demuxer-ogg: 62fdf1f143b41e24485cea50d1cbac27 -> 
  custom:framework-win-MediaFoundation: 216162199b28c13a410421893ffa2e32 -> 
  custom:container-muxer-webm: aa71ff27fc2769a1b78a27578f13a17b -> 
  custom:video-decoder-webm-vp8: 9c59270c3fd7afecdb556c50c9e8de78 -> 
  custom:SearchIndexIgnoredProperties: e643bd26f0fe6173181afceb89e7c659 -> 
  custom:AudioImporter_EditorPlatform: d09bf68614088b80899f8185d706f6e7 -> 
  custom:audio-decoder-ogg-vorbis: bf7c407c2cedff20999df2af8eb42d56 -> 
  custom:audio-encoder-webm-vorbis: bf7c407c2cedff20999df2af8eb42d56 -> 
  custom:video-codec-MediaFoundation-h265: 746d11721c4dcdbdad8f713fa42b33f4 -> 
  custom:video-decoder-ogg-theora: a1e56fd34408186e4bbccfd4996cb3dc -> 
  custom:CustomObjectIndexerAttribute: 72b91833f83ae208fae7752999fa3104 -> 
  custom:container-demuxer-webm: 4f35f7cbe854078d1ac9338744f61a02 -> 
  custom:video-encoder-webm-vp8: eb34c28f22e8b96e1ab97ce403110664 -> 
========================================================================
Received Import Request.
  Time since last request: 164652.394732 seconds.
  path: ProjectSettings/TagManager.asset
  artifactKey: Guid(00000000000000003000000000000000) Importer(815301076,1909f56bfc062723c751e8b465ee728b)
Start importing ProjectSettings/TagManager.asset using Guid(00000000000000003000000000000000) Importer(815301076,1909f56bfc062723c751e8b465ee728b) [PhysX] Initialized MultithreadedTaskDispatcher with 8 workers.
 -> (artifact id: '65b1f3f5b007c754eaadde86a00eb980') in 0.020013 seconds
Number of updated asset objects reloaded before import = 0
Number of asset objects unloaded after import = 0
========================================================================
Received Import Request.
  Time since last request: 61.036025 seconds.
  path: Packages/com.unity.xr.interaction.toolkit/Editor/Interaction/Interactables/XRGrabInteractableEditor.cs
  artifactKey: Guid(b5ed0696fe72b9e44b8bb74292c9b3a7) Importer(815301076,1909f56bfc062723c751e8b465ee728b)
Start importing Packages/com.unity.xr.interaction.toolkit/Editor/Interaction/Interactables/XRGrabInteractableEditor.cs using Guid(b5ed0696fe72b9e44b8bb74292c9b3a7) Importer(815301076,1909f56bfc062723c751e8b465ee728b) [PhysX] Initialized MultithreadedTaskDispatcher with 8 workers.
 -> (artifact id: 'd2ecb9e10e508cf19fc4cb9567273876') in 0.000898 seconds
Number of updated asset objects reloaded before import = 0
Number of asset objects unloaded after import = 0
========================================================================
Received Import Request.
  Time since last request: 48.216738 seconds.
  path: Packages/com.unity.render-pipelines.high-definition/Runtime/PostProcessing/Shaders/MotionBlurMergeTilePass.compute
  artifactKey: Guid(cd14ddf849edeed43b0e3ccf66023038) Importer(815301076,1909f56bfc062723c751e8b465ee728b)
Start importing Packages/com.unity.render-pipelines.high-definition/Runtime/PostProcessing/Shaders/MotionBlurMergeTilePass.compute using Guid(cd14ddf849edeed43b0e3ccf66023038) Importer(815301076,1909f56bfc062723c751e8b465ee728b) [PhysX] Initialized MultithreadedTaskDispatcher with 8 workers.
 -> (artifact id: '64c5e4ed2b9e937df209aeeb4500b402') in 0.009406 seconds
Number of updated asset objects reloaded before import = 0
Number of asset objects unloaded after import = 0
========================================================================
Received Import Request.
  Time since last request: 64.114147 seconds.
  path: Packages/com.unity.render-pipelines.core/Tests/Editor/Debugging/GetItemTests.cs
  artifactKey: Guid(910d5b0536f6ed44a8ce8618000af3db) Importer(815301076,1909f56bfc062723c751e8b465ee728b)
Start importing Packages/com.unity.render-pipelines.core/Tests/Editor/Debugging/GetItemTests.cs using Guid(910d5b0536f6ed44a8ce8618000af3db) Importer(815301076,1909f56bfc062723c751e8b465ee728b) [PhysX] Initialized MultithreadedTaskDispatcher with 8 workers.
 -> (artifact id: '88097792174d6ff5cd53445aa9d6ddf5') in 0.003049 seconds
Number of updated asset objects reloaded before import = 0
Number of asset objects unloaded after import = 0
========================================================================
Received Import Request.
  Time since last request: 100.691360 seconds.
  path: Assets/Scripts/GrabInteractable.cs
  artifactKey: Guid(8173988580dc3ed48a625cb02397727f) Importer(815301076,1909f56bfc062723c751e8b465ee728b)
Start importing Assets/Scripts/GrabInteractable.cs using Guid(8173988580dc3ed48a625cb02397727f) Importer(815301076,1909f56bfc062723c751e8b465ee728b) [PhysX] Initialized MultithreadedTaskDispatcher with 8 workers.
 -> (artifact id: '5832d6aeea8e27cd1386e752ed084af0') in 0.000910 seconds
Number of updated asset objects reloaded before import = 0
Number of asset objects unloaded after import = 0
========================================================================
Received Prepare
Caller must complete domain reload
Begin MonoManager ReloadAssembly
Symbol file data-000001911E958E60 doesn't match image C:\Users\UTCPRET\Desktop\projet-ai38\ProjetAI38\Library\ScriptAssemblies\Unity.XR.OpenXR.Features.MetaQuestSupport.Editor.dll
Symbol file LoadedFromMemory is not a mono symbol file
Symbol file data-000001911E07E010 doesn't match image C:\Users\UTCPRET\Desktop\projet-ai38\ProjetAI38\Library\ScriptAssemblies\Unity.XR.Management.dll
Symbol file LoadedFromMemory is not a mono symbol file
Symbol file data-000001911EC2D070 doesn't match image C:\Users\UTCPRET\Desktop\projet-ai38\ProjetAI38\Library\ScriptAssemblies\Unity.XR.Interaction.Toolkit.Editor.dll
Symbol file LoadedFromMemory is not a mono symbol file
Symbol file data-000001912C8B0390 doesn't match image C:\Users\UTCPRET\Desktop\projet-ai38\ProjetAI38\Library\ScriptAssemblies\Unity.RenderPipelines.Core.Runtime.dll
Symbol file LoadedFromMemory is not a mono symbol file
Symbol file data-000001911F04D380 doesn't match image C:\Users\UTCPRET\Desktop\projet-ai38\ProjetAI38\Library\ScriptAssemblies\Unity.Burst.Editor.dll
Symbol file LoadedFromMemory is not a mono symbol file
Symbol file data-000001911EDC0080 doesn't match image C:\Users\UTCPRET\Desktop\projet-ai38\ProjetAI38\Library\ScriptAssemblies\Unity.Rider.Editor.dll
Symbol file LoadedFromMemory is not a mono symbol file
Symbol file data-00000190D5555690 doesn't match image C:\Users\UTCPRET\Desktop\projet-ai38\ProjetAI38\Library\ScriptAssemblies\Unity.XR.OpenXR.Features.ConformanceAutomation.dll
Symbol file LoadedFromMemory is not a mono symbol file
Symbol file data-000001911E95D870 doesn't match image C:\Users\UTCPRET\Desktop\projet-ai38\ProjetAI38\Library\ScriptAssemblies\Unity.XR.OpenXR.Features.OculusQuestSupport.Editor.dll
Symbol file LoadedFromMemory is not a mono symbol file
Symbol file data-000001911DACB420 doesn't match image C:\Users\UTCPRET\Desktop\projet-ai38\ProjetAI38\Library\ScriptAssemblies\Unity.RenderPipelines.Universal.Config.Runtime.dll
Symbol file LoadedFromMemory is not a mono symbol file
Symbol file data-000001912C8B0390 doesn't match image C:\Users\UTCPRET\Desktop\projet-ai38\ProjetAI38\Library\ScriptAssemblies\Unity.RenderPipelines.Core.Editor.dll
Symbol file LoadedFromMemory is not a mono symbol file
Symbol file data-000001911EC2D070 doesn't match image C:\Users\UTCPRET\Desktop\projet-ai38\ProjetAI38\Library\ScriptAssemblies\UnityEditor.TestRunner.dll
Symbol file LoadedFromMemory is not a mono symbol file
Symbol file data-000001912D4BF420 doesn't match image C:\Users\UTCPRET\Desktop\projet-ai38\ProjetAI38\Library\ScriptAssemblies\Unity.VisualScripting.Flow.dll
Symbol file LoadedFromMemory is not a mono symbol file
Symbol file data-000001911EDC0080 doesn't match image C:\Users\UTCPRET\Desktop\projet-ai38\ProjetAI38\Library\ScriptAssemblies\Unity.Mathematics.Editor.dll
Symbol file LoadedFromMemory is not a mono symbol file
Symbol file data-000001911E95D870 doesn't match image C:\Users\UTCPRET\Desktop\projet-ai38\ProjetAI38\Library\ScriptAssemblies\Unity.XR.OpenXR.Features.MockRuntime.dll
Symbol file LoadedFromMemory is not a mono symbol file
Symbol file data-000001912B6A0050 doesn't match image C:\Users\UTCPRET\Desktop\projet-ai38\ProjetAI38\Library\ScriptAssemblies\Unity.XR.CoreUtils.dll
Symbol file LoadedFromMemory is not a mono symbol file
Symbol file data-000001911EDC0080 doesn't match image C:\Users\UTCPRET\Desktop\projet-ai38\ProjetAI38\Library\ScriptAssemblies\Unity.TestTools.CodeCoverage.Editor.OpenCover.Mono.Reflection.dll
Symbol file LoadedFromMemory is not a mono symbol file
Symbol file data-000001912C32E020 doesn't match image C:\Users\UTCPRET\Desktop\projet-ai38\ProjetAI38\Library\ScriptAssemblies\Unity.XR.OpenXR.dll
Symbol file LoadedFromMemory is not a mono symbol file
Symbol file data-000001911E95D870 doesn't match image C:\Users\UTCPRET\Desktop\projet-ai38\ProjetAI38\Library\ScriptAssemblies\Unity.XR.OpenXR.Features.MetaQuestSupport.dll
Symbol file LoadedFromMemory is not a mono symbol file
Symbol file data-000001912D216010 doesn't match image C:\Users\UTCPRET\Desktop\projet-ai38\ProjetAI38\Library\ScriptAssemblies\Unity.Performance.Profile-Analyzer.Editor.dll
Symbol file LoadedFromMemory is not a mono symbol file
Symbol file data-00000190D5555690 doesn't match image C:\Users\UTCPRET\Desktop\projet-ai38\ProjetAI38\Library\ScriptAssemblies\Unity.RenderPipelines.Core.ShaderLibrary.dll
Symbol file LoadedFromMemory is not a mono symbol file
Symbol file data-000001912B6A0050 doesn't match image C:\Users\UTCPRET\Desktop\projet-ai38\ProjetAI38\Library\ScriptAssemblies\Unity.TestTools.CodeCoverage.Editor.dll
Symbol file LoadedFromMemory is not a mono symbol file
Symbol file data-00000190FB403DB0 doesn't match image C:\Users\UTCPRET\Desktop\projet-ai38\ProjetAI38\Library\ScriptAssemblies\Unity.XR.Management.Editor.dll
Symbol file LoadedFromMemory is not a mono symbol file
Symbol file data-000001911E95D870 doesn't match image C:\Users\UTCPRET\Desktop\projet-ai38\ProjetAI38\Library\ScriptAssemblies\Unity.XR.Interaction.Toolkit.Samples.StarterAssets.Editor.dll
Symbol file LoadedFromMemory is not a mono symbol file
Symbol file data-00000190FBB21010 doesn't match image C:\Users\UTCPRET\Desktop\projet-ai38\ProjetAI38\Library\ScriptAssemblies\Unity.Settings.Editor.dll
Symbol file LoadedFromMemory is not a mono symbol file
Symbol file data-000001911E95D870 doesn't match image C:\Users\UTCPRET\Desktop\projet-ai38\ProjetAI38\Library\ScriptAssemblies\PPv2URPConverters.dll
Symbol file LoadedFromMemory is not a mono symbol file
Symbol file data-00000190FBB21010 doesn't match image C:\Users\UTCPRET\Desktop\projet-ai38\ProjetAI38\Library\ScriptAssemblies\Unity.XR.CoreUtils.Editor.dll
Symbol file LoadedFromMemory is not a mono symbol file
Symbol file data-000001912D216010 doesn't match image C:\Users\UTCPRET\Desktop\projet-ai38\ProjetAI38\Library\ScriptAssemblies\Unity.Tutorials.Core.Editor.dll
Symbol file LoadedFromMemory is not a mono symbol file
Symbol file data-000001912D4BF420 doesn't match image C:\Users\UTCPRET\Desktop\projet-ai38\ProjetAI38\Library\ScriptAssemblies\Unity.TextMeshPro.dll
Symbol file LoadedFromMemory is not a mono symbol file
Symbol file data-00000190FBB21010 doesn't match image C:\Users\UTCPRET\Desktop\projet-ai38\ProjetAI38\Library\ScriptAssemblies\Unity.Burst.CodeGen.dll
Symbol file LoadedFromMemory is not a mono symbol file
Symbol file data-000001911E083820 doesn't match image C:\Users\UTCPRET\Desktop\projet-ai38\ProjetAI38\Library\ScriptAssemblies\Unity.XR.OpenXR.Features.OculusQuestSupport.dll
Symbol file LoadedFromMemory is not a mono symbol file
Symbol file data-00000190FB403DB0 doesn't match image C:\Users\UTCPRET\Desktop\projet-ai38\ProjetAI38\Library\ScriptAssemblies\Unity.XR.Oculus.Editor.dll
Symbol file LoadedFromMemory is not a mono symbol file
Symbol file data-00000190FB403DB0 doesn't match image C:\Users\UTCPRET\Desktop\projet-ai38\ProjetAI38\Library\ScriptAssemblies\Unity.VSCode.Editor.dll
Symbol file LoadedFromMemory is not a mono symbol file
Symbol file data-000001911DEF8010 doesn't match image C:\Users\UTCPRET\Desktop\projet-ai38\ProjetAI38\Library\ScriptAssemblies\Unity.XR.Interaction.Toolkit.dll
Symbol file LoadedFromMemory is not a mono symbol file
Symbol file data-0000019151815C30 doesn't match image C:\Users\UTCPRET\Desktop\projet-ai38\ProjetAI38\Library\ScriptAssemblies\Unity.RenderPipelines.Universal.Editor.dll
Symbol file LoadedFromMemory is not a mono symbol file
Symbol file data-00000190FB403DB0 doesn't match image C:\Users\UTCPRET\Desktop\projet-ai38\ProjetAI38\Library\ScriptAssemblies\Unity.XR.OpenXR.Features.RuntimeDebugger.dll
Symbol file LoadedFromMemory is not a mono symbol file
Symbol file data-00000190D5555690 doesn't match image C:\Users\UTCPRET\Desktop\projet-ai38\ProjetAI38\Library\ScriptAssemblies\Unity.RenderPipelines.ShaderGraph.ShaderGraphLibrary.dll
Symbol file LoadedFromMemory is not a mono symbol file
Symbol file data-00000190FB403DB0 doesn't match image C:\Users\UTCPRET\Desktop\projet-ai38\ProjetAI38\Library\ScriptAssemblies\Unity.InternalAPIEditorBridge.007.dll
Symbol file LoadedFromMemory is not a mono symbol file
Symbol file data-00000190FBB27020 doesn't match image C:\Users\UTCPRET\Desktop\projet-ai38\ProjetAI38\Library\ScriptAssemblies\Unity.EditorCoroutines.Editor.dll
Symbol file LoadedFromMemory is not a mono symbol file
Symbol file data-00000190D5555690 doesn't match image C:\Users\UTCPRET\Desktop\projet-ai38\ProjetAI38\Library\ScriptAssemblies\Unity.InternalAPIEngineBridge.007.dll
Symbol file LoadedFromMemory is not a mono symbol file
Symbol file data-00000190FB99D010 doesn't match image C:\Users\UTCPRET\Desktop\projet-ai38\ProjetAI38\Library\ScriptAssemblies\Unity.RenderPipelines.Universal.Runtime.dll
Symbol file LoadedFromMemory is not a mono symbol file
Symbol file data-00000190FB403DB0 doesn't match image C:\Users\UTCPRET\Desktop\projet-ai38\ProjetAI38\Library\ScriptAssemblies\UnityEngine.XR.LegacyInputHelpers.dll
Symbol file LoadedFromMemory is not a mono symbol file
Symbol file data-000001912D4BF420 doesn't match image C:\Users\UTCPRET\Desktop\projet-ai38\ProjetAI38\Library\ScriptAssemblies\Unity.Burst.dll
Symbol file LoadedFromMemory is not a mono symbol file
Symbol file data-000001912B0D0020 doesn't match image C:\Users\UTCPRET\Desktop\projet-ai38\ProjetAI38\Library\ScriptAssemblies\Unity.PlasticSCM.Editor.dll
Symbol file LoadedFromMemory is not a mono symbol file
Symbol file data-00000190FB99D010 doesn't match image C:\Users\UTCPRET\Desktop\projet-ai38\ProjetAI38\Library\ScriptAssemblies\Unity.Timeline.Editor.dll
Symbol file LoadedFromMemory is not a mono symbol file
Symbol file data-00000190FBB27020 doesn't match image C:\Users\UTCPRET\Desktop\projet-ai38\ProjetAI38\Library\ScriptAssemblies\Unity.VisualScripting.Shared.Editor.dll
Symbol file LoadedFromMemory is not a mono symbol file
Symbol file data-000001912C086030 doesn't match image C:\Users\UTCPRET\Desktop\projet-ai38\ProjetAI38\Library\ScriptAssemblies\Unity.ShaderGraph.Editor.dll
Symbol file LoadedFromMemory is not a mono symbol file
Symbol file data-000001911E083820 doesn't match image C:\Users\UTCPRET\Desktop\projet-ai38\ProjetAI38\Library\ScriptAssemblies\Unity.Tutorials.Core.dll
Symbol file LoadedFromMemory is not a mono symbol file
Symbol file data-000001911E083820 doesn't match image C:\Users\UTCPRET\Desktop\projet-ai38\ProjetAI38\Library\ScriptAssemblies\Unity.CollabProxy.Editor.dll
Symbol file LoadedFromMemory is not a mono symbol file
Symbol file data-00000190FB7AFBD0 doesn't match image C:\Users\UTCPRET\Desktop\projet-ai38\ProjetAI38\Library\ScriptAssemblies\UnityEditor.SpatialTracking.dll
Symbol file LoadedFromMemory is not a mono symbol file
Symbol file data-000001912C32E020 doesn't match image C:\Users\UTCPRET\Desktop\projet-ai38\ProjetAI38\Library\ScriptAssemblies\Unity.VisualStudio.Editor.dll
Symbol file LoadedFromMemory is not a mono symbol file
Symbol file data-00000190FB403DB0 doesn't match image C:\Users\UTCPRET\Desktop\projet-ai38\ProjetAI38\Library\ScriptAssemblies\UnityEditor.UI.dll
Symbol file LoadedFromMemory is not a mono symbol file
Symbol file data-000001912C7BBE40 doesn't match image C:\Users\UTCPRET\Desktop\projet-ai38\ProjetAI38\Library\ScriptAssemblies\Unity.VisualScripting.Core.dll
Symbol file LoadedFromMemory is not a mono symbol file
Symbol file data-00000190FBB27020 doesn't match image C:\Users\UTCPRET\Desktop\projet-ai38\ProjetAI38\Library\ScriptAssemblies\UnityEngine.SpatialTracking.dll
Symbol file LoadedFromMemory is not a mono symbol file
Symbol file data-000001912A9DB010 doesn't match image C:\Users\UTCPRET\Desktop\projet-ai38\ProjetAI38\Library\ScriptAssemblies\Unity.VisualScripting.Core.Editor.dll
Symbol file LoadedFromMemory is not a mono symbol file
Symbol file data-000001912C9C2990 doesn't match image C:\Users\UTCPRET\Desktop\projet-ai38\ProjetAI38\Library\ScriptAssemblies\UnityEngine.UI.dll
Symbol file LoadedFromMemory is not a mono symbol file
Symbol file data-00000190FB40A5C0 doesn't match image C:\Users\UTCPRET\Desktop\projet-ai38\ProjetAI38\Library\ScriptAssemblies\UnityEditor.XR.LegacyInputHelpers.dll
Symbol file LoadedFromMemory is not a mono symbol file
Symbol file data-000001912D216010 doesn't match image C:\Users\UTCPRET\Desktop\projet-ai38\ProjetAI38\Library\ScriptAssemblies\Unity.VisualScripting.Flow.Editor.dll
Symbol file LoadedFromMemory is not a mono symbol file
Symbol file data-00000190FB7AFBD0 doesn't match image C:\Users\UTCPRET\Desktop\projet-ai38\ProjetAI38\Library\ScriptAssemblies\Unity.RenderPipeline.Universal.ShaderLibrary.dll
Symbol file LoadedFromMemory is not a mono symbol file
Symbol file data-00000190FB643010 doesn't match image C:\Users\UTCPRET\Desktop\projet-ai38\ProjetAI38\Library\ScriptAssemblies\Unity.Timeline.dll
Symbol file LoadedFromMemory is not a mono symbol file
Symbol file data-000001911D590890 doesn't match image C:\Users\UTCPRET\Desktop\projet-ai38\ProjetAI38\Library\ScriptAssemblies\Unity.InputSystem.dll
Symbol file LoadedFromMemory is not a mono symbol file
Symbol file data-000001911DE7E430 doesn't match image C:\Users\UTCPRET\Desktop\projet-ai38\ProjetAI38\Library\ScriptAssemblies\Unity.InputSystem.ForUI.dll
Symbol file LoadedFromMemory is not a mono symbol file
Symbol file data-00000190FBEE0010 doesn't match image C:\Users\UTCPRET\Desktop\projet-ai38\ProjetAI38\Library\ScriptAssemblies\Unity.XR.Oculus.dll
Symbol file LoadedFromMemory is not a mono symbol file
Symbol file data-00000190FB40A5C0 doesn't match image C:\Users\UTCPRET\Desktop\projet-ai38\ProjetAI38\Library\ScriptAssemblies\Unity.VisualScripting.SettingsProvider.Editor.dll
Symbol file LoadedFromMemory is not a mono symbol file
Symbol file data-00000190FBEE0010 doesn't match image C:\Users\UTCPRET\Desktop\projet-ai38\ProjetAI38\Library\ScriptAssemblies\Unity.XR.OpenXR.Editor.dll
Symbol file LoadedFromMemory is not a mono symbol file
Symbol file data-000001911EBAD6A0 doesn't match image C:\Users\UTCPRET\Desktop\projet-ai38\ProjetAI38\Library\ScriptAssemblies\Unity.TestTools.CodeCoverage.Editor.OpenCover.Model.dll
Symbol file LoadedFromMemory is not a mono symbol file
Symbol file data-000001911E934030 doesn't match image C:\Users\UTCPRET\Desktop\projet-ai38\ProjetAI38\Library\ScriptAssemblies\UnityEngine.TestRunner.dll
Symbol file LoadedFromMemory is not a mono symbol file
Symbol file data-00000190FBEE6A20 doesn't match image C:\Users\UTCPRET\Desktop\projet-ai38\ProjetAI38\Library\ScriptAssemblies\Unity.VisualScripting.State.Editor.dll
Symbol file LoadedFromMemory is not a mono symbol file
Symbol file data-00000190FB99D010 doesn't match image C:\Users\UTCPRET\Desktop\projet-ai38\ProjetAI38\Library\ScriptAssemblies\Unity.Mathematics.dll
Symbol file LoadedFromMemory is not a mono symbol file
Symbol file data-000001911DE7E430 doesn't match image C:\Users\UTCPRET\Desktop\projet-ai38\ProjetAI38\Library\ScriptAssemblies\Unity.RenderPipelines.Universal.Shaders.dll
Symbol file LoadedFromMemory is not a mono symbol file
Symbol file data-000001911E934030 doesn't match image C:\Users\UTCPRET\Desktop\projet-ai38\ProjetAI38\Library\ScriptAssemblies\Unity.TextMeshPro.Editor.dll
Symbol file LoadedFromMemory is not a mono symbol file
Symbol file data-000001912AFE8A90 doesn't match image C:\Users\UTCPRET\Desktop\projet-ai38\ProjetAI38\Library\ScriptAssemblies\Unity.Searcher.Editor.dll
Symbol file LoadedFromMemory is not a mono symbol file
Symbol file data-000001911F70FB80 doesn't match image C:\Users\UTCPRET\Desktop\projet-ai38\ProjetAI38\Library\ScriptAssemblies\Unity.XR.OpenXR.Features.RuntimeDebugger.Editor.dll
Symbol file LoadedFromMemory is not a mono symbol file
Symbol file data-000001911EC2D070 doesn't match image C:\Users\UTCPRET\Desktop\projet-ai38\ProjetAI38\Library\ScriptAssemblies\Unity.VisualScripting.State.dll
Symbol file LoadedFromMemory is not a mono symbol file
Symbol file data-000001912D221420 doesn't match image C:\Users\UTCPRET\Desktop\projet-ai38\ProjetAI38\Library\ScriptAssemblies\Unity.XR.Interaction.Toolkit.Samples.StarterAssets.dll
Symbol file LoadedFromMemory is not a mono symbol file
Symbol file data-000001911F70FB80 doesn't match image C:\Users\UTCPRET\Desktop\projet-ai38\ProjetAI38\Library\ScriptAssemblies\Unity.ShaderGraph.Utilities.dll
Symbol file LoadedFromMemory is not a mono symbol file
Symbol file data-000001911EC2D070 doesn't match image C:\Users\UTCPRET\Desktop\projet-ai38\ProjetAI38\Library\ScriptAssemblies\Unity.InputSystem.TestFramework.dll
Symbol file LoadedFromMemory is not a mono symbol file
- Loaded All Assemblies, in  1.116 seconds
Native extension for WindowsStandalone target not found
Native extension for WebGL target not found
[Package Manager] Server::EnsureServerProcessIsRunning -- launch failed, reason: Unity was launched with the -noUpm command-line argument
[Package Manager] UpmClient::Send -- Unable to send message (not connected to UPM process).
[Package Manager] Cannot connect to Unity Package Manager local server
[Package Manager] Server::EnsureServerProcessIsRunning -- launch failed, reason: Unity was launched with the -noUpm command-line argument
[Package Manager] UpmClient::Send -- Unable to send message (not connected to UPM process).
[Package Manager] Cannot connect to Unity Package Manager local server
System.NullReferenceException: Object reference not set to an instance of an object
  at UnityEngine.XR.Interaction.Toolkit.Samples.StarterAssets.RenderPipelineValidation..cctor () [0x0000a] in <a0b28ad9e5054838834bd5cdaf87bd32>:0 
UnityEngine.StackTraceUtility:ExtractStackTrace ()
UnityEngine.DebugLogHandler:LogFormat (UnityEngine.LogType,UnityEngine.Object,string,object[])
UnityEngine.Logger:Log (UnityEngine.LogType,object)
UnityEngine.Debug:LogError (object)
UnityEditor.EditorAssemblies:ProcessInitializeOnLoadAttributes (System.Type[])

System.Reflection.TargetInvocationException: Exception has been thrown by the target of an invocation. ---> System.NullReferenceException: Object reference not set to an instance of an object
  at Unity.XR.Oculus.OculusLoader.AssetPathToAbsolutePath (System.String assetPath) [0x00043] in <193f2dce100f44e996057942cfa9d13a>:0 
  at Unity.XR.Oculus.OculusLoader.EditorLoadOVRPlugin () [0x0008c] in <193f2dce100f44e996057942cfa9d13a>:0 
  at (wrapper managed-to-native) System.Reflection.RuntimeMethodInfo.InternalInvoke(System.Reflection.RuntimeMethodInfo,object,object[],System.Exception&)
  at System.Reflection.RuntimeMethodInfo.Invoke (System.Object obj, System.Reflection.BindingFlags invokeAttr, System.Reflection.Binder binder, System.Object[] parameters, System.Globalization.CultureInfo culture) [0x0006a] in <8ce0bd04a7a04b4b9395538239d3fdd8>:0 
   --- End of inner exception stack trace ---
  at System.Reflection.RuntimeMethodInfo.Invoke (System.Object obj, System.Reflection.BindingFlags invokeAttr, System.Reflection.Binder binder, System.Object[] parameters, System.Globalization.CultureInfo culture) [0x00083] in <8ce0bd04a7a04b4b9395538239d3fdd8>:0 
  at System.Reflection.MethodBase.Invoke (System.Object obj, System.Object[] parameters) [0x00000] in <8ce0bd04a7a04b4b9395538239d3fdd8>:0 
  at UnityEditor.EditorAssemblies.ProcessInitializeOnLoadMethodAttributes () [0x000a5] in <0ab653b677424c84aa7f1e3350b765bc>:0 
UnityEngine.StackTraceUtility:ExtractStackTrace ()
UnityEngine.DebugLogHandler:LogFormat (UnityEngine.LogType,UnityEngine.Object,string,object[])
UnityEngine.Logger:Log (UnityEngine.LogType,object)
UnityEngine.Debug:LogError (object)
UnityEditor.EditorAssemblies:ProcessInitializeOnLoadMethodAttributes ()

Mono: successfully reloaded assembly
[Package Manager] Server::EnsureServerProcessIsRunning -- launch failed, reason: Unity was launched with the -noUpm command-line argument
[Package Manager] UpmClient::Send -- Unable to send message (not connected to UPM process).
[Package Manager] Cannot connect to Unity Package Manager local server
- Finished resetting the current domain, in 16.907 seconds
Domain Reload Profiling: 18019ms
	BeginReloadAssembly (303ms)
		ExecutionOrderSort (0ms)
		DisableScriptedObjects (5ms)
		BackupInstance (0ms)
		ReleaseScriptingObjects (0ms)
		CreateAndSetChildDomain (88ms)
	RebuildCommonClasses (47ms)
	RebuildNativeTypeToScriptingClass (24ms)
	initialDomainReloadingComplete (56ms)
	LoadAllAssembliesAndSetupDomain (679ms)
		LoadAssemblies (671ms)
		RebuildTransferFunctionScriptingTraits (0ms)
		AnalyzeDomain (125ms)
			TypeCache.Refresh (20ms)
				TypeCache.ScanAssembly (1ms)
			ScanForSourceGeneratedMonoScriptInfo (82ms)
			ResolveRequiredComponents (19ms)
	FinalizeReload (16910ms)
		ReleaseScriptCaches (0ms)
		RebuildScriptCaches (0ms)
		SetupLoadedEditorAssemblies (2313ms)
			LogAssemblyErrors (0ms)
			InitializePlatformSupportModulesInManaged (24ms)
			SetLoadedEditorAssemblies (8ms)
			RefreshPlugins (0ms)
			BeforeProcessingInitializeOnLoad (254ms)
			ProcessInitializeOnLoadAttributes (1714ms)
			ProcessInitializeOnLoadMethodAttributes (301ms)
			AfterProcessingInitializeOnLoad (12ms)
			EditorAssembliesLoaded (1ms)
		ExecutionOrderSort2 (0ms)
		AwakeInstancesAfterBackupRestoration (81ms)
Refreshing native plugins compatible for Editor in 54.74 ms, found 12 plugins.
Preloading 1 native plugins for Editor in 0.14 ms.
Unloading 7985 Unused Serialized files (Serialized files now loaded: 0)
Unloading 222 unused Assets / (14.6 MB). Loaded Objects now: 8663.
Memory consumption went from 327.6 MB to 313.0 MB.
Total: 21.877100 ms (FindLiveObjects: 1.580000 ms CreateObjectMapping: 2.086800 ms MarkObjects: 7.327600 ms  DeleteObjects: 10.879700 ms)

Prepare: number of updated asset objects reloaded= 0
AssetImportParameters requested are different than current active one (requested -> active):
  custom:container-demuxer-ogg: 62fdf1f143b41e24485cea50d1cbac27 -> 
  custom:framework-win-MediaFoundation: 216162199b28c13a410421893ffa2e32 -> 
  custom:container-muxer-webm: aa71ff27fc2769a1b78a27578f13a17b -> 
  custom:video-decoder-webm-vp8: 9c59270c3fd7afecdb556c50c9e8de78 -> 
  custom:SearchIndexIgnoredProperties: e643bd26f0fe6173181afceb89e7c659 -> 
  custom:AudioImporter_EditorPlatform: d09bf68614088b80899f8185d706f6e7 -> 
  custom:audio-decoder-ogg-vorbis: bf7c407c2cedff20999df2af8eb42d56 -> 
  custom:audio-encoder-webm-vorbis: bf7c407c2cedff20999df2af8eb42d56 -> 
  custom:scripting/precompiled-assembly-types:Assembly-CSharp: 25f7df66518271c1cdbbde4f2f41c53a -> d09710ba470ec379559321cbb31dc46a
  custom:video-codec-MediaFoundation-h265: 746d11721c4dcdbdad8f713fa42b33f4 -> 
  custom:video-decoder-ogg-theora: a1e56fd34408186e4bbccfd4996cb3dc -> 
  custom:CustomObjectIndexerAttribute: 72b91833f83ae208fae7752999fa3104 -> 
  custom:container-demuxer-webm: 4f35f7cbe854078d1ac9338744f61a02 -> 
  custom:video-encoder-webm-vp8: eb34c28f22e8b96e1ab97ce403110664 -> 
  custom:scripting/monoscript/fileName/GrabInteractable.cs: 9b729d7fe8b6f469f04cd9e7025dd827 -> 
========================================================================
Received Import Request.
  Time since last request: 86.211868 seconds.
  path: Assets/Scripts/GrabInteractable.cs
  artifactKey: Guid(8173988580dc3ed48a625cb02397727f) Importer(815301076,1909f56bfc062723c751e8b465ee728b)
Start importing Assets/Scripts/GrabInteractable.cs using Guid(8173988580dc3ed48a625cb02397727f) Importer(815301076,1909f56bfc062723c751e8b465ee728b) [PhysX] Initialized MultithreadedTaskDispatcher with 8 workers.
 -> (artifact id: 'e9bb50e60171e6b005464481a295faff') in 0.004949 seconds
Number of updated asset objects reloaded before import = 0
Number of asset objects unloaded after import = 0
========================================================================
Received Import Request.
  Time since last request: 2219.209776 seconds.
  path: Assets/Scripts/GrabInteractable.cs
  artifactKey: Guid(8173988580dc3ed48a625cb02397727f) Importer(815301076,1909f56bfc062723c751e8b465ee728b)
Start importing Assets/Scripts/GrabInteractable.cs using Guid(8173988580dc3ed48a625cb02397727f) Importer(815301076,1909f56bfc062723c751e8b465ee728b) [PhysX] Initialized MultithreadedTaskDispatcher with 8 workers.
 -> (artifact id: 'c42ec5c3db738fa3483b35bcb5cdbb79') in 0.001945 seconds
Number of updated asset objects reloaded before import = 0
Number of asset objects unloaded after import = 0
========================================================================
Received Import Request.
  Time since last request: 2.376356 seconds.
  path: Assets/VRTemplateAssets/Prefabs/Setup/Complete XR Origin Set Up Variant.prefab
  artifactKey: Guid(77e7c27b2c5525e4aa8cc9f99d654486) Importer(815301076,1909f56bfc062723c751e8b465ee728b)
Start importing Assets/VRTemplateAssets/Prefabs/Setup/Complete XR Origin Set Up Variant.prefab using Guid(77e7c27b2c5525e4aa8cc9f99d654486) Importer(815301076,1909f56bfc062723c751e8b465ee728b) [PhysX] Initialized MultithreadedTaskDispatcher with 8 workers.
 -> (artifact id: '4768789ddb5303cd0d8d0ec5aae5d1da') in 0.000922 seconds
Number of updated asset objects reloaded before import = 0
Number of asset objects unloaded after import = 0
========================================================================
Received Import Request.
  Time since last request: 0.001712 seconds.
  path: Packages/com.unity.render-pipelines.high-definition/Editor/SceneTemplates/OutdoorsDXR/DXRSettingsProfile.asset
  artifactKey: Guid(cbe82249cb113134c8c0c91461d5f7ee) Importer(815301076,1909f56bfc062723c751e8b465ee728b)
Start importing Packages/com.unity.render-pipelines.high-definition/Editor/SceneTemplates/OutdoorsDXR/DXRSettingsProfile.asset using Guid(cbe82249cb113134c8c0c91461d5f7ee) Importer(815301076,1909f56bfc062723c751e8b465ee728b) [PhysX] Initialized MultithreadedTaskDispatcher with 8 workers.
 -> (artifact id: '1644d7e3465ee40d0a20e5f32d9497ec') in 0.026060 seconds
Number of updated asset objects reloaded before import = 0
Number of asset objects unloaded after import = 3
========================================================================
Received Import Request.
  Time since last request: 0.000066 seconds.
  path: Packages/com.unity.render-pipelines.high-definition/Editor/SceneTemplates/IndoorsDXR/IndoorsDXRSceneTemplate.scenetemplate
  artifactKey: Guid(67063b03f91480046be27a8b6efbd375) Importer(815301076,1909f56bfc062723c751e8b465ee728b)
Start importing Packages/com.unity.render-pipelines.high-definition/Editor/SceneTemplates/IndoorsDXR/IndoorsDXRSceneTemplate.scenetemplate using Guid(67063b03f91480046be27a8b6efbd375) Importer(815301076,1909f56bfc062723c751e8b465ee728b) [PhysX] Initialized MultithreadedTaskDispatcher with 8 workers.
Calls to "AssetDatabase.SaveAssets" are restricted during asset importing. 
UnityEngine.StackTraceUtility:ExtractStackTrace ()
UnityEditor.SceneTemplate.SceneTemplateAsset:UpdateDependencies ()
UnityEditor.SceneTemplate.SceneTemplateAssetInspectorWindow:UpdateSceneTemplateAsset ()
UnityEditor.SceneTemplate.SceneTemplateAssetInspectorWindow:OnEnable ()
UnityEditor.Editor:CreateEditorWithContext (UnityEngine.Object[],UnityEngine.Object,System.Type)
UnityEditor.Editor:CreateEditor (UnityEngine.Object,System.Type)
UnityEditor.Editor:CreateEditor (UnityEngine.Object)
UnityEditor.AssetPreviewUpdater:CreatePreview (UnityEngine.Object,UnityEngine.Object[],string,int,int)
UnityEditor.AssetPreviewUpdater:CreatePreviewForAsset (UnityEngine.Object,UnityEngine.Object[],string)

[C:\build\output\unity\unity\Modules\AssetDatabase\Editor\Public\AssetDatabasePreventExecution.cpp line 39]

UnityException: Calls to "AssetDatabase.SaveAssets" are restricted during asset importing. 
  at (wrapper managed-to-native) UnityEditor.AssetDatabase.SaveAssets()
  at UnityEditor.SceneTemplate.SceneTemplateAsset.UpdateDependencies () [0x00109] in <8a88ac7b628f4496aeadc39850b56fff>:0 
  at UnityEditor.SceneTemplate.SceneTemplateAssetInspectorWindow.UpdateSceneTemplateAsset () [0x00012] in <8a88ac7b628f4496aeadc39850b56fff>:0 
  at UnityEditor.SceneTemplate.SceneTemplateAssetInspectorWindow.OnEnable () [0x00011] in <8a88ac7b628f4496aeadc39850b56fff>:0 
UnityEditor.Editor:CreateEditorWithContextInternal(Object[], Object, Type)
UnityEditor.Editor:CreateEditorWithContext(Object[], Object, Type)
UnityEditor.Editor:CreateEditor(Object, Type)
UnityEditor.Editor:CreateEditor(Object)
UnityEditor.AssetPreviewUpdater:CreatePreview(Object, Object[], String, Int32, Int32)
UnityEditor.AssetPreviewUpdater:CreatePreviewForAsset(Object, Object[], String)

[PhysX] Initialized MultithreadedTaskDispatcher with 8 workers.
 -> (artifact id: '32f7aab0c68946706039b2851a5eb78d') in 0.354028 seconds
Number of updated asset objects reloaded before import = 0
Number of asset objects unloaded after import = 15
========================================================================
Received Import Request.
  Time since last request: 3.653595 seconds.
  path: Packages/com.unity.xr.interaction.toolkit/Runtime/Interaction/Controllers/XRController.cs
  artifactKey: Guid(1ae26e19cd956134bbdf3c6f65bf393a) Importer(815301076,1909f56bfc062723c751e8b465ee728b)
Start importing Packages/com.unity.xr.interaction.toolkit/Runtime/Interaction/Controllers/XRController.cs using Guid(1ae26e19cd956134bbdf3c6f65bf393a) Importer(815301076,1909f56bfc062723c751e8b465ee728b) [PhysX] Initialized MultithreadedTaskDispatcher with 8 workers.
 -> (artifact id: '8d61b375c645ac2e0c3c32d71c1afeb1') in 0.001113 seconds
Number of updated asset objects reloaded before import = 0
Number of asset objects unloaded after import = 0
========================================================================
Received Import Request.
  Time since last request: 3.176958 seconds.
  path: Packages/com.unity.xr.interaction.toolkit/Editor/Interaction/Controllers/XRControllerEditor.cs
  artifactKey: Guid(a322cbdd34ac4d04db232e5882e796cb) Importer(815301076,1909f56bfc062723c751e8b465ee728b)
Start importing Packages/com.unity.xr.interaction.toolkit/Editor/Interaction/Controllers/XRControllerEditor.cs using Guid(a322cbdd34ac4d04db232e5882e796cb) Importer(815301076,1909f56bfc062723c751e8b465ee728b) [PhysX] Initialized MultithreadedTaskDispatcher with 8 workers.
 -> (artifact id: '4228e242951cbe87ebd86b1ac8210794') in 0.000825 seconds
Number of updated asset objects reloaded before import = 0
Number of asset objects unloaded after import = 0
========================================================================
Received Prepare
Caller must complete domain reload
Begin MonoManager ReloadAssembly
Symbol file data-000001912AFB0080 doesn't match image C:\Users\UTCPRET\Desktop\projet-ai38\ProjetAI38\Library\ScriptAssemblies\Unity.RenderPipelines.Core.Runtime.dll
Symbol file LoadedFromMemory is not a mono symbol file
Symbol file data-000001911DC4A040 doesn't match image C:\Users\UTCPRET\Desktop\projet-ai38\ProjetAI38\Library\ScriptAssemblies\Unity.Burst.Editor.dll
Symbol file LoadedFromMemory is not a mono symbol file
Symbol file data-000001911F709ED0 doesn't match image C:\Users\UTCPRET\Desktop\projet-ai38\ProjetAI38\Library\ScriptAssemblies\Unity.Rider.Editor.dll
Symbol file LoadedFromMemory is not a mono symbol file
Symbol file data-000001911D63C020 doesn't match image C:\Users\UTCPRET\Desktop\projet-ai38\ProjetAI38\Library\ScriptAssemblies\Unity.RenderPipelines.Universal.Config.Runtime.dll
Symbol file LoadedFromMemory is not a mono symbol file
Symbol file data-00000190FB0D0080 doesn't match image C:\Users\UTCPRET\Desktop\projet-ai38\ProjetAI38\Library\ScriptAssemblies\Unity.RenderPipelines.Core.Editor.dll
Symbol file LoadedFromMemory is not a mono symbol file
Symbol file data-000001911D9DA010 doesn't match image C:\Users\UTCPRET\Desktop\projet-ai38\ProjetAI38\Library\ScriptAssemblies\UnityEditor.TestRunner.dll
Symbol file LoadedFromMemory is not a mono symbol file
Symbol file data-000001912AB9D020 doesn't match image C:\Users\UTCPRET\Desktop\projet-ai38\ProjetAI38\Library\ScriptAssemblies\Unity.VisualScripting.Flow.dll
Symbol file LoadedFromMemory is not a mono symbol file
Symbol file data-000001911D63C020 doesn't match image C:\Users\UTCPRET\Desktop\projet-ai38\ProjetAI38\Library\ScriptAssemblies\Unity.Mathematics.Editor.dll
Symbol file LoadedFromMemory is not a mono symbol file
Symbol file data-000001912D300010 doesn't match image C:\Users\UTCPRET\Desktop\projet-ai38\ProjetAI38\Library\ScriptAssemblies\Unity.XR.CoreUtils.dll
Symbol file LoadedFromMemory is not a mono symbol file
Symbol file data-00000190D55325F0 doesn't match image C:\Users\UTCPRET\Desktop\projet-ai38\ProjetAI38\Library\ScriptAssemblies\Unity.TestTools.CodeCoverage.Editor.OpenCover.Mono.Reflection.dll
Symbol file LoadedFromMemory is not a mono symbol file
Symbol file data-000001912AE89020 doesn't match image C:\Users\UTCPRET\Desktop\projet-ai38\ProjetAI38\Library\ScriptAssemblies\Unity.Performance.Profile-Analyzer.Editor.dll
Symbol file LoadedFromMemory is not a mono symbol file
Symbol file data-000001911D63FC30 doesn't match image C:\Users\UTCPRET\Desktop\projet-ai38\ProjetAI38\Library\ScriptAssemblies\Unity.RenderPipelines.Core.ShaderLibrary.dll
Symbol file LoadedFromMemory is not a mono symbol file
Symbol file data-000001912D300010 doesn't match image C:\Users\UTCPRET\Desktop\projet-ai38\ProjetAI38\Library\ScriptAssemblies\Unity.TestTools.CodeCoverage.Editor.dll
Symbol file LoadedFromMemory is not a mono symbol file
Symbol file data-00000190FB112E80 doesn't match image C:\Users\UTCPRET\Desktop\projet-ai38\ProjetAI38\Library\ScriptAssemblies\Unity.Settings.Editor.dll
Symbol file LoadedFromMemory is not a mono symbol file
Symbol file data-000001911D9F2C20 doesn't match image C:\Users\UTCPRET\Desktop\projet-ai38\ProjetAI38\Library\ScriptAssemblies\PPv2URPConverters.dll
Symbol file LoadedFromMemory is not a mono symbol file
Symbol file data-00000190FB82C010 doesn't match image C:\Users\UTCPRET\Desktop\projet-ai38\ProjetAI38\Library\ScriptAssemblies\Unity.XR.CoreUtils.Editor.dll
Symbol file LoadedFromMemory is not a mono symbol file
Symbol file data-000001912D216010 doesn't match image C:\Users\UTCPRET\Desktop\projet-ai38\ProjetAI38\Library\ScriptAssemblies\Unity.Tutorials.Core.Editor.dll
Symbol file LoadedFromMemory is not a mono symbol file
Symbol file data-00000190FBA10020 doesn't match image C:\Users\UTCPRET\Desktop\projet-ai38\ProjetAI38\Library\ScriptAssemblies\Unity.TextMeshPro.dll
Symbol file LoadedFromMemory is not a mono symbol file
Symbol file data-000001911E958E60 doesn't match image C:\Users\UTCPRET\Desktop\projet-ai38\ProjetAI38\Library\ScriptAssemblies\Unity.Burst.CodeGen.dll
Symbol file LoadedFromMemory is not a mono symbol file
Symbol file data-000001911E07E010 doesn't match image C:\Users\UTCPRET\Desktop\projet-ai38\ProjetAI38\Library\ScriptAssemblies\Unity.VSCode.Editor.dll
Symbol file LoadedFromMemory is not a mono symbol file
Symbol file data-000001911D63FC30 doesn't match image C:\Users\UTCPRET\Desktop\projet-ai38\ProjetAI38\Library\ScriptAssemblies\Unity.RenderPipelines.ShaderGraph.ShaderGraphLibrary.dll
Symbol file LoadedFromMemory is not a mono symbol file
Symbol file data-000001911E07E010 doesn't match image C:\Users\UTCPRET\Desktop\projet-ai38\ProjetAI38\Library\ScriptAssemblies\Unity.InternalAPIEditorBridge.007.dll
Symbol file LoadedFromMemory is not a mono symbol file
Symbol file data-000001911E07E010 doesn't match image C:\Users\UTCPRET\Desktop\projet-ai38\ProjetAI38\Library\ScriptAssemblies\Unity.EditorCoroutines.Editor.dll
Symbol file LoadedFromMemory is not a mono symbol file
Symbol file data-000001911E07E010 doesn't match image C:\Users\UTCPRET\Desktop\projet-ai38\ProjetAI38\Library\ScriptAssemblies\Unity.InternalAPIEngineBridge.007.dll
Symbol file LoadedFromMemory is not a mono symbol file
Symbol file data-00000190FB99D010 doesn't match image C:\Users\UTCPRET\Desktop\projet-ai38\ProjetAI38\Library\ScriptAssemblies\Unity.RenderPipelines.Universal.Runtime.dll
Symbol file LoadedFromMemory is not a mono symbol file
Symbol file data-000001911E07E010 doesn't match image C:\Users\UTCPRET\Desktop\projet-ai38\ProjetAI38\Library\ScriptAssemblies\UnityEngine.XR.LegacyInputHelpers.dll
Symbol file LoadedFromMemory is not a mono symbol file
Symbol file data-00000190FBA10020 doesn't match image C:\Users\UTCPRET\Desktop\projet-ai38\ProjetAI38\Library\ScriptAssemblies\Unity.Burst.dll
Symbol file LoadedFromMemory is not a mono symbol file
Symbol file data-00000190FBAB6020 doesn't match image C:\Users\UTCPRET\Desktop\projet-ai38\ProjetAI38\Library\ScriptAssemblies\Unity.PlasticSCM.Editor.dll
Symbol file LoadedFromMemory is not a mono symbol file
Symbol file data-00000190FB99D010 doesn't match image C:\Users\UTCPRET\Desktop\projet-ai38\ProjetAI38\Library\ScriptAssemblies\Unity.Timeline.Editor.dll
Symbol file LoadedFromMemory is not a mono symbol file
Symbol file data-000001911E07E010 doesn't match image C:\Users\UTCPRET\Desktop\projet-ai38\ProjetAI38\Library\ScriptAssemblies\Unity.VisualScripting.Shared.Editor.dll
Symbol file LoadedFromMemory is not a mono symbol file
Symbol file data-000001912B07A020 doesn't match image C:\Users\UTCPRET\Desktop\projet-ai38\ProjetAI38\Library\ScriptAssemblies\Unity.ShaderGraph.Editor.dll
Symbol file LoadedFromMemory is not a mono symbol file
Symbol file data-000001911E07E010 doesn't match image C:\Users\UTCPRET\Desktop\projet-ai38\ProjetAI38\Library\ScriptAssemblies\Unity.Tutorials.Core.dll
Symbol file LoadedFromMemory is not a mono symbol file
Symbol file data-000001911E07E010 doesn't match image C:\Users\UTCPRET\Desktop\projet-ai38\ProjetAI38\Library\ScriptAssemblies\Unity.CollabProxy.Editor.dll
Symbol file LoadedFromMemory is not a mono symbol file
Symbol file data-000001911E07E010 doesn't match image C:\Users\UTCPRET\Desktop\projet-ai38\ProjetAI38\Library\ScriptAssemblies\UnityEditor.SpatialTracking.dll
Symbol file LoadedFromMemory is not a mono symbol file
Symbol file data-000001912BA90020 doesn't match image C:\Users\UTCPRET\Desktop\projet-ai38\ProjetAI38\Library\ScriptAssemblies\Unity.VisualStudio.Editor.dll
Symbol file LoadedFromMemory is not a mono symbol file
Symbol file data-00000190FB7A8EC0 doesn't match image C:\Users\UTCPRET\Desktop\projet-ai38\ProjetAI38\Library\ScriptAssemblies\UnityEditor.UI.dll
Symbol file LoadedFromMemory is not a mono symbol file
Symbol file data-00000190FBAB6020 doesn't match image C:\Users\UTCPRET\Desktop\projet-ai38\ProjetAI38\Library\ScriptAssemblies\Unity.VisualScripting.Core.dll
Symbol file LoadedFromMemory is not a mono symbol file
Symbol file data-000001911E07E010 doesn't match image C:\Users\UTCPRET\Desktop\projet-ai38\ProjetAI38\Library\ScriptAssemblies\UnityEngine.SpatialTracking.dll
Symbol file LoadedFromMemory is not a mono symbol file
Symbol file data-000001912A327020 doesn't match image C:\Users\UTCPRET\Desktop\projet-ai38\ProjetAI38\Library\ScriptAssemblies\Unity.VisualScripting.Core.Editor.dll
Symbol file LoadedFromMemory is not a mono symbol file
Symbol file data-000001911DDA6020 doesn't match image C:\Users\UTCPRET\Desktop\projet-ai38\ProjetAI38\Library\ScriptAssemblies\UnityEngine.UI.dll
Symbol file LoadedFromMemory is not a mono symbol file
Symbol file data-00000190FB82C010 doesn't match image C:\Users\UTCPRET\Desktop\projet-ai38\ProjetAI38\Library\ScriptAssemblies\UnityEditor.XR.LegacyInputHelpers.dll
Symbol file LoadedFromMemory is not a mono symbol file
Symbol file data-000001912AE89020 doesn't match image C:\Users\UTCPRET\Desktop\projet-ai38\ProjetAI38\Library\ScriptAssemblies\Unity.VisualScripting.Flow.Editor.dll
Symbol file LoadedFromMemory is not a mono symbol file
Symbol file data-00000190FB82C010 doesn't match image C:\Users\UTCPRET\Desktop\projet-ai38\ProjetAI38\Library\ScriptAssemblies\Unity.RenderPipeline.Universal.ShaderLibrary.dll
Symbol file LoadedFromMemory is not a mono symbol file
Symbol file data-000001911F69B010 doesn't match image C:\Users\UTCPRET\Desktop\projet-ai38\ProjetAI38\Library\ScriptAssemblies\Unity.Timeline.dll
Symbol file LoadedFromMemory is not a mono symbol file
Symbol file data-000001911F599C50 doesn't match image C:\Users\UTCPRET\Desktop\projet-ai38\ProjetAI38\Library\ScriptAssemblies\Unity.InputSystem.dll
Symbol file LoadedFromMemory is not a mono symbol file
Symbol file data-000001911D63FC30 doesn't match image C:\Users\UTCPRET\Desktop\projet-ai38\ProjetAI38\Library\ScriptAssemblies\Unity.InputSystem.ForUI.dll
Symbol file LoadedFromMemory is not a mono symbol file
Symbol file data-000001911EF11830 doesn't match image C:\Users\UTCPRET\Desktop\projet-ai38\ProjetAI38\Library\ScriptAssemblies\Unity.VisualScripting.SettingsProvider.Editor.dll
Symbol file LoadedFromMemory is not a mono symbol file
Symbol file data-000001911EF11830 doesn't match image C:\Users\UTCPRET\Desktop\projet-ai38\ProjetAI38\Library\ScriptAssemblies\Unity.TestTools.CodeCoverage.Editor.OpenCover.Model.dll
Symbol file LoadedFromMemory is not a mono symbol file
Symbol file data-000001912CB56050 doesn't match image C:\Users\UTCPRET\Desktop\projet-ai38\ProjetAI38\Library\ScriptAssemblies\UnityEngine.TestRunner.dll
Symbol file LoadedFromMemory is not a mono symbol file
Symbol file data-000001912A6DF050 doesn't match image C:\Users\UTCPRET\Desktop\projet-ai38\ProjetAI38\Library\ScriptAssemblies\Unity.VisualScripting.State.Editor.dll
Symbol file LoadedFromMemory is not a mono symbol file
Symbol file data-000001912A327020 doesn't match image C:\Users\UTCPRET\Desktop\projet-ai38\ProjetAI38\Library\ScriptAssemblies\Unity.Mathematics.dll
Symbol file LoadedFromMemory is not a mono symbol file
Symbol file data-000001911D63FC30 doesn't match image C:\Users\UTCPRET\Desktop\projet-ai38\ProjetAI38\Library\ScriptAssemblies\Unity.RenderPipelines.Universal.Shaders.dll
Symbol file LoadedFromMemory is not a mono symbol file
Symbol file data-00000190FB643010 doesn't match image C:\Users\UTCPRET\Desktop\projet-ai38\ProjetAI38\Library\ScriptAssemblies\Unity.TextMeshPro.Editor.dll
Symbol file LoadedFromMemory is not a mono symbol file
Symbol file data-000001911DAE2010 doesn't match image C:\Users\UTCPRET\Desktop\projet-ai38\ProjetAI38\Library\ScriptAssemblies\Unity.Searcher.Editor.dll
Symbol file LoadedFromMemory is not a mono symbol file
Symbol file data-000001912CB56050 doesn't match image C:\Users\UTCPRET\Desktop\projet-ai38\ProjetAI38\Library\ScriptAssemblies\Unity.VisualScripting.State.dll
Symbol file LoadedFromMemory is not a mono symbol file
Symbol file data-000001912CB61460 doesn't match image C:\Users\UTCPRET\Desktop\projet-ai38\ProjetAI38\Library\ScriptAssemblies\Unity.ShaderGraph.Utilities.dll
Symbol file LoadedFromMemory is not a mono symbol file
Symbol file data-000001912C2E1480 doesn't match image C:\Users\UTCPRET\Desktop\projet-ai38\ProjetAI38\Library\ScriptAssemblies\Unity.InputSystem.TestFramework.dll
Symbol file LoadedFromMemory is not a mono symbol file
- Loaded All Assemblies, in  3.396 seconds
Native extension for WindowsStandalone target not found
Native extension for WebGL target not found
[Package Manager] Server::EnsureServerProcessIsRunning -- launch failed, reason: Unity was launched with the -noUpm command-line argument
[Package Manager] UpmClient::Send -- Unable to send message (not connected to UPM process).
[Package Manager] Cannot connect to Unity Package Manager local server
[Package Manager] Server::EnsureServerProcessIsRunning -- launch failed, reason: Unity was launched with the -noUpm command-line argument
[Package Manager] UpmClient::Send -- Unable to send message (not connected to UPM process).
[Package Manager] Cannot connect to Unity Package Manager local server
System.NullReferenceException: Object reference not set to an instance of an object
  at UnityEngine.XR.Interaction.Toolkit.Samples.StarterAssets.RenderPipelineValidation..cctor () [0x0000d] in C:\Users\UTCPRET\Desktop\projet-ai38\ProjetAI38\Assets\Samples\XR Interaction Toolkit\3.0.3\Starter Assets\Scripts\MaterialPipelineHandler.cs:16 
UnityEngine.StackTraceUtility:ExtractStackTrace ()
UnityEngine.DebugLogHandler:LogFormat (UnityEngine.LogType,UnityEngine.Object,string,object[])
UnityEngine.Logger:Log (UnityEngine.LogType,object)
UnityEngine.Debug:LogError (object)
UnityEditor.EditorAssemblies:ProcessInitializeOnLoadAttributes (System.Type[])

System.Reflection.TargetInvocationException: Exception has been thrown by the target of an invocation. ---> System.NullReferenceException: Object reference not set to an instance of an object
  at Unity.XR.Oculus.OculusLoader.AssetPathToAbsolutePath (System.String assetPath) [0x0003d] in .\Library\PackageCache\com.unity.xr.oculus@4.2.0\Runtime\OculusLoader.cs:298 
  at Unity.XR.Oculus.OculusLoader.EditorLoadOVRPlugin () [0x0008c] in .\Library\PackageCache\com.unity.xr.oculus@4.2.0\Runtime\OculusLoader.cs:283 
  at (wrapper managed-to-native) System.Reflection.RuntimeMethodInfo.InternalInvoke(System.Reflection.RuntimeMethodInfo,object,object[],System.Exception&)
  at System.Reflection.RuntimeMethodInfo.Invoke (System.Object obj, System.Reflection.BindingFlags invokeAttr, System.Reflection.Binder binder, System.Object[] parameters, System.Globalization.CultureInfo culture) [0x0006a] in <8ce0bd04a7a04b4b9395538239d3fdd8>:0 
   --- End of inner exception stack trace ---
  at System.Reflection.RuntimeMethodInfo.Invoke (System.Object obj, System.Reflection.BindingFlags invokeAttr, System.Reflection.Binder binder, System.Object[] parameters, System.Globalization.CultureInfo culture) [0x00083] in <8ce0bd04a7a04b4b9395538239d3fdd8>:0 
  at System.Reflection.MethodBase.Invoke (System.Object obj, System.Object[] parameters) [0x00000] in <8ce0bd04a7a04b4b9395538239d3fdd8>:0 
  at UnityEditor.EditorAssemblies.ProcessInitializeOnLoadMethodAttributes () [0x000a5] in <0ab653b677424c84aa7f1e3350b765bc>:0 
UnityEngine.StackTraceUtility:ExtractStackTrace ()
UnityEngine.DebugLogHandler:LogFormat (UnityEngine.LogType,UnityEngine.Object,string,object[])
UnityEngine.Logger:Log (UnityEngine.LogType,object)
UnityEngine.Debug:LogError (object)
UnityEditor.EditorAssemblies:ProcessInitializeOnLoadMethodAttributes ()

Mono: successfully reloaded assembly
[Package Manager] Server::EnsureServerProcessIsRunning -- launch failed, reason: Unity was launched with the -noUpm command-line argument
[Package Manager] UpmClient::Send -- Unable to send message (not connected to UPM process).
[Package Manager] Cannot connect to Unity Package Manager local server
- Finished resetting the current domain, in 10.889 seconds
Domain Reload Profiling: 14279ms
	BeginReloadAssembly (204ms)
		ExecutionOrderSort (0ms)
		DisableScriptedObjects (3ms)
		BackupInstance (0ms)
		ReleaseScriptingObjects (0ms)
		CreateAndSetChildDomain (52ms)
	RebuildCommonClasses (34ms)
	RebuildNativeTypeToScriptingClass (10ms)
	initialDomainReloadingComplete (29ms)
	LoadAllAssembliesAndSetupDomain (3112ms)
		LoadAssemblies (3085ms)
		RebuildTransferFunctionScriptingTraits (0ms)
		AnalyzeDomain (126ms)
			TypeCache.Refresh (52ms)
				TypeCache.ScanAssembly (29ms)
			ScanForSourceGeneratedMonoScriptInfo (59ms)
			ResolveRequiredComponents (13ms)
	FinalizeReload (10890ms)
		ReleaseScriptCaches (0ms)
		RebuildScriptCaches (0ms)
		SetupLoadedEditorAssemblies (1170ms)
			LogAssemblyErrors (0ms)
			InitializePlatformSupportModulesInManaged (10ms)
			SetLoadedEditorAssemblies (5ms)
			RefreshPlugins (0ms)
			BeforeProcessingInitializeOnLoad (152ms)
			ProcessInitializeOnLoadAttributes (872ms)
			ProcessInitializeOnLoadMethodAttributes (122ms)
			AfterProcessingInitializeOnLoad (9ms)
			EditorAssembliesLoaded (0ms)
		ExecutionOrderSort2 (0ms)
		AwakeInstancesAfterBackupRestoration (82ms)
Refreshing native plugins compatible for Editor in 30.90 ms, found 12 plugins.
Preloading 1 native plugins for Editor in 0.10 ms.
Unloading 7985 Unused Serialized files (Serialized files now loaded: 0)
Unloading 222 unused Assets / (14.4 MB). Loaded Objects now: 8671.
Memory consumption went from 331.6 MB to 317.2 MB.
Total: 16.823700 ms (FindLiveObjects: 0.816200 ms CreateObjectMapping: 0.417700 ms MarkObjects: 6.505200 ms  DeleteObjects: 9.081100 ms)

Prepare: number of updated asset objects reloaded= 12
AssetImportParameters requested are different than current active one (requested -> active):
  custom:container-demuxer-ogg: 62fdf1f143b41e24485cea50d1cbac27 -> 
  custom:scripting/monoscript/fileName/XRLoaderInfo.cs: 818894a2d66a1c67db7c4797664322f2 -> 86fa513bfc04d58509db292069910bf2
  custom:framework-win-MediaFoundation: 216162199b28c13a410421893ffa2e32 -> 
  custom:scripting/monoscript/fileName/XRSettingsManager.cs: 43c3d777d0c8ebd09beeda0c7fff1e95 -> 701988ef3c16e84d3bc781477493ab34
  custom:scripting/monoscript/fileName/XRGeneralBuildProcessor.cs: 0efaf30eeb6ecccfafe5b7912a15e1e1 -> d52e14652f14fd6e56a66a859653fea9
  custom:scripting/monoscript/fileName/XRGeneralSettings.cs: d08d3d9bd0dc40127f8f3154525c3cb3 -> 01e68fef49e5cbf622bb7b4ffc622d89
  custom:scripting/monoscript/fileName/XRManagerEditor.cs: 7d85fed4b8ad462e9dbb09e8d2f0aac4 -> 6847a9ea85cd2d801d895b625e9590ff
  custom:scripting/monoscript/fileName/ManifestElement.cs: e66d1acaa2995bff2851f10ea3cd7296 -> c30b57498d373b7476c4d7dfdaee189c
  custom:scripting/monoscript/fileName/XRConfigurationData.cs: 713f6b36380d0712ad8a9b08f19954ed -> 2cf07b13d54bfee2898ed6dc38612fbb
  custom:scripting/monoscript/fileName/XRLegacyUninstaller.cs: 5eab1913f4344c5c616ea18e03ba346f -> b85851af39f83959c5c298effbf32139
  custom:scripting/monoscript/fileName/XRCustomLoaderUIManager.cs: 177a81916dab61baa07e1ecf7d381d35 -> 4be5a8f671a1d808dd1496961b79b86b
  custom:container-muxer-webm: aa71ff27fc2769a1b78a27578f13a17b -> 
  custom:video-decoder-webm-vp8: 9c59270c3fd7afecdb556c50c9e8de78 -> 
  custom:SearchIndexIgnoredProperties: e643bd26f0fe6173181afceb89e7c659 -> 
  custom:AudioImporter_EditorPlatform: d09bf68614088b80899f8185d706f6e7 -> 
  custom:scripting/monoscript/fileName/AndroidManifestProcessor.cs: 7d2fa412ede7b0804737b410f6dcc6b5 -> d8dd4961c18e43fcd707eb950405363a
  custom:scripting/monoscript/fileName/AndroidManifestBuildEventReceiver.cs: ff26efb13f2d08f48a2b114836506036 -> 641c0bff5eb90d0569a809ea302132ee
  custom:audio-decoder-ogg-vorbis: bf7c407c2cedff20999df2af8eb42d56 -> 
  custom:scripting/monoscript/fileName/IAndroidManifestRequirementProvider.cs: 4326cc96ab66e5fef3e5446bce878400 -> 42bf6f4b06629c812bd73f8ff461fec4
  custom:scripting/monoscript/fileName/EditorUtilities.cs: 01864f070e14f3584960ef5627cf9e55 -> 219d482e32bf0c01357e773617418955
  custom:scripting/monoscript/fileName/XRPackageInitialization.cs: 4687a00f1392b5bb00ca59be52d7c900 -> 1f095dd277a284b59543541a608de1da
  custom:scripting/monoscript/fileName/XRConstants.cs: 1730138bf046fc0a6b2954c86c6d0041 -> 1558884a4b0ea94b4910dd640a0e6741
  custom:audio-encoder-webm-vorbis: bf7c407c2cedff20999df2af8eb42d56 -> 
  custom:scripting/monoscript/fileName/XRPackageInitializationSettings.cs: 8fd1fa271763012401d1991ada19c70e -> 2f743437d3b09c9a4a5a33e9be971b1a
  custom:scripting/precompiled-assembly-types:Assembly-CSharp: 25f7df66518271c1cdbbde4f2f41c53a -> d09710ba470ec379559321cbb31dc46a
  custom:video-codec-MediaFoundation-h265: 746d11721c4dcdbdad8f713fa42b33f4 -> 
  custom:scripting/precompiled-assembly-types:Unity.XR.Management.Editor: 57976a817f1286614f467afed0dd856e -> fe28088511f2b9a408ee32089af33792
  custom:video-decoder-ogg-theora: a1e56fd34408186e4bbccfd4996cb3dc -> 
  custom:scripting/monoscript/fileName/XRGeneralSettingsPerBuildTarget.cs: 16ff37e57a568e497be4f0712a9a33c4 -> 6970e5bff368910038049eb1434facbf
  custom:scripting/monoscript/fileName/IXRLoaderPreInit.cs: 60a65812967a6a994d323fb4a3bc40d7 -> 4dbca4fbe4a89e2a18943694f414e3a9
  custom:scripting/monoscript/fileName/XRBuildProcessorHelper.cs: 8f6297df34271fdb1ce2d9607ec6261d -> 90647cc400823b41df847a6cbfc29026
  custom:scripting/monoscript/fileName/TypeLoaderExtensions.cs: 3d9383ab701f2e57f1a038529027b2d7 -> ee5d3b5e5d81c98c5d3594e8b9153df0
  custom:CustomObjectIndexerAttribute: 72b91833f83ae208fae7752999fa3104 -> 
  custom:scripting/monoscript/fileName/XRConfigurationProvider.cs: b6037a01878f8a392f51d1eb57a74c21 -> fa91ddd62be7b4c45bfd03890af30249
  custom:scripting/monoscript/fileName/XREditorWorkQueue.cs: dab5497c8483e158d471edc9c890b6df -> 8e928039a032f154dc8a86537aaac69a
  custom:scripting/monoscript/fileName/ManifestRequirement.cs: 55446fc1aea792d5bd58cd53891bbf28 -> d0237042ed94ccc3267a409cde8490a6
  custom:container-demuxer-webm: 4f35f7cbe854078d1ac9338744f61a02 -> 
  custom:scripting/monoscript/fileName/PackageNotificationUtils.cs: b122d810307522aba068b1ac06f7cf0f -> e493f521fc1755dec19875ae28a4f621
  custom:scripting/monoscript/fileName/XRPackageMetadataStore.cs: d9d78f910195bd2f088340a24a66c769 -> e06e5e9ffca9529e9db63900dd9caf32
  custom:scripting/monoscript/fileName/XRLoaderInfoManager.cs: 372bb785917be4037ad09602c4baf05a -> 28efaa63edac30b89ccc35ca2bf149fa
  custom:scripting/monoscript/fileName/XRManagerSettings.cs: 2ba91bbcf8d586faaa2b8e5422b0984f -> 39a1227fa3c478af29a735ec246b6baf
  custom:scripting/monoscript/fileName/XRGeneralSettingsUpgrade.cs: 98c0aaec402c0674f97631d2b5f2a00f -> cc8d2e81204b3fd0e662cd38ef4a2d49
  custom:scripting/monoscript/fileName/XRCustomLoaderUI.cs: 68887eacb86f7c8c452f082dde8bf048 -> a1b6225426bb5004db8b9d7388fe5771
  custom:scripting/monoscript/fileName/XRLoaderHelper.cs: e785a36687843ea6d40b3bb49d46a2ce -> ae85c4c4a11fcc1ed3393963333e400c
  custom:scripting/monoscript/fileName/XRLoader.cs: 8f1bb337f7721c83af550d3df06246de -> d82cec0b87bab7dffe74fb3651887ce3
  custom:scripting/monoscript/fileName/XRSupportedBuildTargetAttribute.cs: d075f5cdbd7f3fba5045a0f25f0a7974 -> f87a91ba911f6030453bea8d921b45d2
  custom:scripting/monoscript/fileName/BuildHelpers.cs: 60689066956cb69bbd1112f8f936b371 -> 52ee9552b5cbbfe4eb60d480e36ffff5
  custom:scripting/monoscript/fileName/XRLoaderOrderUI.cs: 65b20182e989272b7e0439cd47eae80e -> 7bb0491ac9109774b097f2da80cd0c03
  custom:video-encoder-webm-vp8: eb34c28f22e8b96e1ab97ce403110664 -> 
  custom:scripting/monoscript/fileName/GrabInteractable.cs: 9b729d7fe8b6f469f04cd9e7025dd827 -> 
  custom:scripting/monoscript/fileName/KnownPackages.cs: 2411540a6b80bde165035b9ffbb722ba -> 5131bbb130bb4652742f626552744ac4
  custom:scripting/monoscript/fileName/XRManagementAnalytics.cs: bf117eef22dee001b4c5f21604af7845 -> 546181baf4c03dbbd57015a6731508f8
  custom:scripting/monoscript/fileName/XRPackage.cs: a7ee512db104827eeeec71c027c7f720 -> f2edbbf87f9b798abaf2a9f285d155f5
  custom:scripting/monoscript/fileName/AndroidManifestDocument.cs: 2f13ecbd7e29d26d02f780cb4fbd0a55 -> 47b2d5387fe80e2b28f68297243f4883
  custom:scripting/monoscript/fileName/XRPackageMetadata.cs: 4f8a12748efcdfd2878565fdb174a717 -> 16731333f575d8bc31df496aced36ebf
========================================================================
Received Import Request.
  Time since last request: 526.751058 seconds.
  path: Assets/Scripts/GrabInteractable.cs
  artifactKey: Guid(8173988580dc3ed48a625cb02397727f) Importer(815301076,1909f56bfc062723c751e8b465ee728b)
Start importing Assets/Scripts/GrabInteractable.cs using Guid(8173988580dc3ed48a625cb02397727f) Importer(815301076,1909f56bfc062723c751e8b465ee728b) [PhysX] Initialized MultithreadedTaskDispatcher with 8 workers.
 -> (artifact id: '347350e3de25b94499cfb08cbb2e2afe') in 0.003457 seconds
Number of updated asset objects reloaded before import = 0
Number of asset objects unloaded after import = 0
